#
# There is insufficient memory for the Java Runtime Environment to continue.
# Native memory allocation (malloc) failed to allocate 32744 bytes for ChunkPool::allocate
# Possible reasons:
#   The system is out of physical RAM or swap space
#   In 32 bit mode, the process size limit was hit
# Possible solutions:
#   Reduce memory load on the system
#   Increase physical memory or swap space
#   Check if swap backing store is full
#   Use 64 bit Java on a 64 bit OS
#   Decrease Java heap size (-Xmx/-Xms)
#   Decrease number of Java threads
#   Decrease Java thread stack sizes (-Xss)
#   Set larger code cache with -XX:ReservedCodeCacheSize=
# This output file may be truncated or incomplete.
#
#  Out of Memory Error (allocation.cpp:273), pid=42916, tid=0x00000000000005b8
#
# JRE version: Java(TM) SE Runtime Environment (8.0_151-b12) (build 1.8.0_151-b12)
# Java VM: Java HotSpot(TM) 64-Bit Server VM (25.151-b12 mixed mode windows-amd64 compressed oops)
# Failed to write core dump. Minidumps are not enabled by default on client versions of Windows
#

---------------  T H R E A D  ---------------

Current thread (0x0000000018e78000):  VMThread [stack: 0x0000000019f20000,0x000000001a020000] [id=1464]

Stack: [0x0000000019f20000,0x000000001a020000]
[error occurred during error reporting (printing stack bounds), id 0xc0000005]

Native frames: (J=compiled Java code, j=interpreted, Vv=VM code, C=native code)

VM_Operation (0x0000000035dbee60): BulkRevokeBias, mode: safepoint, requested by thread 0x000000001ac19000


---------------  P R O C E S S  ---------------

Java Threads: ( => current thread )
  0x000000001ac12800 JavaThread "Exec Stream Pumper" daemon [_thread_blocked, id=16668, stack(0x0000000035dc0000,0x0000000035ec0000)]
  0x000000001ac19000 JavaThread "Exec Stream Pumper" daemon [_thread_blocked, id=54804, stack(0x0000000035cc0000,0x0000000035dc0000)]
  0x000000001ac18800 JavaThread "Exec Default Executor" daemon [_thread_in_native, id=54932, stack(0x0000000035bc0000,0x0000000035cc0000)]
  0x000000001ac17800 JavaThread "Exec Stream Pumper" daemon [_thread_in_native, id=38332, stack(0x0000000035ac0000,0x0000000035bc0000)]
  0x000000001ac17000 JavaThread "Exec Stream Pumper" daemon [_thread_in_native, id=47352, stack(0x00000000359c0000,0x0000000035ac0000)]
  0x000000001ac14000 JavaThread "Exec Default Executor" daemon [_thread_in_native, id=7328, stack(0x00000000358c0000,0x00000000359c0000)]
  0x000000001ac14800 JavaThread "Exec Stream Pumper" daemon [_thread_in_native, id=756, stack(0x0000000033800000,0x0000000033900000)]
  0x000000001ac11800 JavaThread "Exec Stream Pumper" daemon [_thread_in_native, id=47696, stack(0x0000000033700000,0x0000000033800000)]
  0x000000001ac0f800 JavaThread "Exec Default Executor" daemon [_thread_in_native, id=860, stack(0x0000000033600000,0x0000000033700000)]
  0x000000001ac11000 JavaThread "Exec Stream Pumper" daemon [_thread_in_native, id=49784, stack(0x0000000033500000,0x0000000033600000)]
  0x000000001ac15800 JavaThread "Exec Stream Pumper" daemon [_thread_in_native, id=40680, stack(0x0000000033400000,0x0000000033500000)]
  0x000000001ac16000 JavaThread "Exec Default Executor" daemon [_thread_in_native, id=42248, stack(0x0000000033300000,0x0000000033400000)]
  0x000000001ac13000 JavaThread "Exec Stream Pumper" daemon [_thread_in_native, id=47340, stack(0x0000000033200000,0x0000000033300000)]
  0x000000001ac10000 JavaThread "Exec Stream Pumper" daemon [_thread_in_native, id=54492, stack(0x0000000033100000,0x0000000033200000)]
  0x000000001daea000 JavaThread "Exec Default Executor" daemon [_thread_in_native, id=47180, stack(0x0000000033000000,0x0000000033100000)]
  0x000000001dae9000 JavaThread "Exec Stream Pumper" daemon [_thread_in_native, id=5200, stack(0x0000000032f00000,0x0000000033000000)]
  0x000000001daef000 JavaThread "Exec Stream Pumper" daemon [_thread_in_native, id=44060, stack(0x0000000032e00000,0x0000000032f00000)]
  0x000000001dae7800 JavaThread "Exec Default Executor" daemon [_thread_in_native, id=38996, stack(0x0000000032d00000,0x0000000032e00000)]
  0x000000001daee800 JavaThread "Exec Stream Pumper" daemon [_thread_in_native, id=14816, stack(0x0000000032c00000,0x0000000032d00000)]
  0x000000001daed800 JavaThread "Exec Stream Pumper" daemon [_thread_in_native, id=53824, stack(0x0000000032b00000,0x0000000032c00000)]
  0x000000001daed000 JavaThread "Exec Default Executor" daemon [_thread_in_native, id=36924, stack(0x0000000032a00000,0x0000000032b00000)]
  0x000000001daea800 JavaThread "Exec Stream Pumper" daemon [_thread_in_native, id=28596, stack(0x0000000032900000,0x0000000032a00000)]
  0x000000001dae5800 JavaThread "Exec Stream Pumper" daemon [_thread_in_native, id=46732, stack(0x0000000032800000,0x0000000032900000)]
  0x000000001daec000 JavaThread "Exec Default Executor" daemon [_thread_in_native, id=15228, stack(0x0000000032700000,0x0000000032800000)]
  0x000000001daeb800 JavaThread "Exec Stream Pumper" daemon [_thread_in_native, id=27932, stack(0x0000000032600000,0x0000000032700000)]
  0x000000001dae8800 JavaThread "Exec Stream Pumper" daemon [_thread_in_native, id=32032, stack(0x0000000032500000,0x0000000032600000)]
  0x000000001dae0000 JavaThread "Exec Default Executor" daemon [_thread_in_native, id=36412, stack(0x0000000032400000,0x0000000032500000)]
  0x000000001dae7000 JavaThread "Exec Stream Pumper" daemon [_thread_in_native, id=47848, stack(0x0000000032300000,0x0000000032400000)]
  0x000000001dadf800 JavaThread "Exec Stream Pumper" daemon [_thread_in_native, id=37716, stack(0x0000000032200000,0x0000000032300000)]
  0x000000001dae6000 JavaThread "Exec Default Executor" daemon [_thread_in_native, id=20036, stack(0x0000000032100000,0x0000000032200000)]
  0x000000001dade000 JavaThread "Exec Stream Pumper" daemon [_thread_in_native, id=46368, stack(0x0000000031f00000,0x0000000032000000)]
  0x000000001dae4000 JavaThread "Exec Stream Pumper" daemon [_thread_in_native, id=53656, stack(0x0000000031e00000,0x0000000031f00000)]
  0x000000001dade800 JavaThread "Exec Default Executor" daemon [_thread_in_native, id=49036, stack(0x0000000031d00000,0x0000000031e00000)]
  0x000000001dae1800 JavaThread "Exec Stream Pumper" daemon [_thread_in_native, id=52940, stack(0x0000000031c00000,0x0000000031d00000)]
  0x000000001dae4800 JavaThread "Exec Stream Pumper" daemon [_thread_in_native, id=6620, stack(0x0000000031b00000,0x0000000031c00000)]
  0x000000001dadc800 JavaThread "Exec Default Executor" daemon [_thread_in_native, id=48016, stack(0x0000000031a00000,0x0000000031b00000)]
  0x000000001dae2800 JavaThread "Exec Stream Pumper" daemon [_thread_in_native, id=49068, stack(0x0000000031900000,0x0000000031a00000)]
  0x000000001dae1000 JavaThread "Exec Stream Pumper" daemon [_thread_in_native, id=42008, stack(0x0000000031800000,0x0000000031900000)]
  0x000000001dae3000 JavaThread "Exec Default Executor" daemon [_thread_in_native, id=51840, stack(0x0000000031700000,0x0000000031800000)]
  0x000000001dadd000 JavaThread "Exec Stream Pumper" daemon [_thread_in_native, id=16592, stack(0x0000000031600000,0x0000000031700000)]
  0x000000001dad5800 JavaThread "Exec Stream Pumper" daemon [_thread_in_native, id=20352, stack(0x0000000031500000,0x0000000031600000)]
  0x000000001dadb800 JavaThread "Exec Default Executor" daemon [_thread_in_native, id=18472, stack(0x0000000031400000,0x0000000031500000)]
  0x000000001dadb000 JavaThread "Exec Stream Pumper" daemon [_thread_in_native, id=45360, stack(0x0000000031300000,0x0000000031400000)]
  0x000000001dada000 JavaThread "Exec Stream Pumper" daemon [_thread_in_native, id=51252, stack(0x0000000031200000,0x0000000031300000)]
  0x000000001dad5000 JavaThread "Exec Default Executor" daemon [_thread_in_native, id=4580, stack(0x0000000031100000,0x0000000031200000)]
  0x000000001dad9800 JavaThread "Exec Stream Pumper" daemon [_thread_in_native, id=38652, stack(0x0000000031000000,0x0000000031100000)]
  0x000000001dad8800 JavaThread "Exec Stream Pumper" daemon [_thread_in_native, id=48812, stack(0x0000000030f00000,0x0000000031000000)]
  0x000000001dad8000 JavaThread "Exec Default Executor" daemon [_thread_in_native, id=21840, stack(0x0000000030e00000,0x0000000030f00000)]
  0x000000001dad0800 JavaThread "Exec Stream Pumper" daemon [_thread_in_native, id=30172, stack(0x0000000030d00000,0x0000000030e00000)]
  0x000000001dad1000 JavaThread "Exec Stream Pumper" daemon [_thread_in_native, id=41692, stack(0x0000000030c00000,0x0000000030d00000)]
  0x000000001dad4000 JavaThread "Exec Default Executor" daemon [_thread_in_native, id=55188, stack(0x0000000030b00000,0x0000000030c00000)]
  0x000000001dad2800 JavaThread "Exec Stream Pumper" daemon [_thread_in_native, id=11012, stack(0x0000000030a00000,0x0000000030b00000)]
  0x000000001dad3800 JavaThread "Exec Stream Pumper" daemon [_thread_in_native, id=5012, stack(0x0000000030900000,0x0000000030a00000)]
  0x000000001dad7000 JavaThread "Exec Default Executor" daemon [_thread_in_native, id=22652, stack(0x0000000030800000,0x0000000030900000)]
  0x000000001dad6800 JavaThread "Exec Stream Pumper" daemon [_thread_in_native, id=5088, stack(0x0000000030700000,0x0000000030800000)]
  0x000000001dad2000 JavaThread "Exec Stream Pumper" daemon [_thread_in_native, id=44852, stack(0x0000000030600000,0x0000000030700000)]
  0x000000001b4fa800 JavaThread "Exec Default Executor" daemon [_thread_in_native, id=52928, stack(0x0000000030500000,0x0000000030600000)]
  0x000000001b501000 JavaThread "Exec Stream Pumper" daemon [_thread_in_native, id=23888, stack(0x0000000030400000,0x0000000030500000)]
  0x000000001b4f9800 JavaThread "Exec Stream Pumper" daemon [_thread_in_native, id=18392, stack(0x0000000030300000,0x0000000030400000)]
  0x000000001b4ff800 JavaThread "Exec Default Executor" daemon [_thread_in_native, id=18532, stack(0x0000000030200000,0x0000000030300000)]
  0x000000001b4fc800 JavaThread "Exec Stream Pumper" daemon [_thread_in_native, id=46648, stack(0x0000000030100000,0x0000000030200000)]
  0x000000001b4ff000 JavaThread "Exec Stream Pumper" daemon [_thread_in_native, id=37128, stack(0x0000000030000000,0x0000000030100000)]
  0x000000001b4fc000 JavaThread "Exec Default Executor" daemon [_thread_in_native, id=50956, stack(0x000000002ff00000,0x0000000030000000)]
  0x000000001b4fe000 JavaThread "Exec Stream Pumper" daemon [_thread_in_native, id=53780, stack(0x000000002fe00000,0x000000002ff00000)]
  0x000000001b4fb000 JavaThread "Exec Stream Pumper" daemon [_thread_in_native, id=35540, stack(0x000000002fd00000,0x000000002fe00000)]
  0x000000001b500800 JavaThread "Exec Default Executor" daemon [_thread_in_native, id=17588, stack(0x000000002fc00000,0x000000002fd00000)]
  0x000000001b4fd800 JavaThread "Exec Stream Pumper" daemon [_thread_in_native, id=34484, stack(0x000000002fb00000,0x000000002fc00000)]
  0x000000001b4f2000 JavaThread "Exec Stream Pumper" daemon [_thread_in_native, id=53856, stack(0x000000002fa00000,0x000000002fb00000)]
  0x000000001b4f9000 JavaThread "Exec Default Executor" daemon [_thread_in_native, id=41784, stack(0x000000002f900000,0x000000002fa00000)]
  0x000000001b4f3800 JavaThread "Exec Stream Pumper" daemon [_thread_in_native, id=26864, stack(0x000000002f800000,0x000000002f900000)]
  0x000000001b4f8000 JavaThread "Exec Stream Pumper" daemon [_thread_in_native, id=53980, stack(0x000000002f700000,0x000000002f800000)]
  0x000000001b4f7800 JavaThread "Exec Default Executor" daemon [_thread_in_native, id=6652, stack(0x000000002f600000,0x000000002f700000)]
  0x000000001b4f6800 JavaThread "Exec Stream Pumper" daemon [_thread_in_native, id=24716, stack(0x000000002f500000,0x000000002f600000)]
  0x000000001b4f6000 JavaThread "Exec Stream Pumper" daemon [_thread_in_native, id=46840, stack(0x000000002f400000,0x000000002f500000)]
  0x000000001b4f5000 JavaThread "Exec Default Executor" daemon [_thread_in_native, id=31692, stack(0x000000002f300000,0x000000002f400000)]
  0x000000001b4ed800 JavaThread "Exec Stream Pumper" daemon [_thread_in_native, id=25196, stack(0x000000002f200000,0x000000002f300000)]
  0x000000001b4f3000 JavaThread "Exec Stream Pumper" daemon [_thread_in_native, id=32300, stack(0x000000002f100000,0x000000002f200000)]
  0x000000001b4f4800 JavaThread "Exec Default Executor" daemon [_thread_in_native, id=6960, stack(0x000000002f000000,0x000000002f100000)]
  0x000000001b4f0000 JavaThread "Exec Stream Pumper" daemon [_thread_in_native, id=48688, stack(0x000000002ef00000,0x000000002f000000)]
  0x000000001b4ed000 JavaThread "Exec Stream Pumper" daemon [_thread_in_native, id=20284, stack(0x000000002ee00000,0x000000002ef00000)]
  0x000000001b4eb800 JavaThread "Exec Default Executor" daemon [_thread_in_native, id=15500, stack(0x000000002ed00000,0x000000002ee00000)]
  0x000000001b4ef000 JavaThread "Exec Stream Pumper" daemon [_thread_in_native, id=17092, stack(0x000000002ec00000,0x000000002ed00000)]
  0x000000001b4f1800 JavaThread "Exec Stream Pumper" daemon [_thread_in_native, id=10760, stack(0x000000002eb00000,0x000000002ec00000)]
  0x000000001b4ea000 JavaThread "Exec Default Executor" daemon [_thread_in_native, id=23696, stack(0x000000002ea00000,0x000000002eb00000)]
  0x000000001b4ee800 JavaThread "Exec Stream Pumper" daemon [_thread_in_native, id=51976, stack(0x000000002e900000,0x000000002ea00000)]
  0x000000001b4ea800 JavaThread "Exec Stream Pumper" daemon [_thread_in_native, id=44084, stack(0x000000002e800000,0x000000002e900000)]
  0x000000001b4f0800 JavaThread "Exec Default Executor" daemon [_thread_in_native, id=25092, stack(0x000000002e700000,0x000000002e800000)]
  0x000000001b4ec000 JavaThread "Exec Stream Pumper" daemon [_thread_in_native, id=18580, stack(0x000000002e600000,0x000000002e700000)]
  0x000000001b4e2800 JavaThread "Exec Stream Pumper" daemon [_thread_in_native, id=3324, stack(0x000000002e500000,0x000000002e600000)]
  0x000000001b4e3000 JavaThread "Exec Default Executor" daemon [_thread_in_native, id=50416, stack(0x000000002e000000,0x000000002e100000)]
  0x000000001b4e9000 JavaThread "Exec Stream Pumper" daemon [_thread_in_native, id=2780, stack(0x000000002df00000,0x000000002e000000)]
  0x000000001b4e8800 JavaThread "Exec Stream Pumper" daemon [_thread_in_native, id=32572, stack(0x000000002de00000,0x000000002df00000)]
  0x000000001b4e4800 JavaThread "Exec Default Executor" daemon [_thread_in_native, id=48984, stack(0x000000002dad0000,0x000000002dbd0000)]
  0x000000001b4e6000 JavaThread "Exec Stream Pumper" daemon [_thread_in_native, id=50180, stack(0x000000002d9d0000,0x000000002dad0000)]
  0x000000001b4e7800 JavaThread "Exec Stream Pumper" daemon [_thread_in_native, id=47444, stack(0x000000002d8d0000,0x000000002d9d0000)]
  0x000000001b4e5800 JavaThread "Exec Default Executor" daemon [_thread_in_native, id=50828, stack(0x000000002d7d0000,0x000000002d8d0000)]
  0x000000001b4e4000 JavaThread "Exec Stream Pumper" daemon [_thread_in_native, id=38104, stack(0x000000002d6d0000,0x000000002d7d0000)]
  0x000000001b4e7000 JavaThread "Exec Stream Pumper" daemon [_thread_in_native, id=11540, stack(0x000000002d5d0000,0x000000002d6d0000)]
  0x000000001b453000 JavaThread "Exec Default Executor" daemon [_thread_in_native, id=22932, stack(0x000000002d4d0000,0x000000002d5d0000)]
  0x000000001b451800 JavaThread "Exec Stream Pumper" daemon [_thread_in_native, id=2664, stack(0x000000002d3d0000,0x000000002d4d0000)]
  0x000000001b452800 JavaThread "Exec Stream Pumper" daemon [_thread_in_native, id=52988, stack(0x000000002d2d0000,0x000000002d3d0000)]
  0x000000001b44a000 JavaThread "Exec Default Executor" daemon [_thread_in_native, id=22864, stack(0x000000002d1d0000,0x000000002d2d0000)]
  0x000000001b44b000 JavaThread "Exec Stream Pumper" daemon [_thread_in_native, id=34944, stack(0x000000002d0d0000,0x000000002d1d0000)]
  0x000000001b451000 JavaThread "Exec Stream Pumper" daemon [_thread_in_native, id=16388, stack(0x000000002cfd0000,0x000000002d0d0000)]
  0x000000001b44f800 JavaThread "Exec Default Executor" daemon [_thread_in_native, id=4312, stack(0x000000002ced0000,0x000000002cfd0000)]
  0x000000001b44e800 JavaThread "Exec Stream Pumper" daemon [_thread_in_native, id=51716, stack(0x000000002cdd0000,0x000000002ced0000)]
  0x000000001b450000 JavaThread "Exec Stream Pumper" daemon [_thread_in_native, id=17524, stack(0x000000002ccd0000,0x000000002cdd0000)]
  0x000000001b44e000 JavaThread "Exec Default Executor" daemon [_thread_in_native, id=34092, stack(0x000000002cbd0000,0x000000002ccd0000)]
  0x000000001b446800 JavaThread "Exec Stream Pumper" daemon [_thread_in_native, id=48444, stack(0x000000002cad0000,0x000000002cbd0000)]
  0x000000001b449800 JavaThread "Exec Stream Pumper" daemon [_thread_in_native, id=36724, stack(0x000000002c9d0000,0x000000002cad0000)]
  0x000000001b44b800 JavaThread "Exec Default Executor" daemon [_thread_in_native, id=48116, stack(0x000000002c8d0000,0x000000002c9d0000)]
  0x000000001b448800 JavaThread "Exec Stream Pumper" daemon [_thread_in_native, id=45848, stack(0x000000002c7d0000,0x000000002c8d0000)]
  0x000000001b44d000 JavaThread "Exec Stream Pumper" daemon [_thread_in_native, id=19876, stack(0x000000002c6d0000,0x000000002c7d0000)]
  0x000000001b44c800 JavaThread "Exec Default Executor" daemon [_thread_in_native, id=46884, stack(0x000000002c5d0000,0x000000002c6d0000)]
  0x000000001b441000 JavaThread "Exec Stream Pumper" daemon [_thread_in_native, id=14600, stack(0x000000002c4d0000,0x000000002c5d0000)]
  0x000000001b448000 JavaThread "Exec Stream Pumper" daemon [_thread_in_native, id=44260, stack(0x000000002c3d0000,0x000000002c4d0000)]
  0x000000001b447000 JavaThread "Exec Default Executor" daemon [_thread_in_native, id=43132, stack(0x000000002c2d0000,0x000000002c3d0000)]
  0x000000001b43f000 JavaThread "Exec Stream Pumper" daemon [_thread_in_native, id=4480, stack(0x000000002c0d0000,0x000000002c1d0000)]
  0x000000001b445800 JavaThread "Exec Stream Pumper" daemon [_thread_in_native, id=47920, stack(0x000000002bfd0000,0x000000002c0d0000)]
  0x000000001b440800 JavaThread "Exec Default Executor" daemon [_thread_in_native, id=42184, stack(0x000000002bed0000,0x000000002bfd0000)]
  0x000000001b442800 JavaThread "Exec Stream Pumper" daemon [_thread_in_native, id=37336, stack(0x000000002bdd0000,0x000000002bed0000)]
  0x000000001b43e000 JavaThread "Exec Stream Pumper" daemon [_thread_in_native, id=47724, stack(0x000000002bcd0000,0x000000002bdd0000)]
  0x000000001b43f800 JavaThread "Exec Default Executor" daemon [_thread_in_native, id=23304, stack(0x000000002bbd0000,0x000000002bcd0000)]
  0x000000001b442000 JavaThread "Exec Stream Pumper" daemon [_thread_in_native, id=41704, stack(0x000000002bad0000,0x000000002bbd0000)]
  0x000000001b444000 JavaThread "Exec Stream Pumper" daemon [_thread_in_native, id=49216, stack(0x000000002b9d0000,0x000000002bad0000)]
  0x000000001b443800 JavaThread "Exec Default Executor" daemon [_thread_in_native, id=1576, stack(0x000000002b8d0000,0x000000002b9d0000)]
  0x000000001b445000 JavaThread "Exec Stream Pumper" daemon [_thread_in_native, id=24152, stack(0x000000002b7d0000,0x000000002b8d0000)]
  0x000000001b436800 JavaThread "Exec Stream Pumper" daemon [_thread_in_native, id=53668, stack(0x000000002b6d0000,0x000000002b7d0000)]
  0x000000001b43d800 JavaThread "Exec Default Executor" daemon [_thread_in_native, id=17896, stack(0x000000002b5d0000,0x000000002b6d0000)]
  0x000000001b43b000 JavaThread "Exec Stream Pumper" daemon [_thread_in_native, id=48740, stack(0x000000002b4d0000,0x000000002b5d0000)]
  0x000000001b439800 JavaThread "Exec Stream Pumper" daemon [_thread_in_native, id=40444, stack(0x000000002b3d0000,0x000000002b4d0000)]
  0x000000001b438000 JavaThread "Exec Default Executor" daemon [_thread_in_native, id=5688, stack(0x000000002b2d0000,0x000000002b3d0000)]
  0x000000001b437800 JavaThread "Exec Stream Pumper" daemon [_thread_in_native, id=32776, stack(0x000000002b1d0000,0x000000002b2d0000)]
  0x000000001b43c800 JavaThread "Exec Stream Pumper" daemon [_thread_in_native, id=11088, stack(0x000000002b0d0000,0x000000002b1d0000)]
  0x000000001b436000 JavaThread "Exec Default Executor" daemon [_thread_in_native, id=25308, stack(0x000000002afd0000,0x000000002b0d0000)]
  0x000000001b43a800 JavaThread "Exec Stream Pumper" daemon [_thread_in_native, id=24800, stack(0x000000002aed0000,0x000000002afd0000)]
  0x000000001b43c000 JavaThread "Exec Stream Pumper" daemon [_thread_in_native, id=21652, stack(0x000000002add0000,0x000000002aed0000)]
  0x000000001b435000 JavaThread "Exec Default Executor" daemon [_thread_in_native, id=53560, stack(0x000000002acd0000,0x000000002add0000)]
  0x000000001b434800 JavaThread "Exec Stream Pumper" daemon [_thread_in_native, id=15616, stack(0x000000002abd0000,0x000000002acd0000)]
  0x000000001b439000 JavaThread "Exec Stream Pumper" daemon [_thread_in_native, id=30164, stack(0x000000002aad0000,0x000000002abd0000)]
  0x000000001acbd800 JavaThread "Exec Default Executor" daemon [_thread_in_native, id=1664, stack(0x000000002a9d0000,0x000000002aad0000)]
  0x000000001acbd000 JavaThread "Exec Stream Pumper" daemon [_thread_in_native, id=51124, stack(0x000000002a8d0000,0x000000002a9d0000)]
  0x000000001acbc000 JavaThread "Exec Stream Pumper" daemon [_thread_in_native, id=51360, stack(0x000000002a7d0000,0x000000002a8d0000)]
  0x000000001acbb800 JavaThread "Exec Default Executor" daemon [_thread_in_native, id=51784, stack(0x000000002a6d0000,0x000000002a7d0000)]
  0x000000001acbf000 JavaThread "Exec Stream Pumper" daemon [_thread_in_native, id=8664, stack(0x000000002a5d0000,0x000000002a6d0000)]
  0x000000001acbe800 JavaThread "Exec Stream Pumper" daemon [_thread_in_native, id=46892, stack(0x000000002a4d0000,0x000000002a5d0000)]
  0x000000001acb4800 JavaThread "Exec Default Executor" daemon [_thread_in_native, id=29248, stack(0x000000002a3d0000,0x000000002a4d0000)]
  0x000000001acba800 JavaThread "Exec Stream Pumper" daemon [_thread_in_native, id=43408, stack(0x000000002a2d0000,0x000000002a3d0000)]
  0x000000001acba000 JavaThread "Exec Stream Pumper" daemon [_thread_in_native, id=54064, stack(0x000000002a1d0000,0x000000002a2d0000)]
  0x000000001acb9000 JavaThread "Exec Default Executor" daemon [_thread_in_native, id=47632, stack(0x000000002a0d0000,0x000000002a1d0000)]
  0x000000001acb8800 JavaThread "Exec Stream Pumper" daemon [_thread_in_native, id=16496, stack(0x0000000029fd0000,0x000000002a0d0000)]
  0x000000001acb5800 JavaThread "Exec Stream Pumper" daemon [_thread_in_native, id=22560, stack(0x0000000029ed0000,0x0000000029fd0000)]
  0x000000001acb7800 JavaThread "Exec Default Executor" daemon [_thread_in_native, id=17728, stack(0x0000000029dd0000,0x0000000029ed0000)]
  0x000000001acb1800 JavaThread "Exec Stream Pumper" daemon [_thread_in_native, id=6628, stack(0x0000000029cd0000,0x0000000029dd0000)]
  0x000000001acb4000 JavaThread "Exec Stream Pumper" daemon [_thread_in_native, id=24244, stack(0x0000000029bd0000,0x0000000029cd0000)]
  0x000000001acb1000 JavaThread "Exec Default Executor" daemon [_thread_in_native, id=41832, stack(0x0000000028aa0000,0x0000000028ba0000)]
  0x000000001acb0000 JavaThread "Exec Stream Pumper" daemon [_thread_in_native, id=28680, stack(0x00000000289a0000,0x0000000028aa0000)]
  0x000000001acb2800 JavaThread "Exec Stream Pumper" daemon [_thread_in_native, id=36464, stack(0x00000000288a0000,0x00000000289a0000)]
  0x000000001acb3000 JavaThread "Exec Default Executor" daemon [_thread_in_native, id=45372, stack(0x00000000287a0000,0x00000000288a0000)]
  0x000000001acb7000 JavaThread "Exec Stream Pumper" daemon [_thread_in_native, id=51204, stack(0x00000000286a0000,0x00000000287a0000)]
  0x000000001acb6000 JavaThread "Exec Stream Pumper" daemon [_thread_in_native, id=28644, stack(0x00000000285a0000,0x00000000286a0000)]
  0x000000001b63a000 JavaThread "Exec Default Executor" daemon [_thread_in_native, id=54828, stack(0x00000000284a0000,0x00000000285a0000)]
  0x000000001b63e800 JavaThread "Exec Stream Pumper" daemon [_thread_in_native, id=4380, stack(0x00000000283a0000,0x00000000284a0000)]
  0x000000001b63e000 JavaThread "Exec Stream Pumper" daemon [_thread_in_native, id=46472, stack(0x00000000282a0000,0x00000000283a0000)]
  0x000000001b63f800 JavaThread "Exec Default Executor" daemon [_thread_in_native, id=1344, stack(0x00000000281a0000,0x00000000282a0000)]
  0x000000001b63b000 JavaThread "Exec Stream Pumper" daemon [_thread_in_native, id=53028, stack(0x00000000280a0000,0x00000000281a0000)]
  0x000000001b63d000 JavaThread "Exec Stream Pumper" daemon [_thread_in_native, id=31852, stack(0x0000000027fa0000,0x00000000280a0000)]
  0x000000001b640000 JavaThread "Exec Default Executor" daemon [_thread_in_native, id=37012, stack(0x0000000027ea0000,0x0000000027fa0000)]
  0x000000001b635800 JavaThread "Exec Stream Pumper" daemon [_thread_in_native, id=47972, stack(0x0000000027da0000,0x0000000027ea0000)]
  0x000000001b63c800 JavaThread "Exec Stream Pumper" daemon [_thread_in_native, id=5508, stack(0x0000000027ca0000,0x0000000027da0000)]
  0x000000001b638800 JavaThread "Exec Default Executor" daemon [_thread_in_native, id=25704, stack(0x0000000027ba0000,0x0000000027ca0000)]
  0x000000001b636800 JavaThread "Exec Stream Pumper" daemon [_thread_in_native, id=52840, stack(0x0000000027aa0000,0x0000000027ba0000)]
  0x000000001b635000 JavaThread "Exec Stream Pumper" daemon [_thread_in_native, id=52872, stack(0x00000000279a0000,0x0000000027aa0000)]
  0x000000001b63b800 JavaThread "Exec Default Executor" daemon [_thread_in_native, id=25444, stack(0x00000000278a0000,0x00000000279a0000)]
  0x000000001b639800 JavaThread "Exec Stream Pumper" daemon [_thread_in_native, id=50812, stack(0x00000000277a0000,0x00000000278a0000)]
  0x000000001b632800 JavaThread "Exec Stream Pumper" daemon [_thread_in_native, id=46792, stack(0x00000000276a0000,0x00000000277a0000)]
  0x000000001b637000 JavaThread "Exec Default Executor" daemon [_thread_in_native, id=53720, stack(0x00000000275a0000,0x00000000276a0000)]
  0x000000001b632000 JavaThread "Exec Stream Pumper" daemon [_thread_in_native, id=51092, stack(0x00000000274a0000,0x00000000275a0000)]
  0x000000001b633800 JavaThread "Exec Stream Pumper" daemon [_thread_in_native, id=11456, stack(0x00000000273a0000,0x00000000274a0000)]
  0x000000001b634000 JavaThread "Exec Default Executor" daemon [_thread_in_native, id=6828, stack(0x00000000272a0000,0x00000000273a0000)]
  0x000000001b631000 JavaThread "Exec Stream Pumper" daemon [_thread_in_native, id=36344, stack(0x00000000271a0000,0x00000000272a0000)]
  0x000000001b638000 JavaThread "Exec Stream Pumper" daemon [_thread_in_native, id=36336, stack(0x00000000270a0000,0x00000000271a0000)]
  0x000000001ab53800 JavaThread "Exec Default Executor" daemon [_thread_in_native, id=8340, stack(0x0000000026fa0000,0x00000000270a0000)]
  0x000000001ab50800 JavaThread "Exec Stream Pumper" daemon [_thread_in_native, id=53548, stack(0x0000000026ea0000,0x0000000026fa0000)]
  0x000000001ab52800 JavaThread "Exec Stream Pumper" daemon [_thread_in_native, id=52820, stack(0x0000000026da0000,0x0000000026ea0000)]
  0x000000001ab52000 JavaThread "Exec Default Executor" daemon [_thread_in_native, id=50668, stack(0x0000000026ca0000,0x0000000026da0000)]
  0x000000001ab51000 JavaThread "Exec Stream Pumper" daemon [_thread_in_native, id=32316, stack(0x0000000026ba0000,0x0000000026ca0000)]
  0x000000001ab4f800 JavaThread "Exec Stream Pumper" daemon [_thread_in_native, id=32, stack(0x0000000026aa0000,0x0000000026ba0000)]
  0x000000001ab4f000 JavaThread "Exec Default Executor" daemon [_thread_in_native, id=48772, stack(0x00000000269a0000,0x0000000026aa0000)]
  0x000000001ab47800 JavaThread "Exec Stream Pumper" daemon [_thread_in_native, id=15212, stack(0x00000000268a0000,0x00000000269a0000)]
  0x000000001ab4e000 JavaThread "Exec Stream Pumper" daemon [_thread_in_native, id=23644, stack(0x00000000267a0000,0x00000000268a0000)]
  0x000000001ab4d800 JavaThread "Exec Default Executor" daemon [_thread_in_native, id=52496, stack(0x00000000266a0000,0x00000000267a0000)]
  0x000000001ab46000 JavaThread "Exec Stream Pumper" daemon [_thread_in_native, id=42876, stack(0x00000000265a0000,0x00000000266a0000)]
  0x000000001ab4c800 JavaThread "Exec Stream Pumper" daemon [_thread_in_native, id=53428, stack(0x00000000264a0000,0x00000000265a0000)]
  0x000000001ab4c000 JavaThread "Exec Default Executor" daemon [_thread_in_native, id=46400, stack(0x00000000263a0000,0x00000000264a0000)]
  0x000000001ab44800 JavaThread "Exec Stream Pumper" daemon [_thread_in_native, id=10156, stack(0x00000000262a0000,0x00000000263a0000)]
  0x000000001ab49000 JavaThread "Exec Stream Pumper" daemon [_thread_in_native, id=46728, stack(0x00000000261a0000,0x00000000262a0000)]
  0x000000001ab4a800 JavaThread "Exec Default Executor" daemon [_thread_in_native, id=36844, stack(0x00000000260a0000,0x00000000261a0000)]
  0x000000001ab48000 JavaThread "Exec Stream Pumper" daemon [_thread_in_native, id=3836, stack(0x0000000025fa0000,0x00000000260a0000)]
  0x000000001ab45000 JavaThread "Exec Stream Pumper" daemon [_thread_in_native, id=53884, stack(0x0000000025ea0000,0x0000000025fa0000)]
  0x000000001ab46800 JavaThread "Exec Default Executor" daemon [_thread_in_native, id=47096, stack(0x0000000025da0000,0x0000000025ea0000)]
  0x000000001ab4b000 JavaThread "Exec Stream Pumper" daemon [_thread_in_native, id=15368, stack(0x0000000025ca0000,0x0000000025da0000)]
  0x000000001ab49800 JavaThread "Exec Stream Pumper" daemon [_thread_in_native, id=16188, stack(0x0000000025ba0000,0x0000000025ca0000)]
  0x000000001b5e3800 JavaThread "Exec Default Executor" daemon [_thread_in_native, id=19264, stack(0x00000000259a0000,0x0000000025aa0000)]
  0x000000001b5e2800 JavaThread "Exec Stream Pumper" daemon [_thread_in_native, id=47572, stack(0x00000000258a0000,0x00000000259a0000)]
  0x000000001b5e4000 JavaThread "Exec Stream Pumper" daemon [_thread_in_native, id=48140, stack(0x00000000257a0000,0x00000000258a0000)]
  0x000000001b5e2000 JavaThread "Exec Default Executor" daemon [_thread_in_native, id=47396, stack(0x00000000256a0000,0x00000000257a0000)]
  0x000000001b5e0800 JavaThread "Exec Stream Pumper" daemon [_thread_in_native, id=41132, stack(0x00000000255a0000,0x00000000256a0000)]
  0x000000001b5e1000 JavaThread "Exec Stream Pumper" daemon [_thread_in_native, id=7300, stack(0x00000000254a0000,0x00000000255a0000)]
  0x000000001b5e7000 JavaThread "Exec Default Executor" daemon [_thread_in_native, id=44324, stack(0x00000000253a0000,0x00000000254a0000)]
  0x000000001b5df800 JavaThread "Exec Stream Pumper" daemon [_thread_in_native, id=45152, stack(0x00000000252a0000,0x00000000253a0000)]
  0x000000001b5e6800 JavaThread "Exec Stream Pumper" daemon [_thread_in_native, id=5736, stack(0x00000000251a0000,0x00000000252a0000)]
  0x000000001b5e5800 JavaThread "Exec Default Executor" daemon [_thread_in_native, id=28040, stack(0x00000000250a0000,0x00000000251a0000)]
  0x000000001b5e5000 JavaThread "Exec Stream Pumper" daemon [_thread_in_native, id=41616, stack(0x0000000024fa0000,0x00000000250a0000)]
  0x000000001b5d8000 JavaThread "Exec Stream Pumper" daemon [_thread_in_native, id=45220, stack(0x0000000024ea0000,0x0000000024fa0000)]
  0x000000001b5df000 JavaThread "Exec Default Executor" daemon [_thread_in_native, id=39120, stack(0x0000000024da0000,0x0000000024ea0000)]
  0x000000001b5dd800 JavaThread "Exec Stream Pumper" daemon [_thread_in_native, id=48816, stack(0x0000000024ca0000,0x0000000024da0000)]
  0x000000001b5dc800 JavaThread "Exec Stream Pumper" daemon [_thread_in_native, id=11028, stack(0x0000000024ba0000,0x0000000024ca0000)]
  0x000000001b5db000 JavaThread "Exec Default Executor" daemon [_thread_in_native, id=53388, stack(0x0000000024aa0000,0x0000000024ba0000)]
  0x000000001b5dc000 JavaThread "Exec Stream Pumper" daemon [_thread_in_native, id=43048, stack(0x00000000249a0000,0x0000000024aa0000)]
  0x000000001b5da800 JavaThread "Exec Stream Pumper" daemon [_thread_in_native, id=41604, stack(0x00000000248a0000,0x00000000249a0000)]
  0x000000001b5d9800 JavaThread "Exec Default Executor" daemon [_thread_in_native, id=53692, stack(0x00000000247a0000,0x00000000248a0000)]
  0x000000001b5d9000 JavaThread "Exec Stream Pumper" daemon [_thread_in_native, id=20992, stack(0x00000000246a0000,0x00000000247a0000)]
  0x000000001b5de000 JavaThread "Exec Stream Pumper" daemon [_thread_in_native, id=45136, stack(0x00000000245a0000,0x00000000246a0000)]
  0x000000001ac7e000 JavaThread "Exec Default Executor" daemon [_thread_in_native, id=32000, stack(0x00000000244a0000,0x00000000245a0000)]
  0x000000001ac7d000 JavaThread "Exec Stream Pumper" daemon [_thread_in_native, id=26264, stack(0x00000000243a0000,0x00000000244a0000)]
  0x000000001ac7b800 JavaThread "Exec Stream Pumper" daemon [_thread_in_native, id=30672, stack(0x00000000242a0000,0x00000000243a0000)]
  0x000000001ac7e800 JavaThread "Exec Default Executor" daemon [_thread_in_native, id=25528, stack(0x0000000023fa0000,0x00000000240a0000)]
  0x000000001ac7c800 JavaThread "Exec Stream Pumper" daemon [_thread_in_native, id=38664, stack(0x0000000023ea0000,0x0000000023fa0000)]
  0x000000001ac74000 JavaThread "Exec Stream Pumper" daemon [_thread_in_native, id=38488, stack(0x0000000023da0000,0x0000000023ea0000)]
  0x000000001ac7b000 JavaThread "Exec Default Executor" daemon [_thread_in_native, id=8360, stack(0x0000000023ca0000,0x0000000023da0000)]
  0x000000001ac7a000 JavaThread "Exec Stream Pumper" daemon [_thread_in_native, id=10572, stack(0x0000000023ba0000,0x0000000023ca0000)]
  0x000000001ac72800 JavaThread "Exec Stream Pumper" daemon [_thread_in_native, id=51900, stack(0x0000000023aa0000,0x0000000023ba0000)]
  0x000000001ac73800 JavaThread "Exec Default Executor" daemon [_thread_in_native, id=54952, stack(0x00000000239a0000,0x0000000023aa0000)]
  0x000000001ac79800 JavaThread "Exec Stream Pumper" daemon [_thread_in_native, id=10792, stack(0x00000000238a0000,0x00000000239a0000)]
  0x000000001ac78800 JavaThread "Exec Stream Pumper" daemon [_thread_in_native, id=3800, stack(0x00000000237a0000,0x00000000238a0000)]
  0x000000001ac71000 JavaThread "Exec Default Executor" daemon [_thread_in_native, id=1744, stack(0x00000000236a0000,0x00000000237a0000)]
  0x000000001ac78000 JavaThread "Exec Stream Pumper" daemon [_thread_in_native, id=54716, stack(0x00000000235a0000,0x00000000236a0000)]
  0x000000001ac70800 JavaThread "Exec Stream Pumper" daemon [_thread_in_native, id=41868, stack(0x00000000234a0000,0x00000000235a0000)]
  0x000000001ac75000 JavaThread "Exec Default Executor" daemon [_thread_in_native, id=26884, stack(0x00000000233a0000,0x00000000234a0000)]
  0x000000001ac77000 JavaThread "Exec Stream Pumper" daemon [_thread_in_native, id=46680, stack(0x00000000232a0000,0x00000000233a0000)]
  0x000000001ac72000 JavaThread "Exec Stream Pumper" daemon [_thread_in_native, id=27880, stack(0x00000000231a0000,0x00000000232a0000)]
  0x000000001ac75800 JavaThread "Exec Default Executor" daemon [_thread_in_native, id=34260, stack(0x00000000230a0000,0x00000000231a0000)]
  0x000000001ac76800 JavaThread "Exec Stream Pumper" daemon [_thread_in_native, id=52608, stack(0x0000000022fa0000,0x00000000230a0000)]
  0x000000001ac6f800 JavaThread "Exec Stream Pumper" daemon [_thread_in_native, id=23868, stack(0x0000000022ea0000,0x0000000022fa0000)]
  0x000000001b4e0800 JavaThread "Exec Default Executor" daemon [_thread_in_native, id=36380, stack(0x0000000022da0000,0x0000000022ea0000)]
  0x000000001b4e0000 JavaThread "Exec Stream Pumper" daemon [_thread_in_native, id=50992, stack(0x0000000022ca0000,0x0000000022da0000)]
  0x000000001b4e1800 JavaThread "Exec Stream Pumper" daemon [_thread_in_native, id=50400, stack(0x0000000022ba0000,0x0000000022ca0000)]
  0x000000001b4df000 JavaThread "Exec Default Executor" daemon [_thread_in_native, id=48228, stack(0x0000000022aa0000,0x0000000022ba0000)]
  0x000000001b4de800 JavaThread "Exec Stream Pumper" daemon [_thread_in_native, id=3060, stack(0x00000000229a0000,0x0000000022aa0000)]
  0x000000001b4dd800 JavaThread "Exec Stream Pumper" daemon [_thread_in_native, id=53448, stack(0x00000000228a0000,0x00000000229a0000)]
  0x000000001b4d7000 JavaThread "Exec Default Executor" daemon [_thread_in_native, id=52876, stack(0x00000000227a0000,0x00000000228a0000)]
  0x000000001b4dd000 JavaThread "Exec Stream Pumper" daemon [_thread_in_native, id=36352, stack(0x00000000226a0000,0x00000000227a0000)]
  0x000000001b4d5800 JavaThread "Exec Stream Pumper" daemon [_thread_in_native, id=53840, stack(0x00000000225a0000,0x00000000226a0000)]
  0x000000001b4dc000 JavaThread "Exec Default Executor" daemon [_thread_in_native, id=29324, stack(0x00000000224a0000,0x00000000225a0000)]
  0x000000001b4d4800 JavaThread "Exec Stream Pumper" daemon [_thread_in_native, id=20732, stack(0x00000000223a0000,0x00000000224a0000)]
  0x000000001b4da800 JavaThread "Exec Stream Pumper" daemon [_thread_in_native, id=14848, stack(0x00000000222a0000,0x00000000223a0000)]
  0x000000001b4db800 JavaThread "Exec Default Executor" daemon [_thread_in_native, id=7092, stack(0x00000000221a0000,0x00000000222a0000)]
  0x000000001b4d4000 JavaThread "Exec Stream Pumper" daemon [_thread_in_native, id=52520, stack(0x00000000220a0000,0x00000000221a0000)]
  0x000000001b4d3000 JavaThread "Exec Stream Pumper" daemon [_thread_in_native, id=37904, stack(0x0000000021fa0000,0x00000000220a0000)]
  0x000000001b4da000 JavaThread "Exec Default Executor" daemon [_thread_in_native, id=16604, stack(0x0000000021ea0000,0x0000000021fa0000)]
  0x000000001b4d7800 JavaThread "Exec Stream Pumper" daemon [_thread_in_native, id=13168, stack(0x0000000021da0000,0x0000000021ea0000)]
  0x000000001b4d2800 JavaThread "Exec Stream Pumper" daemon [_thread_in_native, id=17456, stack(0x0000000021ca0000,0x0000000021da0000)]
  0x000000001b4d8800 JavaThread "Exec Default Executor" daemon [_thread_in_native, id=18292, stack(0x0000000021ba0000,0x0000000021ca0000)]
  0x000000001b4d6000 JavaThread "Exec Stream Pumper" daemon [_thread_in_native, id=45168, stack(0x0000000021aa0000,0x0000000021ba0000)]
  0x000000001b4d9000 JavaThread "Exec Stream Pumper" daemon [_thread_in_native, id=49104, stack(0x00000000219a0000,0x0000000021aa0000)]
  0x000000001abfa000 JavaThread "Exec Default Executor" daemon [_thread_in_native, id=12436, stack(0x00000000218a0000,0x00000000219a0000)]
  0x000000001abfc800 JavaThread "Exec Stream Pumper" daemon [_thread_in_native, id=44196, stack(0x00000000217a0000,0x00000000218a0000)]
  0x000000001abfb000 JavaThread "Exec Stream Pumper" daemon [_thread_in_native, id=42724, stack(0x00000000216a0000,0x00000000217a0000)]
  0x000000001abf9800 JavaThread "Exec Default Executor" daemon [_thread_in_native, id=24088, stack(0x00000000215a0000,0x00000000216a0000)]
  0x000000001abff000 JavaThread "Exec Stream Pumper" daemon [_thread_in_native, id=11464, stack(0x00000000214a0000,0x00000000215a0000)]
  0x000000001abfc000 JavaThread "Exec Stream Pumper" daemon [_thread_in_native, id=53204, stack(0x00000000213a0000,0x00000000214a0000)]
  0x000000001abf8800 JavaThread "Exec Default Executor" daemon [_thread_in_native, id=30736, stack(0x00000000212a0000,0x00000000213a0000)]
  0x000000001abfd800 JavaThread "Exec Stream Pumper" daemon [_thread_in_native, id=27080, stack(0x00000000211a0000,0x00000000212a0000)]
  0x000000001abfe000 JavaThread "Exec Stream Pumper" daemon [_thread_in_native, id=52480, stack(0x00000000210a0000,0x00000000211a0000)]
  0x000000001abf1000 JavaThread "Exec Default Executor" daemon [_thread_in_native, id=1532, stack(0x0000000020fa0000,0x00000000210a0000)]
  0x000000001abf8000 JavaThread "Exec Stream Pumper" daemon [_thread_in_native, id=39272, stack(0x0000000020ea0000,0x0000000020fa0000)]
  0x000000001abf4000 JavaThread "Exec Stream Pumper" daemon [_thread_in_native, id=3888, stack(0x0000000020da0000,0x0000000020ea0000)]
  0x000000001abf0800 JavaThread "Exec Default Executor" daemon [_thread_in_native, id=25776, stack(0x0000000020ca0000,0x0000000020da0000)]
  0x000000001abf2000 JavaThread "Exec Stream Pumper" daemon [_thread_in_native, id=19960, stack(0x0000000020aa0000,0x0000000020ba0000)]
  0x000000001abf5000 JavaThread "Exec Stream Pumper" daemon [_thread_in_native, id=27508, stack(0x00000000209a0000,0x0000000020aa0000)]
  0x000000001abf7000 JavaThread "Exec Default Executor" daemon [_thread_in_native, id=1124, stack(0x00000000208a0000,0x00000000209a0000)]
  0x000000001abef800 JavaThread "Exec Stream Pumper" daemon [_thread_in_native, id=26076, stack(0x00000000207a0000,0x00000000208a0000)]
  0x000000001abf6800 JavaThread "Exec Stream Pumper" daemon [_thread_in_native, id=50676, stack(0x00000000206a0000,0x00000000207a0000)]
  0x000000001abf2800 JavaThread "Exec Default Executor" daemon [_thread_in_native, id=53868, stack(0x00000000205a0000,0x00000000206a0000)]
  0x000000001abf3800 JavaThread "Exec Stream Pumper" daemon [_thread_in_native, id=21800, stack(0x00000000204a0000,0x00000000205a0000)]
  0x000000001abf5800 JavaThread "Exec Stream Pumper" daemon [_thread_in_native, id=41584, stack(0x00000000203a0000,0x00000000204a0000)]
  0x000000001aa18000 JavaThread "Exec Default Executor" daemon [_thread_in_native, id=39948, stack(0x00000000202a0000,0x00000000203a0000)]
  0x000000001aa17000 JavaThread "Exec Stream Pumper" daemon [_thread_in_native, id=24380, stack(0x00000000201a0000,0x00000000202a0000)]
  0x000000001aa1a000 JavaThread "Exec Stream Pumper" daemon [_thread_in_native, id=8456, stack(0x00000000200a0000,0x00000000201a0000)]
  0x000000001aa19800 JavaThread "Exec Default Executor" daemon [_thread_in_native, id=54056, stack(0x000000001ffa0000,0x00000000200a0000)]
  0x000000001aa18800 JavaThread "Exec Stream Pumper" daemon [_thread_in_native, id=37724, stack(0x000000001fea0000,0x000000001ffa0000)]
  0x000000001aa10800 JavaThread "Exec Stream Pumper" daemon [_thread_in_native, id=6800, stack(0x000000001fda0000,0x000000001fea0000)]
  0x000000001aa0f800 JavaThread "Exec Default Executor" daemon [_thread_in_native, id=55056, stack(0x000000001fca0000,0x000000001fda0000)]
  0x000000001aa15800 JavaThread "Exec Stream Pumper" daemon [_thread_in_native, id=30612, stack(0x000000001fba0000,0x000000001fca0000)]
  0x000000001aa16800 JavaThread "Exec Stream Pumper" daemon [_thread_in_native, id=6612, stack(0x000000001faa0000,0x000000001fba0000)]
  0x000000001aa15000 JavaThread "Exec Default Executor" daemon [_thread_in_native, id=4516, stack(0x000000001f9a0000,0x000000001faa0000)]
  0x000000001aa13800 JavaThread "Exec Stream Pumper" daemon [_thread_in_native, id=51984, stack(0x000000001f8a0000,0x000000001f9a0000)]
  0x000000001aa14000 JavaThread "Exec Stream Pumper" daemon [_thread_in_native, id=18536, stack(0x000000001f7a0000,0x000000001f8a0000)]
  0x000000001aa0c800 JavaThread "Exec Default Executor" daemon [_thread_in_native, id=52140, stack(0x000000001f6a0000,0x000000001f7a0000)]
  0x000000001aa0f000 JavaThread "Exec Stream Pumper" daemon [_thread_in_native, id=44660, stack(0x000000001f5a0000,0x000000001f6a0000)]
  0x000000001aa11000 JavaThread "Exec Stream Pumper" daemon [_thread_in_native, id=32752, stack(0x000000001f4a0000,0x000000001f5a0000)]
  0x000000001aa12800 JavaThread "Exec Default Executor" daemon [_thread_in_native, id=31948, stack(0x000000001f3a0000,0x000000001f4a0000)]
  0x000000001aa0b000 JavaThread "Exec Stream Pumper" daemon [_thread_in_native, id=21392, stack(0x000000001f2a0000,0x000000001f3a0000)]
  0x000000001aa0d800 JavaThread "Exec Stream Pumper" daemon [_thread_in_native, id=5660, stack(0x000000001f1a0000,0x000000001f2a0000)]
  0x000000001aa12000 JavaThread "Exec Default Executor" daemon [_thread_in_native, id=18304, stack(0x000000001f0a0000,0x000000001f1a0000)]
  0x000000001aa0e000 JavaThread "Exec Stream Pumper" daemon [_thread_in_native, id=46336, stack(0x000000001efa0000,0x000000001f0a0000)]
  0x000000001aa0c000 JavaThread "Exec Stream Pumper" daemon [_thread_in_native, id=24372, stack(0x000000001eea0000,0x000000001efa0000)]
  0x000000001aa23000 JavaThread "Exec Default Executor" daemon [_thread_in_native, id=10316, stack(0x000000001eda0000,0x000000001eea0000)]
  0x000000001aa2a000 JavaThread "Exec Stream Pumper" daemon [_thread_in_native, id=45132, stack(0x000000001eca0000,0x000000001eda0000)]
  0x000000001aa27000 JavaThread "Exec Stream Pumper" daemon [_thread_in_native, id=45128, stack(0x000000001eba0000,0x000000001eca0000)]
  0x000000001aa28800 JavaThread "Exec Default Executor" daemon [_thread_in_native, id=49360, stack(0x000000001eaa0000,0x000000001eba0000)]
  0x000000001aa26000 JavaThread "Exec Stream Pumper" daemon [_thread_in_native, id=53768, stack(0x000000001d9d0000,0x000000001dad0000)]
  0x000000001aa29000 JavaThread "Exec Stream Pumper" daemon [_thread_in_native, id=53764, stack(0x000000001d8d0000,0x000000001d9d0000)]
  0x000000001aa24800 JavaThread "Exec Default Executor" daemon [_thread_in_native, id=53500, stack(0x000000001d7d0000,0x000000001d8d0000)]
  0x000000001aa25800 JavaThread "Exec Stream Pumper" daemon [_thread_in_native, id=23720, stack(0x000000001d6d0000,0x000000001d7d0000)]
  0x000000001aa27800 JavaThread "Exec Stream Pumper" daemon [_thread_in_native, id=30920, stack(0x000000001d5d0000,0x000000001d6d0000)]
  0x000000001aa24000 JavaThread "Exec Default Executor" daemon [_thread_in_native, id=17392, stack(0x000000001d4d0000,0x000000001d5d0000)]
  0x000000001b3e7000 JavaThread "Exec Stream Pumper" daemon [_thread_in_native, id=40888, stack(0x000000001d2d0000,0x000000001d3d0000)]
  0x0000000018ee4000 JavaThread "Exec Stream Pumper" daemon [_thread_in_native, id=22360, stack(0x000000001d1d0000,0x000000001d2d0000)]
  0x000000001b768800 JavaThread "Exec Default Executor" daemon [_thread_in_native, id=26704, stack(0x000000001d0d0000,0x000000001d1d0000)]
  0x0000000018ede800 JavaThread "AWT-Windows" daemon [_thread_in_native, id=6400, stack(0x000000001cf00000,0x000000001d000000)]
  0x000000001b767800 JavaThread "Java2D Disposer" daemon [_thread_blocked, id=27156, stack(0x000000001cd00000,0x000000001ce00000)]
  0x000000001ab20800 JavaThread "Exec Stream Pumper" daemon [_thread_in_native, id=7020, stack(0x000000001c990000,0x000000001ca90000)]
  0x000000001ab1c000 JavaThread "Exec Stream Pumper" daemon [_thread_in_native, id=39840, stack(0x000000001c890000,0x000000001c990000)]
  0x000000001b6cb000 JavaThread "Exec Default Executor" daemon [_thread_in_native, id=33368, stack(0x000000001c790000,0x000000001c890000)]
  0x000000001b656000 JavaThread "Exec Stream Pumper" daemon [_thread_in_native, id=25512, stack(0x000000001c490000,0x000000001c590000)]
  0x000000001b655000 JavaThread "Exec Stream Pumper" daemon [_thread_in_native, id=5404, stack(0x000000001c390000,0x000000001c490000)]
  0x000000001b560000 JavaThread "Exec Default Executor" daemon [_thread_in_native, id=24516, stack(0x000000001c190000,0x000000001c290000)]
  0x0000000018f0e800 JavaThread "Service Thread" daemon [_thread_blocked, id=43192, stack(0x000000001ad10000,0x000000001ae10000)]
  0x0000000018ed9000 JavaThread "C1 CompilerThread2" daemon [_thread_blocked, id=43280, stack(0x000000001a810000,0x000000001a910000)]
  0x0000000018eb4000 JavaThread "C2 CompilerThread1" daemon [_thread_blocked, id=16524, stack(0x000000001a710000,0x000000001a810000)]
  0x0000000018ead000 JavaThread "C2 CompilerThread0" daemon [_thread_blocked, id=28124, stack(0x000000001a610000,0x000000001a710000)]
  0x0000000018eab000 JavaThread "Attach Listener" daemon [_thread_blocked, id=22816, stack(0x000000001a510000,0x000000001a610000)]
  0x0000000018ea9800 JavaThread "Signal Dispatcher" daemon [_thread_blocked, id=45980, stack(0x000000001a410000,0x000000001a510000)]
  0x0000000018e9a800 JavaThread "Finalizer" daemon [_thread_blocked, id=44412, stack(0x000000001a120000,0x000000001a220000)]
  0x000000000442f000 JavaThread "Reference Handler" daemon [_thread_blocked, id=20956, stack(0x000000001a020000,0x000000001a120000)]
  0x0000000004340800 JavaThread "Forwarding newSession on session null to remote" [_thread_in_native, id=15992, stack(0x00000000041d0000,0x00000000042d0000)]

Other Threads:
=>0x0000000018e78000 VMThread [stack: 0x0000000019f20000,0x000000001a020000] [id=1464]
  0x000000001a944000 WatcherThread [stack: 0x000000001ae10000,0x000000001af10000] [id=17284]

VM state:at safepoint (normal execution)

VM Mutex/Monitor currently owned by a thread:  ([mutex/lock_event])
[0x000000000433c710] Threads_lock - owner thread: 0x0000000018e78000

Heap:
 PSYoungGen      total 37376K, used 10921K [0x00000000d6500000, 0x00000000d9380000, 0x0000000100000000)
  eden space 32256K, 18% used [0x00000000d6500000,0x00000000d6aae408,0x00000000d8480000)
  from space 5120K, 99% used [0x00000000d8500000,0x00000000d89fc360,0x00000000d8a00000)
  to   space 7680K, 0% used [0x00000000d8c00000,0x00000000d8c00000,0x00000000d9380000)
 ParOldGen       total 86016K, used 7860K [0x0000000082e00000, 0x0000000088200000, 0x00000000d6500000)
  object space 86016K, 9% used [0x0000000082e00000,0x00000000835ad008,0x0000000088200000)
 Metaspace       used 16026K, capacity 16464K, committed 16640K, reserved 1064960K
  class space    used 1878K, capacity 2042K, committed 2048K, reserved 1048576K

Card table byte_map: [0x0000000013800000,0x0000000013bf0000] byte_map_base: 0x00000000133e9000

Marking Bits: (ParMarkBitMap*) 0x000000005a94d850
 Begin Bits: [0x0000000014290000, 0x00000000161d8000)
 End Bits:   [0x00000000161d8000, 0x0000000018120000)

Polling page: 0x0000000002ae0000

CodeCache: size=245760Kb used=10067Kb max_used=10113Kb free=235692Kb
 bounds [0x0000000004440000, 0x0000000004e30000, 0x0000000013440000]
 total_blobs=3355 nmethods=2930 adapters=337
 compilation: enabled

Compilation events (10 events):
Event: 1301.198 Thread 0x0000000018ead000 3248       4       java.util.Collections$UnmodifiableMap$UnmodifiableEntrySet$UnmodifiableEntry::getValue (10 bytes)
Event: 1301.199 Thread 0x0000000018ed9000 3249       3       java.lang.System$2::getEnumConstantsShared (8 bytes)
Event: 1301.199 Thread 0x0000000018ed9000 nmethod 3249 0x0000000004883190 code [0x0000000004883300, 0x0000000004883608]
Event: 1301.201 Thread 0x0000000018eb4000 3250       4       java.util.ArrayList$Itr::checkForComodification (23 bytes)
Event: 1301.202 Thread 0x0000000018ead000 nmethod 3248 0x0000000004667a90 code [0x0000000004667be0, 0x0000000004667cd8]
Event: 1301.203 Thread 0x0000000018eb4000 nmethod 3250 0x0000000004ba46d0 code [0x0000000004ba4800, 0x0000000004ba4898]
Event: 1303.459 Thread 0x0000000018ead000 3251       4       java.util.ArrayList$SubList$1::hasNext (20 bytes)
Event: 1303.460 Thread 0x0000000018ead000 nmethod 3251 0x0000000004beb350 code [0x0000000004beb480, 0x0000000004beb4f8]
Event: 1303.978 Thread 0x0000000018eb4000 3252       4       java.util.stream.ReferencePipeline$3$1::accept (23 bytes)
Event: 1303.980 Thread 0x0000000018eb4000 nmethod 3252 0x0000000004871cd0 code [0x0000000004871e20, 0x0000000004871ed8]

GC Heap History (10 events):
Event: 1.598 GC heap before
{Heap before GC invocations=1 (full 0):
 PSYoungGen      total 37888K, used 32768K [0x00000000d6500000, 0x00000000d8f00000, 0x0000000100000000)
  eden space 32768K, 100% used [0x00000000d6500000,0x00000000d8500000,0x00000000d8500000)
  from space 5120K, 0% used [0x00000000d8a00000,0x00000000d8a00000,0x00000000d8f00000)
  to   space 5120K, 0% used [0x00000000d8500000,0x00000000d8500000,0x00000000d8a00000)
 ParOldGen       total 86016K, used 0K [0x0000000082e00000, 0x0000000088200000, 0x00000000d6500000)
  object space 86016K, 0% used [0x0000000082e00000,0x0000000082e00000,0x0000000088200000)
 Metaspace       used 11272K, capacity 11574K, committed 11648K, reserved 1058816K
  class space    used 1447K, capacity 1615K, committed 1664K, reserved 1048576K
Event: 1.604 GC heap after
Heap after GC invocations=1 (full 0):
 PSYoungGen      total 37888K, used 5105K [0x00000000d6500000, 0x00000000d8f00000, 0x0000000100000000)
  eden space 32768K, 0% used [0x00000000d6500000,0x00000000d6500000,0x00000000d8500000)
  from space 5120K, 99% used [0x00000000d8500000,0x00000000d89fc688,0x00000000d8a00000)
  to   space 5120K, 0% used [0x00000000d8a00000,0x00000000d8a00000,0x00000000d8f00000)
 ParOldGen       total 86016K, used 1341K [0x0000000082e00000, 0x0000000088200000, 0x00000000d6500000)
  object space 86016K, 1% used [0x0000000082e00000,0x0000000082f4f788,0x0000000088200000)
 Metaspace       used 11272K, capacity 11574K, committed 11648K, reserved 1058816K
  class space    used 1447K, capacity 1615K, committed 1664K, reserved 1048576K
}
Event: 165.251 GC heap before
{Heap before GC invocations=2 (full 0):
 PSYoungGen      total 37888K, used 37873K [0x00000000d6500000, 0x00000000d8f00000, 0x0000000100000000)
  eden space 32768K, 100% used [0x00000000d6500000,0x00000000d8500000,0x00000000d8500000)
  from space 5120K, 99% used [0x00000000d8500000,0x00000000d89fc688,0x00000000d8a00000)
  to   space 5120K, 0% used [0x00000000d8a00000,0x00000000d8a00000,0x00000000d8f00000)
 ParOldGen       total 86016K, used 1341K [0x0000000082e00000, 0x0000000088200000, 0x00000000d6500000)
  object space 86016K, 1% used [0x0000000082e00000,0x0000000082f4f788,0x0000000088200000)
 Metaspace       used 14769K, capacity 15142K, committed 15360K, reserved 1062912K
  class space    used 1837K, capacity 1999K, committed 2048K, reserved 1048576K
Event: 165.261 GC heap after
Heap after GC invocations=2 (full 0):
 PSYoungGen      total 37888K, used 5088K [0x00000000d6500000, 0x00000000d8f00000, 0x0000000100000000)
  eden space 32768K, 0% used [0x00000000d6500000,0x00000000d6500000,0x00000000d8500000)
  from space 5120K, 99% used [0x00000000d8a00000,0x00000000d8ef8130,0x00000000d8f00000)
  to   space 5120K, 0% used [0x00000000d8500000,0x00000000d8500000,0x00000000d8a00000)
 ParOldGen       total 86016K, used 2455K [0x0000000082e00000, 0x0000000088200000, 0x00000000d6500000)
  object space 86016K, 2% used [0x0000000082e00000,0x0000000083065ea8,0x0000000088200000)
 Metaspace       used 14769K, capacity 15142K, committed 15360K, reserved 1062912K
  class space    used 1837K, capacity 1999K, committed 2048K, reserved 1048576K
}
Event: 455.493 GC heap before
{Heap before GC invocations=3 (full 0):
 PSYoungGen      total 37888K, used 37856K [0x00000000d6500000, 0x00000000d8f00000, 0x0000000100000000)
  eden space 32768K, 100% used [0x00000000d6500000,0x00000000d8500000,0x00000000d8500000)
  from space 5120K, 99% used [0x00000000d8a00000,0x00000000d8ef8130,0x00000000d8f00000)
  to   space 5120K, 0% used [0x00000000d8500000,0x00000000d8500000,0x00000000d8a00000)
 ParOldGen       total 86016K, used 2455K [0x0000000082e00000, 0x0000000088200000, 0x00000000d6500000)
  object space 86016K, 2% used [0x0000000082e00000,0x0000000083065ea8,0x0000000088200000)
 Metaspace       used 15148K, capacity 15530K, committed 15616K, reserved 1062912K
  class space    used 1837K, capacity 1999K, committed 2048K, reserved 1048576K
Event: 455.502 GC heap after
Heap after GC invocations=3 (full 0):
 PSYoungGen      total 37888K, used 5104K [0x00000000d6500000, 0x00000000d8f00000, 0x0000000100000000)
  eden space 32768K, 0% used [0x00000000d6500000,0x00000000d6500000,0x00000000d8500000)
  from space 5120K, 99% used [0x00000000d8500000,0x00000000d89fc2c0,0x00000000d8a00000)
  to   space 5120K, 0% used [0x00000000d8a00000,0x00000000d8a00000,0x00000000d8f00000)
 ParOldGen       total 86016K, used 3925K [0x0000000082e00000, 0x0000000088200000, 0x00000000d6500000)
  object space 86016K, 4% used [0x0000000082e00000,0x00000000831d54e8,0x0000000088200000)
 Metaspace       used 15148K, capacity 15530K, committed 15616K, reserved 1062912K
  class space    used 1837K, capacity 1999K, committed 2048K, reserved 1048576K
}
Event: 746.297 GC heap before
{Heap before GC invocations=4 (full 0):
 PSYoungGen      total 37888K, used 37872K [0x00000000d6500000, 0x00000000d8f00000, 0x0000000100000000)
  eden space 32768K, 100% used [0x00000000d6500000,0x00000000d8500000,0x00000000d8500000)
  from space 5120K, 99% used [0x00000000d8500000,0x00000000d89fc2c0,0x00000000d8a00000)
  to   space 5120K, 0% used [0x00000000d8a00000,0x00000000d8a00000,0x00000000d8f00000)
 ParOldGen       total 86016K, used 3925K [0x0000000082e00000, 0x0000000088200000, 0x00000000d6500000)
  object space 86016K, 4% used [0x0000000082e00000,0x00000000831d54e8,0x0000000088200000)
 Metaspace       used 15514K, capacity 15980K, committed 16128K, reserved 1062912K
  class space    used 1850K, capacity 2010K, committed 2048K, reserved 1048576K
Event: 746.304 GC heap after
Heap after GC invocations=4 (full 0):
 PSYoungGen      total 37888K, used 5088K [0x00000000d6500000, 0x00000000d8f00000, 0x0000000100000000)
  eden space 32768K, 0% used [0x00000000d6500000,0x00000000d6500000,0x00000000d8500000)
  from space 5120K, 99% used [0x00000000d8a00000,0x00000000d8ef8310,0x00000000d8f00000)
  to   space 5120K, 0% used [0x00000000d8500000,0x00000000d8500000,0x00000000d8a00000)
 ParOldGen       total 86016K, used 5941K [0x0000000082e00000, 0x0000000088200000, 0x00000000d6500000)
  object space 86016K, 6% used [0x0000000082e00000,0x00000000833cd518,0x0000000088200000)
 Metaspace       used 15514K, capacity 15980K, committed 16128K, reserved 1062912K
  class space    used 1850K, capacity 2010K, committed 2048K, reserved 1048576K
}
Event: 1075.234 GC heap before
{Heap before GC invocations=5 (full 0):
 PSYoungGen      total 37888K, used 37856K [0x00000000d6500000, 0x00000000d8f00000, 0x0000000100000000)
  eden space 32768K, 100% used [0x00000000d6500000,0x00000000d8500000,0x00000000d8500000)
  from space 5120K, 99% used [0x00000000d8a00000,0x00000000d8ef8310,0x00000000d8f00000)
  to   space 5120K, 0% used [0x00000000d8500000,0x00000000d8500000,0x00000000d8a00000)
 ParOldGen       total 86016K, used 5941K [0x0000000082e00000, 0x0000000088200000, 0x00000000d6500000)
  object space 86016K, 6% used [0x0000000082e00000,0x00000000833cd518,0x0000000088200000)
 Metaspace       used 15852K, capacity 16304K, committed 16384K, reserved 1062912K
  class space    used 1851K, capacity 2010K, committed 2048K, reserved 1048576K
Event: 1075.245 GC heap after
Heap after GC invocations=5 (full 0):
 PSYoungGen      total 37376K, used 5104K [0x00000000d6500000, 0x00000000d9380000, 0x0000000100000000)
  eden space 32256K, 0% used [0x00000000d6500000,0x00000000d6500000,0x00000000d8480000)
  from space 5120K, 99% used [0x00000000d8500000,0x00000000d89fc360,0x00000000d8a00000)
  to   space 7680K, 0% used [0x00000000d8c00000,0x00000000d8c00000,0x00000000d9380000)
 ParOldGen       total 86016K, used 7860K [0x0000000082e00000, 0x0000000088200000, 0x00000000d6500000)
  object space 86016K, 9% used [0x0000000082e00000,0x00000000835ad008,0x0000000088200000)
 Metaspace       used 15852K, capacity 16304K, committed 16384K, reserved 1062912K
  class space    used 1851K, capacity 2010K, committed 2048K, reserved 1048576K
}

Deoptimization events (10 events):
Event: 1.672 Thread 0x0000000004340800 Uncommon trap: reason=unstable_if action=reinterpret pc=0x0000000004778654 method=java.util.concurrent.ConcurrentHashMap.putVal(Ljava/lang/Object;Ljava/lang/Object;Z)Ljava/lang/Object; @ 206
Event: 3.917 Thread 0x0000000004340800 Uncommon trap: reason=unstable_if action=reinterpret pc=0x000000000476f358 method=java.util.concurrent.ConcurrentHashMap.addCount(JI)V @ 121
Event: 16.001 Thread 0x0000000004340800 Uncommon trap: reason=class_check action=maybe_recompile pc=0x00000000046a8264 method=java.util.regex.Pattern$Curly.match(Ljava/util/regex/Matcher;ILjava/lang/CharSequence;)Z @ 19
Event: 208.998 Thread 0x0000000004340800 Uncommon trap: reason=range_check action=make_not_entrant pc=0x000000000466f36c method=java.lang.String.charAt(I)C @ 27
Event: 347.962 Thread 0x0000000004340800 Uncommon trap: reason=bimorphic action=maybe_recompile pc=0x0000000004585b08 method=java.util.Hashtable.addEntry(ILjava/lang/Object;Ljava/lang/Object;I)V @ 38
Event: 782.932 Thread 0x0000000004340800 Uncommon trap: reason=class_check action=maybe_recompile pc=0x0000000004d0a29c method=com.google.gson.reflect.TypeToken.<init>(Ljava/lang/reflect/Type;)V @ 9
Event: 782.932 Thread 0x0000000004340800 Uncommon trap: reason=class_check action=maybe_recompile pc=0x0000000004d0a29c method=com.google.gson.reflect.TypeToken.<init>(Ljava/lang/reflect/Type;)V @ 9
Event: 782.933 Thread 0x0000000004340800 Uncommon trap: reason=class_check action=maybe_recompile pc=0x0000000004d0a29c method=com.google.gson.reflect.TypeToken.<init>(Ljava/lang/reflect/Type;)V @ 9
Event: 782.933 Thread 0x0000000004340800 Uncommon trap: reason=class_check action=maybe_recompile pc=0x0000000004d0a29c method=com.google.gson.reflect.TypeToken.<init>(Ljava/lang/reflect/Type;)V @ 9
Event: 1300.674 Thread 0x000000001ac17000 Uncommon trap: reason=unstable_if action=reinterpret pc=0x0000000004d458d0 method=java.lang.Integer.getChars(II[C)V @ 7

Internal exceptions (10 events):
Event: 1238.813 Thread 0x0000000004340800 Exception <a 'java/io/IOException': CreateProcess error=2, The system cannot find the file specified> (0x00000000d66a81d0) thrown at [C:\re\workspace\8-2-build-windows-amd64-cygwin\jdk8u151\9699\hotspot\src\share\vm\prims\jni.cpp, line 735]
Event: 1241.611 Thread 0x0000000004340800 Exception <a 'java/io/IOException': CreateProcess error=2, The system cannot find the file specified> (0x00000000d67347d8) thrown at [C:\re\workspace\8-2-build-windows-amd64-cygwin\jdk8u151\9699\hotspot\src\share\vm\prims\jni.cpp, line 735]
Event: 1244.397 Thread 0x0000000004340800 Exception <a 'java/io/IOException': CreateProcess error=2, The system cannot find the file specified> (0x00000000d6793d00) thrown at [C:\re\workspace\8-2-build-windows-amd64-cygwin\jdk8u151\9699\hotspot\src\share\vm\prims\jni.cpp, line 735]
Event: 1247.195 Thread 0x0000000004340800 Exception <a 'java/io/IOException': CreateProcess error=2, The system cannot find the file specified> (0x00000000d6817b68) thrown at [C:\re\workspace\8-2-build-windows-amd64-cygwin\jdk8u151\9699\hotspot\src\share\vm\prims\jni.cpp, line 735]
Event: 1249.975 Thread 0x0000000004340800 Exception <a 'java/io/IOException': CreateProcess error=2, The system cannot find the file specified> (0x00000000d68a3a08) thrown at [C:\re\workspace\8-2-build-windows-amd64-cygwin\jdk8u151\9699\hotspot\src\share\vm\prims\jni.cpp, line 735]
Event: 1252.783 Thread 0x0000000004340800 Exception <a 'java/io/IOException': CreateProcess error=2, The system cannot find the file specified> (0x00000000d6902fe0) thrown at [C:\re\workspace\8-2-build-windows-amd64-cygwin\jdk8u151\9699\hotspot\src\share\vm\prims\jni.cpp, line 735]
Event: 1300.663 Thread 0x0000000004340800 Exception <a 'sun/net/ConnectionResetException': > (0x00000000d6965760) thrown at [C:\re\workspace\8-2-build-windows-amd64-cygwin\jdk8u151\9699\hotspot\src\share\vm\prims\jni.cpp, line 735]
Event: 1300.664 Thread 0x0000000004340800 Exception <a 'sun/net/ConnectionResetException': > (0x00000000d6965b78) thrown at [C:\re\workspace\8-2-build-windows-amd64-cygwin\jdk8u151\9699\hotspot\src\share\vm\prims\jni.cpp, line 735]
Event: 1300.676 Thread 0x0000000004340800 Exception <a 'java/io/IOException': CreateProcess error=2, The system cannot find the file specified> (0x00000000d696fa50) thrown at [C:\re\workspace\8-2-build-windows-amd64-cygwin\jdk8u151\9699\hotspot\src\share\vm\prims\jni.cpp, line 735]
Event: 1303.457 Thread 0x0000000004340800 Exception <a 'java/io/IOException': CreateProcess error=2, The system cannot find the file specified> (0x00000000d6a12130) thrown at [C:\re\workspace\8-2-build-windows-amd64-cygwin\jdk8u151\9699\hotspot\src\share\vm\prims\jni.cpp, line 735]

Events (10 events):
Event: 1301.742 Executing VM operation: RevokeBias done
Event: 1303.461 Thread 0x0000000018ead000 flushing nmethod 0x0000000004843150
Event: 1303.469 Thread 0x000000001ac18800 Thread added: 0x000000001ac18800
Event: 1303.470 Executing VM operation: RevokeBias
Event: 1303.470 Executing VM operation: RevokeBias done
Event: 1303.472 Thread 0x000000001ac19000 Thread added: 0x000000001ac19000
Event: 1303.472 Thread 0x000000001ac12800 Thread added: 0x000000001ac12800
Event: 1303.980 Thread 0x0000000018eb4000 flushing nmethod 0x000000000488ad50
Event: 1303.980 Thread 0x0000000018eb4000 flushing nmethod 0x000000000488b210
Event: 1304.350 Executing VM operation: BulkRevokeBias


Dynamic libraries:
0x00007ff7e1f30000 - 0x00007ff7e1f67000 	C:\Program Files\Java\jre1.8.0_151\bin\javaw.exe
0x00007ffd185e0000 - 0x00007ffd187c0000 	C:\WINDOWS\SYSTEM32\ntdll.dll
0x00007ffd15fe0000 - 0x00007ffd1608e000 	C:\WINDOWS\System32\KERNEL32.DLL
0x00007ffd15580000 - 0x00007ffd157e6000 	C:\WINDOWS\System32\KERNELBASE.dll
0x00007ffd18500000 - 0x00007ffd185a1000 	C:\WINDOWS\System32\ADVAPI32.dll
0x00007ffd17d30000 - 0x00007ffd17dcd000 	C:\WINDOWS\System32\msvcrt.dll
0x00007ffd15c50000 - 0x00007ffd15cab000 	C:\WINDOWS\System32\sechost.dll
0x00007ffd15ec0000 - 0x00007ffd15fdf000 	C:\WINDOWS\System32\RPCRT4.dll
0x00007ffd165d0000 - 0x00007ffd1675f000 	C:\WINDOWS\System32\USER32.dll
0x00007ffd15990000 - 0x00007ffd159b0000 	C:\WINDOWS\System32\win32u.dll
0x00007ffd15b10000 - 0x00007ffd15b38000 	C:\WINDOWS\System32\GDI32.dll
0x00007ffd157f0000 - 0x00007ffd15984000 	C:\WINDOWS\System32\gdi32full.dll
0x00007ffd159b0000 - 0x00007ffd15a4b000 	C:\WINDOWS\System32\msvcp_win.dll
0x00007ffd15230000 - 0x00007ffd15326000 	C:\WINDOWS\System32\ucrtbase.dll
0x00007ffd049d0000 - 0x00007ffd04c39000 	C:\WINDOWS\WinSxS\amd64_microsoft.windows.common-controls_6595b64144ccf1df_6.0.16299.64_none_cc9304e22215ca8f\COMCTL32.dll
0x00007ffd17fd0000 - 0x00007ffd182d8000 	C:\WINDOWS\System32\combase.dll
0x00007ffd15500000 - 0x00007ffd15572000 	C:\WINDOWS\System32\bcryptPrimitives.dll
0x00007ffd17dd0000 - 0x00007ffd17dfd000 	C:\WINDOWS\System32\IMM32.DLL
0x000000005ac20000 - 0x000000005acf2000 	C:\Program Files\Java\jre1.8.0_151\bin\msvcr100.dll
0x000000005a130000 - 0x000000005a9cd000 	C:\Program Files\Java\jre1.8.0_151\bin\server\jvm.dll
0x00007ffd16160000 - 0x00007ffd16168000 	C:\WINDOWS\System32\PSAPI.DLL
0x00007ffd02b80000 - 0x00007ffd02b89000 	C:\WINDOWS\SYSTEM32\WSOCK32.dll
0x00007ffd15cb0000 - 0x00007ffd15d1c000 	C:\WINDOWS\System32\WS2_32.dll
0x00007ffd12420000 - 0x00007ffd12443000 	C:\WINDOWS\SYSTEM32\WINMM.dll
0x00007ffd04c50000 - 0x00007ffd04c5a000 	C:\WINDOWS\SYSTEM32\VERSION.dll
0x00007ffd123c0000 - 0x00007ffd123ea000 	C:\WINDOWS\SYSTEM32\WINMMBASE.dll
0x00007ffd14a90000 - 0x00007ffd14ada000 	C:\WINDOWS\System32\cfgmgr32.dll
0x000000005a120000 - 0x000000005a12f000 	C:\Program Files\Java\jre1.8.0_151\bin\verify.dll
0x000000005a0f0000 - 0x000000005a119000 	C:\Program Files\Java\jre1.8.0_151\bin\java.dll
0x000000005a0d0000 - 0x000000005a0e6000 	C:\Program Files\Java\jre1.8.0_151\bin\zip.dll
0x00007ffd167e0000 - 0x00007ffd17c17000 	C:\WINDOWS\System32\SHELL32.dll
0x00007ffd15ba0000 - 0x00007ffd15c46000 	C:\WINDOWS\System32\shcore.dll
0x00007ffd14ae0000 - 0x00007ffd15227000 	C:\WINDOWS\System32\windows.storage.dll
0x00007ffd15b40000 - 0x00007ffd15b91000 	C:\WINDOWS\System32\shlwapi.dll
0x00007ffd14950000 - 0x00007ffd14961000 	C:\WINDOWS\System32\kernel.appcore.dll
0x00007ffd14970000 - 0x00007ffd149bc000 	C:\WINDOWS\System32\powrprof.dll
0x00007ffd149c0000 - 0x00007ffd149db000 	C:\WINDOWS\System32\profapi.dll
0x000000005a0b0000 - 0x000000005a0ca000 	C:\Program Files\Java\jre1.8.0_151\bin\net.dll
0x00007ffd14160000 - 0x00007ffd141c6000 	C:\WINDOWS\system32\mswsock.dll
0x00007ffd13f30000 - 0x00007ffd13fe6000 	C:\WINDOWS\SYSTEM32\DNSAPI.dll
0x00007ffd182e0000 - 0x00007ffd182e8000 	C:\WINDOWS\System32\NSI.dll
0x00007ffd13ef0000 - 0x00007ffd13f29000 	C:\WINDOWS\SYSTEM32\IPHLPAPI.DLL
0x000000005b2b0000 - 0x000000005b2d6000 	C:\Program Files\Bonjour\mdnsNSP.dll
0x00007ffd0c470000 - 0x00007ffd0c47a000 	C:\Windows\System32\rasadhlp.dll
0x00007ffd0cc30000 - 0x00007ffd0cca0000 	C:\WINDOWS\System32\fwpuclnt.dll
0x00007ffd14430000 - 0x00007ffd14455000 	C:\WINDOWS\SYSTEM32\bcrypt.dll
0x000000005a060000 - 0x000000005a084000 	C:\Program Files\Java\jre1.8.0_151\bin\sunec.dll
0x00007ffd0c620000 - 0x00007ffd0c636000 	C:\WINDOWS\SYSTEM32\dhcpcsvc6.DLL
0x00007ffd0c760000 - 0x00007ffd0c77a000 	C:\WINDOWS\SYSTEM32\dhcpcsvc.DLL
0x000000005a090000 - 0x000000005a0a1000 	C:\Program Files\Java\jre1.8.0_151\bin\nio.dll
0x00007ffd14320000 - 0x00007ffd14337000 	C:\WINDOWS\SYSTEM32\CRYPTSP.dll
0x00007ffd13d70000 - 0x00007ffd13da3000 	C:\WINDOWS\system32\rsaenh.dll
0x00007ffd14830000 - 0x00007ffd14859000 	C:\WINDOWS\SYSTEM32\USERENV.dll
0x00007ffd14340000 - 0x00007ffd1434b000 	C:\WINDOWS\SYSTEM32\CRYPTBASE.dll
0x000000005aa80000 - 0x000000005ac18000 	C:\Program Files\Java\jre1.8.0_151\bin\awt.dll
0x00007ffd16090000 - 0x00007ffd16155000 	C:\WINDOWS\System32\OLEAUT32.dll
0x00007ffd12620000 - 0x00007ffd126a7000 	C:\WINDOWS\SYSTEM32\apphelp.dll
0x00007ffd12ab0000 - 0x00007ffd12ada000 	C:\WINDOWS\system32\DWMAPI.DLL
0x00007ffd127a0000 - 0x00007ffd12835000 	C:\WINDOWS\system32\uxtheme.dll
0x00007ffceddf0000 - 0x00007ffcedf0e000 	C:\WINDOWS\system32\opengl32.dll
0x00007ffcee330000 - 0x00007ffcee35c000 	C:\WINDOWS\SYSTEM32\GLU32.dll
0x00007ffd17e60000 - 0x00007ffd17fc7000 	C:\WINDOWS\System32\MSCTF.dll
0x00007ffcf5d50000 - 0x00007ffcf5df9000 	C:\Program Files\Common Files\microsoft shared\ink\tiptsf.dll
0x00007ffd18390000 - 0x00007ffd184d9000 	C:\WINDOWS\System32\ole32.dll
0x00007ffce82f0000 - 0x00007ffce8306000 	C:\WINDOWS\system32\napinsp.dll
0x00007ffce8310000 - 0x00007ffce832a000 	C:\WINDOWS\system32\pnrpnsp.dll
0x00007ffd10f80000 - 0x00007ffd10f98000 	C:\WINDOWS\system32\NLAapi.dll
0x00007ffce8330000 - 0x00007ffce833e000 	C:\WINDOWS\System32\winrnr.dll
0x00007ffce8340000 - 0x00007ffce8355000 	C:\WINDOWS\System32\wshbth.dll

VM Arguments:
jvm_args: -Dfile.encoding=Cp1252 
java_command: com.app.example.MainClass
java_class_path (initial): C:\Users\falko\eclipse-workspace\downloapaper\bin;C:\Users\falko\eclipse-workspace\downloapaper\lib\selenium-server-standalone-3.6.0.jar
Launcher Type: SUN_STANDARD

Environment Variables:
PATH=C:/Program Files/Java/jre1.8.0_151/bin/server;C:/Program Files/Java/jre1.8.0_151/bin;C:/Program Files/Java/jre1.8.0_151/lib/amd64;C:\ProgramData\Oracle\Java\javapath;C:\WINDOWS\system32;C:\WINDOWS;C:\WINDOWS\System32\Wbem;C:\WINDOWS\System32\WindowsPowerShell\v1.0\;C:\Program Files (x86)\Common Files\Acronis\VirtualFile\;C:\Program Files (x86)\Common Files\Acronis\VirtualFile64\;C:\Program Files (x86)\Common Files\Acronis\SnapAPI\;C:\Program Files (x86)\Skype\Phone\;C:\Program Files\Microsoft SQL Server\130\Tools\Binn\;C:\Program Files\dotnet\;C:\Program Files\MiKTeX 2.9\miktex\bin\x64\;C:\Users\falko\AppData\Local\Microsoft\WindowsApps;C:\Users\falko\AppData\Local\GitHubDesktop\bin;%USERPROFILE%\AppData\Local\Microsoft\WindowsApps;;C:\WINDOWS\system32;
USERNAME=falko
OS=Windows_NT
PROCESSOR_IDENTIFIER=Intel64 Family 6 Model 142 Stepping 9, GenuineIntel



---------------  S Y S T E M  ---------------

OS: Windows 10.0 , 64 bit Build 16299 (10.0.16299.15)

CPU:total 4 (initial active 4) (2 cores per cpu, 2 threads per core) family 6 model 142 stepping 9, cmov, cx8, fxsr, mmx, sse, sse2, sse3, ssse3, sse4.1, sse4.2, popcnt, avx, avx2, aes, clmul, erms, 3dnowpref, lzcnt, ht, tsc, tscinvbit, bmi1, bmi2, adx

Memory: 4k page, physical 8193548k(1118184k free), swap 33359372k(5156k free)

vm_info: Java HotSpot(TM) 64-Bit Server VM (25.151-b12) for windows-amd64 JRE (1.8.0_151-b12), built on Sep  5 2017 19:33:46 by "java_re" with MS VC++ 10.0 (VS2010)

time: Sun Nov 26 20:02:56 2017
elapsed time: 1304 seconds (0d 0h 21m 44s)

