#
# There is insufficient memory for the Java Runtime Environment to continue.
# Native memory allocation (malloc) failed to allocate 32744 bytes for ChunkPool::allocate
# Possible reasons:
#   The system is out of physical RAM or swap space
#   In 32 bit mode, the process size limit was hit
# Possible solutions:
#   Reduce memory load on the system
#   Increase physical memory or swap space
#   Check if swap backing store is full
#   Use 64 bit Java on a 64 bit OS
#   Decrease Java heap size (-Xmx/-Xms)
#   Decrease number of Java threads
#   Decrease Java thread stack sizes (-Xss)
#   Set larger code cache with -XX:ReservedCodeCacheSize=
# This output file may be truncated or incomplete.
#
#  Out of Memory Error (allocation.cpp:273), pid=42372, tid=0x0000000000008d14
#
# JRE version: Java(TM) SE Runtime Environment (8.0_151-b12) (build 1.8.0_151-b12)
# Java VM: Java HotSpot(TM) 64-Bit Server VM (25.151-b12 mixed mode windows-amd64 compressed oops)
# Failed to write core dump. Minidumps are not enabled by default on client versions of Windows
#

---------------  T H R E A D  ---------------

Current thread (0x0000000019188000):  VMThread [stack: 0x000000001a220000,0x000000001a320000] [id=36116]

Stack: [0x000000001a220000,0x000000001a320000]
[error occurred during error reporting (printing stack bounds), id 0xc0000005]

Native frames: (J=compiled Java code, j=interpreted, Vv=VM code, C=native code)

VM_Operation (0x000000003febf4c0): BulkRevokeBias, mode: safepoint, requested by thread 0x000000001b8f0000


---------------  P R O C E S S  ---------------

Java Threads: ( => current thread )
  0x000000001b8f0000 JavaThread "Exec Stream Pumper" daemon [_thread_blocked, id=41076, stack(0x000000003fdc0000,0x000000003fec0000)]
  0x000000001b8f1800 JavaThread "Exec Stream Pumper" daemon [_thread_blocked, id=55084, stack(0x000000003fcc0000,0x000000003fdc0000)]
  0x000000001b8eb000 JavaThread "Exec Default Executor" daemon [_thread_blocked, id=39240, stack(0x000000003fbc0000,0x000000003fcc0000)]
  0x000000001b8ee000 JavaThread "Exec Stream Pumper" daemon [_thread_in_native, id=36392, stack(0x000000003f4c0000,0x000000003f5c0000)]
  0x000000001b8ed000 JavaThread "Exec Stream Pumper" daemon [_thread_in_native, id=55504, stack(0x000000003f3c0000,0x000000003f4c0000)]
  0x000000001b8ef800 JavaThread "Exec Default Executor" daemon [_thread_in_native, id=51920, stack(0x000000003f2c0000,0x000000003f3c0000)]
  0x000000001b8e8000 JavaThread "Exec Stream Pumper" daemon [_thread_in_native, id=53156, stack(0x000000003f1c0000,0x000000003f2c0000)]
  0x000000001b8ea000 JavaThread "Exec Stream Pumper" daemon [_thread_in_native, id=46624, stack(0x000000003f0c0000,0x000000003f1c0000)]
  0x000000001b8e9800 JavaThread "Exec Default Executor" daemon [_thread_in_native, id=53548, stack(0x000000003efc0000,0x000000003f0c0000)]
  0x000000001b8ec800 JavaThread "Exec Stream Pumper" daemon [_thread_in_native, id=52908, stack(0x000000003eec0000,0x000000003efc0000)]
  0x000000001b8ee800 JavaThread "Exec Stream Pumper" daemon [_thread_in_native, id=51224, stack(0x000000003edc0000,0x000000003eec0000)]
  0x000000001b8e7000 JavaThread "Exec Default Executor" daemon [_thread_in_native, id=45296, stack(0x000000003ecc0000,0x000000003edc0000)]
  0x000000001b8e8800 JavaThread "Exec Stream Pumper" daemon [_thread_in_native, id=34528, stack(0x000000003ebc0000,0x000000003ecc0000)]
  0x000000001b8eb800 JavaThread "Exec Stream Pumper" daemon [_thread_in_native, id=37340, stack(0x000000003eac0000,0x000000003ebc0000)]
  0x000000001b8e6800 JavaThread "Exec Default Executor" daemon [_thread_in_native, id=2476, stack(0x000000003e9c0000,0x000000003eac0000)]
  0x000000001b8df000 JavaThread "Exec Stream Pumper" daemon [_thread_in_native, id=35312, stack(0x000000003e8c0000,0x000000003e9c0000)]
  0x000000001b8e5800 JavaThread "Exec Stream Pumper" daemon [_thread_in_native, id=48720, stack(0x000000003e7c0000,0x000000003e8c0000)]
  0x000000001b8de000 JavaThread "Exec Default Executor" daemon [_thread_in_native, id=10944, stack(0x000000003e6c0000,0x000000003e7c0000)]
  0x000000001b8e5000 JavaThread "Exec Stream Pumper" daemon [_thread_in_native, id=43808, stack(0x000000003e5c0000,0x000000003e6c0000)]
  0x000000001b8dd800 JavaThread "Exec Stream Pumper" daemon [_thread_in_native, id=38592, stack(0x000000003e4c0000,0x000000003e5c0000)]
  0x000000001b8e4000 JavaThread "Exec Default Executor" daemon [_thread_in_native, id=54216, stack(0x000000003e3c0000,0x000000003e4c0000)]
  0x000000001b8e2800 JavaThread "Exec Stream Pumper" daemon [_thread_in_native, id=50184, stack(0x000000003e2c0000,0x000000003e3c0000)]
  0x000000001b8e2000 JavaThread "Exec Stream Pumper" daemon [_thread_in_native, id=39880, stack(0x000000003e1c0000,0x000000003e2c0000)]
  0x000000001b8e1000 JavaThread "Exec Default Executor" daemon [_thread_in_native, id=39636, stack(0x000000003e0c0000,0x000000003e1c0000)]
  0x000000001b8dc800 JavaThread "Exec Stream Pumper" daemon [_thread_in_native, id=52044, stack(0x000000003dcc0000,0x000000003ddc0000)]
  0x000000001b8df800 JavaThread "Exec Stream Pumper" daemon [_thread_in_native, id=30376, stack(0x000000003dbc0000,0x000000003dcc0000)]
  0x000000001b8e0800 JavaThread "Exec Default Executor" daemon [_thread_in_native, id=47188, stack(0x000000003dac0000,0x000000003dbc0000)]
  0x000000001b8e3800 JavaThread "Exec Stream Pumper" daemon [_thread_in_native, id=55824, stack(0x000000003d9c0000,0x000000003dac0000)]
  0x000000001b8dc000 JavaThread "Exec Stream Pumper" daemon [_thread_in_native, id=46316, stack(0x000000003d8c0000,0x000000003d9c0000)]
  0x000000001b8d4000 JavaThread "Exec Default Executor" daemon [_thread_in_native, id=51980, stack(0x000000003d7c0000,0x000000003d8c0000)]
  0x000000001b8db000 JavaThread "Exec Stream Pumper" daemon [_thread_in_native, id=9976, stack(0x000000003d6c0000,0x000000003d7c0000)]
  0x000000001b8da000 JavaThread "Exec Stream Pumper" daemon [_thread_in_native, id=25960, stack(0x000000003d5c0000,0x000000003d6c0000)]
  0x000000001b8d2800 JavaThread "Exec Default Executor" daemon [_thread_in_native, id=35744, stack(0x000000003d4c0000,0x000000003d5c0000)]
  0x000000001b8d9800 JavaThread "Exec Stream Pumper" daemon [_thread_in_native, id=46116, stack(0x000000003d3c0000,0x000000003d4c0000)]
  0x000000001b8d7000 JavaThread "Exec Stream Pumper" daemon [_thread_in_native, id=42856, stack(0x000000003d2c0000,0x000000003d3c0000)]
  0x000000001b8d8800 JavaThread "Exec Default Executor" daemon [_thread_in_native, id=41400, stack(0x000000003d1c0000,0x000000003d2c0000)]
  0x000000001b8d6800 JavaThread "Exec Stream Pumper" daemon [_thread_in_native, id=34764, stack(0x000000003d0c0000,0x000000003d1c0000)]
  0x000000001b8d5000 JavaThread "Exec Stream Pumper" daemon [_thread_in_native, id=48372, stack(0x000000003cfc0000,0x000000003d0c0000)]
  0x000000001b8d3800 JavaThread "Exec Default Executor" daemon [_thread_in_native, id=41852, stack(0x000000003cec0000,0x000000003cfc0000)]
  0x000000001b8d1000 JavaThread "Exec Stream Pumper" daemon [_thread_in_native, id=47280, stack(0x000000003cdc0000,0x000000003cec0000)]
  0x000000001b8d2000 JavaThread "Exec Stream Pumper" daemon [_thread_in_native, id=46376, stack(0x000000003ccc0000,0x000000003cdc0000)]
  0x000000001b8d8000 JavaThread "Exec Default Executor" daemon [_thread_in_native, id=47164, stack(0x000000003cbc0000,0x000000003ccc0000)]
  0x000000001b8d5800 JavaThread "Exec Stream Pumper" daemon [_thread_in_native, id=41096, stack(0x000000003cac0000,0x000000003cbc0000)]
  0x000000001cb38000 JavaThread "Exec Stream Pumper" daemon [_thread_in_native, id=39828, stack(0x000000003c9c0000,0x000000003cac0000)]
  0x000000001cb38800 JavaThread "Exec Default Executor" daemon [_thread_in_native, id=6984, stack(0x000000003c8c0000,0x000000003c9c0000)]
  0x000000001cb37000 JavaThread "Exec Stream Pumper" daemon [_thread_in_native, id=55652, stack(0x000000003c7c0000,0x000000003c8c0000)]
  0x000000001cb39800 JavaThread "Exec Stream Pumper" daemon [_thread_in_native, id=44300, stack(0x000000003c6c0000,0x000000003c7c0000)]
  0x000000001cb36800 JavaThread "Exec Default Executor" daemon [_thread_in_native, id=7232, stack(0x000000003c5c0000,0x000000003c6c0000)]
  0x000000001cb35800 JavaThread "Exec Stream Pumper" daemon [_thread_in_native, id=50264, stack(0x000000003c4c0000,0x000000003c5c0000)]
  0x000000001cb35000 JavaThread "Exec Stream Pumper" daemon [_thread_in_native, id=30296, stack(0x000000003c3c0000,0x000000003c4c0000)]
  0x000000001cb34000 JavaThread "Exec Default Executor" daemon [_thread_in_native, id=13268, stack(0x000000003c2c0000,0x000000003c3c0000)]
  0x000000001cb33800 JavaThread "Exec Stream Pumper" daemon [_thread_in_native, id=46252, stack(0x000000003c1c0000,0x000000003c2c0000)]
  0x000000001cb2c000 JavaThread "Exec Stream Pumper" daemon [_thread_in_native, id=42280, stack(0x000000003c0c0000,0x000000003c1c0000)]
  0x000000001cb32800 JavaThread "Exec Default Executor" daemon [_thread_in_native, id=40360, stack(0x000000003bfc0000,0x000000003c0c0000)]
  0x000000001cb32000 JavaThread "Exec Stream Pumper" daemon [_thread_in_native, id=35564, stack(0x000000003bec0000,0x000000003bfc0000)]
  0x000000001cb31000 JavaThread "Exec Stream Pumper" daemon [_thread_in_native, id=17840, stack(0x000000003bdc0000,0x000000003bec0000)]
  0x000000001cb30800 JavaThread "Exec Default Executor" daemon [_thread_in_native, id=30192, stack(0x000000003bcc0000,0x000000003bdc0000)]
  0x000000001cb2f000 JavaThread "Exec Stream Pumper" daemon [_thread_in_native, id=46160, stack(0x000000003bbc0000,0x000000003bcc0000)]
  0x000000001cb2b000 JavaThread "Exec Stream Pumper" daemon [_thread_in_native, id=36592, stack(0x000000003bac0000,0x000000003bbc0000)]
  0x000000001cb2c800 JavaThread "Exec Default Executor" daemon [_thread_in_native, id=41252, stack(0x000000003b8c0000,0x000000003b9c0000)]
  0x000000001cb29800 JavaThread "Exec Stream Pumper" daemon [_thread_in_native, id=24060, stack(0x000000003b7c0000,0x000000003b8c0000)]
  0x000000001cb2e000 JavaThread "Exec Stream Pumper" daemon [_thread_in_native, id=31028, stack(0x000000003b6c0000,0x000000003b7c0000)]
  0x000000001cb2d800 JavaThread "Exec Default Executor" daemon [_thread_in_native, id=49976, stack(0x000000003b5c0000,0x000000003b6c0000)]
  0x000000001cb2f800 JavaThread "Exec Stream Pumper" daemon [_thread_in_native, id=40904, stack(0x000000003b4c0000,0x000000003b5c0000)]
  0x000000001cb2a800 JavaThread "Exec Stream Pumper" daemon [_thread_in_native, id=47120, stack(0x000000003b3c0000,0x000000003b4c0000)]
  0x000000001cb22800 JavaThread "Exec Default Executor" daemon [_thread_in_native, id=53076, stack(0x000000003b2c0000,0x000000003b3c0000)]
  0x000000001cb28000 JavaThread "Exec Stream Pumper" daemon [_thread_in_native, id=39196, stack(0x000000003b1c0000,0x000000003b2c0000)]
  0x000000001cb27800 JavaThread "Exec Stream Pumper" daemon [_thread_in_native, id=3392, stack(0x000000003b0c0000,0x000000003b1c0000)]
  0x000000001cb29000 JavaThread "Exec Default Executor" daemon [_thread_in_native, id=39840, stack(0x000000003afc0000,0x000000003b0c0000)]
  0x000000001cb26800 JavaThread "Exec Stream Pumper" daemon [_thread_in_native, id=42968, stack(0x000000003aec0000,0x000000003afc0000)]
  0x000000001cb20800 JavaThread "Exec Stream Pumper" daemon [_thread_in_native, id=33196, stack(0x000000003adc0000,0x000000003aec0000)]
  0x000000001cb22000 JavaThread "Exec Default Executor" daemon [_thread_in_native, id=6484, stack(0x000000003acc0000,0x000000003adc0000)]
  0x000000001cb26000 JavaThread "Exec Stream Pumper" daemon [_thread_in_native, id=52036, stack(0x000000003abc0000,0x000000003acc0000)]
  0x000000001cb23800 JavaThread "Exec Stream Pumper" daemon [_thread_in_native, id=42000, stack(0x000000003aac0000,0x000000003abc0000)]
  0x000000001cb1f000 JavaThread "Exec Default Executor" daemon [_thread_in_native, id=36068, stack(0x000000003a9c0000,0x000000003aac0000)]
  0x000000001cb1e000 JavaThread "Exec Stream Pumper" daemon [_thread_in_native, id=46992, stack(0x000000003a8c0000,0x000000003a9c0000)]
  0x000000001cb24000 JavaThread "Exec Stream Pumper" daemon [_thread_in_native, id=50488, stack(0x000000003a7c0000,0x000000003a8c0000)]
  0x000000001cb25000 JavaThread "Exec Default Executor" daemon [_thread_in_native, id=51692, stack(0x000000003a6c0000,0x000000003a7c0000)]
  0x000000001cb1f800 JavaThread "Exec Stream Pumper" daemon [_thread_in_native, id=41164, stack(0x000000003a5c0000,0x000000003a6c0000)]
  0x000000001cb21000 JavaThread "Exec Stream Pumper" daemon [_thread_in_native, id=9968, stack(0x000000003a4c0000,0x000000003a5c0000)]
  0x000000001cb18000 JavaThread "Exec Default Executor" daemon [_thread_in_native, id=45712, stack(0x000000003a3c0000,0x000000003a4c0000)]
  0x000000001cb1d800 JavaThread "Exec Stream Pumper" daemon [_thread_in_native, id=29860, stack(0x000000003a2c0000,0x000000003a3c0000)]
  0x000000001cb16000 JavaThread "Exec Stream Pumper" daemon [_thread_in_native, id=34344, stack(0x000000003a1c0000,0x000000003a2c0000)]
  0x000000001cb19800 JavaThread "Exec Default Executor" daemon [_thread_in_native, id=45132, stack(0x000000003a0c0000,0x000000003a1c0000)]
  0x000000001cb16800 JavaThread "Exec Stream Pumper" daemon [_thread_in_native, id=33708, stack(0x0000000039fc0000,0x000000003a0c0000)]
  0x000000001cb1b000 JavaThread "Exec Stream Pumper" daemon [_thread_in_native, id=45096, stack(0x0000000039ec0000,0x0000000039fc0000)]
  0x000000001cb1c800 JavaThread "Exec Default Executor" daemon [_thread_in_native, id=10916, stack(0x0000000039dc0000,0x0000000039ec0000)]
  0x000000001cb1a800 JavaThread "Exec Stream Pumper" daemon [_thread_in_native, id=45436, stack(0x0000000039bc0000,0x0000000039cc0000)]
  0x000000001cb17800 JavaThread "Exec Stream Pumper" daemon [_thread_in_native, id=35964, stack(0x0000000039ac0000,0x0000000039bc0000)]
  0x000000001cb19000 JavaThread "Exec Default Executor" daemon [_thread_in_native, id=49992, stack(0x00000000399c0000,0x0000000039ac0000)]
  0x000000001cb15000 JavaThread "Exec Stream Pumper" daemon [_thread_in_native, id=33120, stack(0x00000000398c0000,0x00000000399c0000)]
  0x000000001cb1c000 JavaThread "Exec Stream Pumper" daemon [_thread_in_native, id=39056, stack(0x00000000397c0000,0x00000000398c0000)]
  0x000000001cb0d800 JavaThread "Exec Default Executor" daemon [_thread_in_native, id=44512, stack(0x00000000396c0000,0x00000000397c0000)]
  0x000000001cb14800 JavaThread "Exec Stream Pumper" daemon [_thread_in_native, id=40112, stack(0x00000000395c0000,0x00000000396c0000)]
  0x000000001cb13800 JavaThread "Exec Stream Pumper" daemon [_thread_in_native, id=40704, stack(0x00000000394c0000,0x00000000395c0000)]
  0x000000001cb12000 JavaThread "Exec Default Executor" daemon [_thread_in_native, id=35152, stack(0x00000000393c0000,0x00000000394c0000)]
  0x000000001cb10800 JavaThread "Exec Stream Pumper" daemon [_thread_in_native, id=41692, stack(0x00000000392c0000,0x00000000393c0000)]
  0x000000001cb0c000 JavaThread "Exec Stream Pumper" daemon [_thread_in_native, id=20996, stack(0x00000000391c0000,0x00000000392c0000)]
  0x000000001cb13000 JavaThread "Exec Default Executor" daemon [_thread_in_native, id=14764, stack(0x00000000390c0000,0x00000000391c0000)]
  0x000000001cb11800 JavaThread "Exec Stream Pumper" daemon [_thread_in_native, id=54140, stack(0x0000000038fc0000,0x00000000390c0000)]
  0x000000001cb0b800 JavaThread "Exec Stream Pumper" daemon [_thread_in_native, id=52868, stack(0x0000000038ec0000,0x0000000038fc0000)]
  0x000000001cb0e800 JavaThread "Exec Default Executor" daemon [_thread_in_native, id=53228, stack(0x0000000038dc0000,0x0000000038ec0000)]
  0x000000001cb0d000 JavaThread "Exec Stream Pumper" daemon [_thread_in_native, id=15012, stack(0x0000000038cc0000,0x0000000038dc0000)]
  0x000000001cb10000 JavaThread "Exec Stream Pumper" daemon [_thread_in_native, id=50168, stack(0x0000000038bc0000,0x0000000038cc0000)]
  0x000000001cb0f000 JavaThread "Exec Default Executor" daemon [_thread_in_native, id=50164, stack(0x0000000038ac0000,0x0000000038bc0000)]
  0x000000001cb04000 JavaThread "Exec Stream Pumper" daemon [_thread_in_native, id=37152, stack(0x00000000389c0000,0x0000000038ac0000)]
  0x000000001cb0a800 JavaThread "Exec Stream Pumper" daemon [_thread_in_native, id=32180, stack(0x00000000388c0000,0x00000000389c0000)]
  0x000000001cb03000 JavaThread "Exec Default Executor" daemon [_thread_in_native, id=34168, stack(0x00000000387c0000,0x00000000388c0000)]
  0x000000001cb0a000 JavaThread "Exec Stream Pumper" daemon [_thread_in_native, id=54600, stack(0x00000000386c0000,0x00000000387c0000)]
  0x000000001cb09000 JavaThread "Exec Stream Pumper" daemon [_thread_in_native, id=51416, stack(0x00000000385c0000,0x00000000386c0000)]
  0x000000001cb07800 JavaThread "Exec Default Executor" daemon [_thread_in_native, id=51260, stack(0x00000000384c0000,0x00000000385c0000)]
  0x000000001cb08800 JavaThread "Exec Stream Pumper" daemon [_thread_in_native, id=45316, stack(0x00000000383c0000,0x00000000384c0000)]
  0x000000001cb01000 JavaThread "Exec Stream Pumper" daemon [_thread_in_native, id=14576, stack(0x00000000382c0000,0x00000000383c0000)]
  0x000000001cb00000 JavaThread "Exec Default Executor" daemon [_thread_in_native, id=15040, stack(0x00000000381c0000,0x00000000382c0000)]
  0x000000001cb06000 JavaThread "Exec Stream Pumper" daemon [_thread_in_native, id=45228, stack(0x00000000380c0000,0x00000000381c0000)]
  0x000000001cb05800 JavaThread "Exec Stream Pumper" daemon [_thread_in_native, id=51304, stack(0x0000000037fc0000,0x00000000380c0000)]
  0x000000001cb04800 JavaThread "Exec Default Executor" daemon [_thread_in_native, id=43532, stack(0x0000000037ec0000,0x0000000037fc0000)]
  0x000000001cb07000 JavaThread "Exec Stream Pumper" daemon [_thread_in_native, id=1188, stack(0x0000000037dc0000,0x0000000037ec0000)]
  0x000000001cb02800 JavaThread "Exec Stream Pumper" daemon [_thread_in_native, id=33840, stack(0x0000000037cc0000,0x0000000037dc0000)]
  0x000000001cafb800 JavaThread "Exec Default Executor" daemon [_thread_in_native, id=52484, stack(0x0000000037bc0000,0x0000000037cc0000)]
  0x000000001cb01800 JavaThread "Exec Stream Pumper" daemon [_thread_in_native, id=11568, stack(0x0000000037ac0000,0x0000000037bc0000)]
  0x000000001cafd000 JavaThread "Exec Stream Pumper" daemon [_thread_in_native, id=52776, stack(0x00000000379c0000,0x0000000037ac0000)]
  0x000000001caff800 JavaThread "Exec Default Executor" daemon [_thread_in_native, id=55764, stack(0x00000000378c0000,0x00000000379c0000)]
  0x000000001cafc800 JavaThread "Exec Stream Pumper" daemon [_thread_in_native, id=39748, stack(0x00000000377c0000,0x00000000378c0000)]
  0x000000001cafe800 JavaThread "Exec Stream Pumper" daemon [_thread_in_native, id=37316, stack(0x00000000376c0000,0x00000000377c0000)]
  0x000000001cafb000 JavaThread "Exec Default Executor" daemon [_thread_in_native, id=47944, stack(0x00000000375c0000,0x00000000376c0000)]
  0x000000001caf9800 JavaThread "Exec Stream Pumper" daemon [_thread_in_native, id=48376, stack(0x00000000374c0000,0x00000000375c0000)]
  0x000000001cafa000 JavaThread "Exec Stream Pumper" daemon [_thread_in_native, id=44352, stack(0x00000000373c0000,0x00000000374c0000)]
  0x000000001cafe000 JavaThread "Exec Default Executor" daemon [_thread_in_native, id=21100, stack(0x00000000372c0000,0x00000000373c0000)]
  0x000000001ae80000 JavaThread "Exec Stream Pumper" daemon [_thread_in_native, id=36232, stack(0x00000000371c0000,0x00000000372c0000)]
  0x000000001ae7e800 JavaThread "Exec Stream Pumper" daemon [_thread_in_native, id=52612, stack(0x00000000370c0000,0x00000000371c0000)]
  0x000000001ae7f000 JavaThread "Exec Default Executor" daemon [_thread_in_native, id=46312, stack(0x0000000036fc0000,0x00000000370c0000)]
  0x000000001ae7d800 JavaThread "Exec Stream Pumper" daemon [_thread_in_native, id=35752, stack(0x0000000036ec0000,0x0000000036fc0000)]
  0x000000001ae7d000 JavaThread "Exec Stream Pumper" daemon [_thread_in_native, id=24264, stack(0x0000000036dc0000,0x0000000036ec0000)]
  0x000000001ae7b800 JavaThread "Exec Default Executor" daemon [_thread_in_native, id=24408, stack(0x0000000036cc0000,0x0000000036dc0000)]
  0x000000001ae75800 JavaThread "Exec Stream Pumper" daemon [_thread_in_native, id=56156, stack(0x0000000036bc0000,0x0000000036cc0000)]
  0x000000001ae7c000 JavaThread "Exec Stream Pumper" daemon [_thread_in_native, id=51624, stack(0x0000000036ac0000,0x0000000036bc0000)]
  0x000000001ae74800 JavaThread "Exec Default Executor" daemon [_thread_in_native, id=47444, stack(0x00000000369c0000,0x0000000036ac0000)]
  0x000000001ae73800 JavaThread "Exec Stream Pumper" daemon [_thread_in_native, id=55388, stack(0x00000000368c0000,0x00000000369c0000)]
  0x000000001ae7a800 JavaThread "Exec Stream Pumper" daemon [_thread_in_native, id=54480, stack(0x00000000367c0000,0x00000000368c0000)]
  0x000000001ae73000 JavaThread "Exec Default Executor" daemon [_thread_in_native, id=54276, stack(0x00000000366c0000,0x00000000367c0000)]
  0x000000001ae7a000 JavaThread "Exec Stream Pumper" daemon [_thread_in_native, id=53272, stack(0x00000000365c0000,0x00000000366c0000)]
  0x000000001ae72000 JavaThread "Exec Stream Pumper" daemon [_thread_in_native, id=52792, stack(0x00000000364c0000,0x00000000365c0000)]
  0x000000001ae79000 JavaThread "Exec Default Executor" daemon [_thread_in_native, id=52936, stack(0x00000000363c0000,0x00000000364c0000)]
  0x000000001ae77800 JavaThread "Exec Stream Pumper" daemon [_thread_in_native, id=48016, stack(0x00000000362c0000,0x00000000363c0000)]
  0x000000001ae76000 JavaThread "Exec Stream Pumper" daemon [_thread_in_native, id=45488, stack(0x00000000361c0000,0x00000000362c0000)]
  0x000000001ae71800 JavaThread "Exec Default Executor" daemon [_thread_in_native, id=30156, stack(0x00000000360c0000,0x00000000361c0000)]
  0x000000001ae78800 JavaThread "Exec Stream Pumper" daemon [_thread_in_native, id=49940, stack(0x0000000035fc0000,0x00000000360c0000)]
  0x000000001ae77000 JavaThread "Exec Stream Pumper" daemon [_thread_in_native, id=12448, stack(0x0000000035ec0000,0x0000000035fc0000)]
  0x000000001ae6d800 JavaThread "Exec Default Executor" daemon [_thread_in_native, id=50920, stack(0x0000000035dc0000,0x0000000035ec0000)]
  0x000000001ae6e800 JavaThread "Exec Stream Pumper" daemon [_thread_in_native, id=7296, stack(0x0000000035cc0000,0x0000000035dc0000)]
  0x000000001ae6a800 JavaThread "Exec Stream Pumper" daemon [_thread_in_native, id=48544, stack(0x0000000035bc0000,0x0000000035cc0000)]
  0x000000001ae6d000 JavaThread "Exec Default Executor" daemon [_thread_in_native, id=50764, stack(0x0000000035ac0000,0x0000000035bc0000)]
  0x000000001ae6f000 JavaThread "Exec Stream Pumper" daemon [_thread_in_native, id=46432, stack(0x00000000358c0000,0x00000000359c0000)]
  0x000000001ae70800 JavaThread "Exec Stream Pumper" daemon [_thread_in_native, id=46428, stack(0x00000000357c0000,0x00000000358c0000)]
  0x000000001ae6c000 JavaThread "Exec Default Executor" daemon [_thread_in_native, id=46984, stack(0x00000000356c0000,0x00000000357c0000)]
  0x000000001ae6b800 JavaThread "Exec Stream Pumper" daemon [_thread_in_native, id=46712, stack(0x00000000355c0000,0x00000000356c0000)]
  0x000000001ae70000 JavaThread "Exec Stream Pumper" daemon [_thread_in_native, id=41240, stack(0x00000000354c0000,0x00000000355c0000)]
  0x000000001ae63000 JavaThread "Exec Default Executor" daemon [_thread_in_native, id=37900, stack(0x00000000353c0000,0x00000000354c0000)]
  0x000000001ae6a000 JavaThread "Exec Stream Pumper" daemon [_thread_in_native, id=19824, stack(0x00000000352c0000,0x00000000353c0000)]
  0x000000001ae62800 JavaThread "Exec Stream Pumper" daemon [_thread_in_native, id=40932, stack(0x00000000351c0000,0x00000000352c0000)]
  0x000000001ae69000 JavaThread "Exec Default Executor" daemon [_thread_in_native, id=42880, stack(0x00000000350c0000,0x00000000351c0000)]
  0x000000001ae68800 JavaThread "Exec Stream Pumper" daemon [_thread_in_native, id=42932, stack(0x0000000034fc0000,0x00000000350c0000)]
  0x000000001ae61800 JavaThread "Exec Stream Pumper" daemon [_thread_in_native, id=46256, stack(0x0000000034ec0000,0x0000000034fc0000)]
  0x000000001ae67800 JavaThread "Exec Default Executor" daemon [_thread_in_native, id=53572, stack(0x0000000034dc0000,0x0000000034ec0000)]
  0x000000001ae64800 JavaThread "Exec Stream Pumper" daemon [_thread_in_native, id=35596, stack(0x0000000034cc0000,0x0000000034dc0000)]
  0x000000001ae61000 JavaThread "Exec Stream Pumper" daemon [_thread_in_native, id=55728, stack(0x0000000034bc0000,0x0000000034cc0000)]
  0x000000001ae64000 JavaThread "Exec Default Executor" daemon [_thread_in_native, id=38044, stack(0x0000000034ac0000,0x0000000034bc0000)]
  0x000000001ae67000 JavaThread "Exec Stream Pumper" daemon [_thread_in_native, id=56056, stack(0x0000000033400000,0x0000000033500000)]
  0x000000001ae66000 JavaThread "Exec Stream Pumper" daemon [_thread_in_native, id=55588, stack(0x0000000033300000,0x0000000033400000)]
  0x000000001ae65800 JavaThread "Exec Default Executor" daemon [_thread_in_native, id=55840, stack(0x0000000033200000,0x0000000033300000)]
  0x000000001c6d5000 JavaThread "Exec Stream Pumper" daemon [_thread_in_native, id=55916, stack(0x0000000033100000,0x0000000033200000)]
  0x000000001c6d3800 JavaThread "Exec Stream Pumper" daemon [_thread_in_native, id=53620, stack(0x0000000033000000,0x0000000033100000)]
  0x000000001c6d6800 JavaThread "Exec Default Executor" daemon [_thread_in_native, id=56316, stack(0x0000000032f00000,0x0000000033000000)]
  0x000000001c6d4000 JavaThread "Exec Stream Pumper" daemon [_thread_in_native, id=54356, stack(0x0000000032e00000,0x0000000032f00000)]
  0x000000001c6d8000 JavaThread "Exec Stream Pumper" daemon [_thread_in_native, id=55008, stack(0x0000000032d00000,0x0000000032e00000)]
  0x000000001c6d7000 JavaThread "Exec Default Executor" daemon [_thread_in_native, id=42732, stack(0x0000000032c00000,0x0000000032d00000)]
  0x000000001c6d2800 JavaThread "Exec Stream Pumper" daemon [_thread_in_native, id=56192, stack(0x0000000032b00000,0x0000000032c00000)]
  0x000000001c6d5800 JavaThread "Exec Stream Pumper" daemon [_thread_in_native, id=52264, stack(0x0000000032a00000,0x0000000032b00000)]
  0x000000001c6d2000 JavaThread "Exec Default Executor" daemon [_thread_in_native, id=55592, stack(0x0000000032900000,0x0000000032a00000)]
  0x000000001c6ca800 JavaThread "Exec Stream Pumper" daemon [_thread_in_native, id=55836, stack(0x0000000032800000,0x0000000032900000)]
  0x000000001c6d1000 JavaThread "Exec Stream Pumper" daemon [_thread_in_native, id=55372, stack(0x0000000032700000,0x0000000032800000)]
  0x000000001c6d0800 JavaThread "Exec Default Executor" daemon [_thread_in_native, id=55800, stack(0x0000000032600000,0x0000000032700000)]
  0x000000001c6cc800 JavaThread "Exec Stream Pumper" daemon [_thread_in_native, id=55156, stack(0x0000000032500000,0x0000000032600000)]
  0x000000001c6cf800 JavaThread "Exec Stream Pumper" daemon [_thread_in_native, id=53964, stack(0x0000000032400000,0x0000000032500000)]
  0x000000001c6cf000 JavaThread "Exec Default Executor" daemon [_thread_in_native, id=55668, stack(0x0000000032300000,0x0000000032400000)]
  0x000000001c6c7800 JavaThread "Exec Stream Pumper" daemon [_thread_in_native, id=55152, stack(0x0000000032200000,0x0000000032300000)]
  0x000000001c6cc000 JavaThread "Exec Stream Pumper" daemon [_thread_in_native, id=54016, stack(0x0000000032100000,0x0000000032200000)]
  0x000000001c6c9800 JavaThread "Exec Default Executor" daemon [_thread_in_native, id=54788, stack(0x0000000032000000,0x0000000032100000)]
  0x000000001c6ce000 JavaThread "Exec Stream Pumper" daemon [_thread_in_native, id=51528, stack(0x0000000031f00000,0x0000000032000000)]
  0x000000001c6cd800 JavaThread "Exec Stream Pumper" daemon [_thread_in_native, id=54428, stack(0x0000000031e00000,0x0000000031f00000)]
  0x000000001c6c6000 JavaThread "Exec Default Executor" daemon [_thread_in_native, id=48356, stack(0x0000000031d00000,0x0000000031e00000)]
  0x000000001c6c6800 JavaThread "Exec Stream Pumper" daemon [_thread_in_native, id=54280, stack(0x0000000031c00000,0x0000000031d00000)]
  0x000000001c6c9000 JavaThread "Exec Stream Pumper" daemon [_thread_in_native, id=54116, stack(0x0000000031b00000,0x0000000031c00000)]
  0x000000001c6c8000 JavaThread "Exec Default Executor" daemon [_thread_in_native, id=32976, stack(0x0000000031a00000,0x0000000031b00000)]
  0x000000001c6c4800 JavaThread "Exec Stream Pumper" daemon [_thread_in_native, id=55424, stack(0x0000000031900000,0x0000000031a00000)]
  0x000000001c6cb000 JavaThread "Exec Stream Pumper" daemon [_thread_in_native, id=55420, stack(0x0000000031800000,0x0000000031900000)]
  0x000000001c6c5000 JavaThread "Exec Default Executor" daemon [_thread_in_native, id=55408, stack(0x0000000031700000,0x0000000031800000)]
  0x000000001c6bd000 JavaThread "Exec Stream Pumper" daemon [_thread_in_native, id=54560, stack(0x0000000031600000,0x0000000031700000)]
  0x000000001c6c3800 JavaThread "Exec Stream Pumper" daemon [_thread_in_native, id=54120, stack(0x0000000031500000,0x0000000031600000)]
  0x000000001c6bc000 JavaThread "Exec Default Executor" daemon [_thread_in_native, id=54956, stack(0x0000000031400000,0x0000000031500000)]
  0x000000001c6c3000 JavaThread "Exec Stream Pumper" daemon [_thread_in_native, id=55056, stack(0x0000000031300000,0x0000000031400000)]
  0x000000001c6c2000 JavaThread "Exec Stream Pumper" daemon [_thread_in_native, id=55160, stack(0x0000000031200000,0x0000000031300000)]
  0x000000001c6ba800 JavaThread "Exec Default Executor" daemon [_thread_in_native, id=43344, stack(0x0000000031100000,0x0000000031200000)]
  0x000000001c6bb800 JavaThread "Exec Stream Pumper" daemon [_thread_in_native, id=54564, stack(0x0000000031000000,0x0000000031100000)]
  0x000000001c6c1800 JavaThread "Exec Stream Pumper" daemon [_thread_in_native, id=51384, stack(0x0000000030f00000,0x0000000031000000)]
  0x000000001c6ba000 JavaThread "Exec Default Executor" daemon [_thread_in_native, id=54320, stack(0x0000000030e00000,0x0000000030f00000)]
  0x000000001c6c0800 JavaThread "Exec Stream Pumper" daemon [_thread_in_native, id=38352, stack(0x0000000030d00000,0x0000000030e00000)]
  0x000000001c6b9000 JavaThread "Exec Stream Pumper" daemon [_thread_in_native, id=52576, stack(0x0000000030c00000,0x0000000030d00000)]
  0x000000001c6bf000 JavaThread "Exec Default Executor" daemon [_thread_in_native, id=54304, stack(0x0000000030b00000,0x0000000030c00000)]
  0x000000001c6bd800 JavaThread "Exec Stream Pumper" daemon [_thread_in_native, id=55140, stack(0x0000000030a00000,0x0000000030b00000)]
  0x000000001c6be800 JavaThread "Exec Stream Pumper" daemon [_thread_in_native, id=55136, stack(0x0000000030900000,0x0000000030a00000)]
  0x000000001c6c0000 JavaThread "Exec Default Executor" daemon [_thread_in_native, id=55124, stack(0x0000000030800000,0x0000000030900000)]
  0x000000001b489800 JavaThread "Exec Stream Pumper" daemon [_thread_in_native, id=11112, stack(0x0000000030700000,0x0000000030800000)]
  0x000000001b482000 JavaThread "Exec Stream Pumper" daemon [_thread_in_native, id=38272, stack(0x0000000030600000,0x0000000030700000)]
  0x000000001b488000 JavaThread "Exec Default Executor" daemon [_thread_in_native, id=38940, stack(0x0000000030500000,0x0000000030600000)]
  0x000000001b486800 JavaThread "Exec Stream Pumper" daemon [_thread_in_native, id=33956, stack(0x0000000030400000,0x0000000030500000)]
  0x000000001b483000 JavaThread "Exec Stream Pumper" daemon [_thread_in_native, id=52988, stack(0x0000000030300000,0x0000000030400000)]
  0x000000001b485000 JavaThread "Exec Default Executor" daemon [_thread_in_native, id=52736, stack(0x0000000030200000,0x0000000030300000)]
  0x000000001b484800 JavaThread "Exec Stream Pumper" daemon [_thread_in_native, id=53784, stack(0x0000000030100000,0x0000000030200000)]
  0x000000001b483800 JavaThread "Exec Stream Pumper" daemon [_thread_in_native, id=46048, stack(0x0000000030000000,0x0000000030100000)]
  0x000000001b487800 JavaThread "Exec Default Executor" daemon [_thread_in_native, id=41544, stack(0x000000002ff00000,0x0000000030000000)]
  0x000000001b486000 JavaThread "Exec Stream Pumper" daemon [_thread_in_native, id=53832, stack(0x000000002fe00000,0x000000002ff00000)]
  0x000000001b489000 JavaThread "Exec Stream Pumper" daemon [_thread_in_native, id=53828, stack(0x000000002fd00000,0x000000002fe00000)]
  0x000000001b481800 JavaThread "Exec Default Executor" daemon [_thread_in_native, id=53764, stack(0x000000002fc00000,0x000000002fd00000)]
  0x000000001b479800 JavaThread "Exec Stream Pumper" daemon [_thread_in_native, id=53376, stack(0x000000002fb00000,0x000000002fc00000)]
  0x000000001b47b000 JavaThread "Exec Stream Pumper" daemon [_thread_in_native, id=53372, stack(0x000000002fa00000,0x000000002fb00000)]
  0x000000001b47a800 JavaThread "Exec Default Executor" daemon [_thread_in_native, id=53360, stack(0x000000002f900000,0x000000002fa00000)]
  0x000000001b480800 JavaThread "Exec Stream Pumper" daemon [_thread_in_native, id=53096, stack(0x000000002f800000,0x000000002f900000)]
  0x000000001b479000 JavaThread "Exec Stream Pumper" daemon [_thread_in_native, id=53056, stack(0x000000002f700000,0x000000002f800000)]
  0x000000001b47e800 JavaThread "Exec Default Executor" daemon [_thread_in_native, id=52372, stack(0x000000002f600000,0x000000002f700000)]
  0x000000001b480000 JavaThread "Exec Stream Pumper" daemon [_thread_in_native, id=52240, stack(0x000000002f500000,0x000000002f600000)]
  0x000000001b47f000 JavaThread "Exec Stream Pumper" daemon [_thread_in_native, id=52236, stack(0x000000002f400000,0x000000002f500000)]
  0x000000001b477800 JavaThread "Exec Default Executor" daemon [_thread_in_native, id=51720, stack(0x000000002f300000,0x000000002f400000)]
  0x000000001b478000 JavaThread "Exec Stream Pumper" daemon [_thread_in_native, id=51380, stack(0x000000002f200000,0x000000002f300000)]
  0x000000001b47d800 JavaThread "Exec Stream Pumper" daemon [_thread_in_native, id=34692, stack(0x000000002f100000,0x000000002f200000)]
  0x000000001b47c000 JavaThread "Exec Default Executor" daemon [_thread_in_native, id=51772, stack(0x000000002f000000,0x000000002f100000)]
  0x000000001b47d000 JavaThread "Exec Stream Pumper" daemon [_thread_in_native, id=44152, stack(0x000000002ef00000,0x000000002f000000)]
  0x000000001b470000 JavaThread "Exec Stream Pumper" daemon [_thread_in_native, id=50032, stack(0x000000002ee00000,0x000000002ef00000)]
  0x000000001b476800 JavaThread "Exec Default Executor" daemon [_thread_in_native, id=52244, stack(0x000000002ed00000,0x000000002ee00000)]
  0x000000001b46f000 JavaThread "Exec Stream Pumper" daemon [_thread_in_native, id=52640, stack(0x000000002ec00000,0x000000002ed00000)]
  0x000000001b476000 JavaThread "Exec Stream Pumper" daemon [_thread_in_native, id=52636, stack(0x000000002eb00000,0x000000002ec00000)]
  0x000000001b475000 JavaThread "Exec Default Executor" daemon [_thread_in_native, id=52624, stack(0x000000002ea00000,0x000000002eb00000)]
  0x000000001b46d800 JavaThread "Exec Stream Pumper" daemon [_thread_in_native, id=52144, stack(0x000000002e900000,0x000000002ea00000)]
  0x000000001b474800 JavaThread "Exec Stream Pumper" daemon [_thread_in_native, id=52116, stack(0x000000002e800000,0x000000002e900000)]
  0x000000001b46d000 JavaThread "Exec Default Executor" daemon [_thread_in_native, id=52080, stack(0x000000002e700000,0x000000002e800000)]
  0x000000001b473800 JavaThread "Exec Stream Pumper" daemon [_thread_in_native, id=51708, stack(0x000000002e600000,0x000000002e700000)]
  0x000000001b46c000 JavaThread "Exec Stream Pumper" daemon [_thread_in_native, id=51724, stack(0x000000002e210000,0x000000002e310000)]
  0x000000001b473000 JavaThread "Exec Default Executor" daemon [_thread_in_native, id=51252, stack(0x000000002e110000,0x000000002e210000)]
  0x000000001b472000 JavaThread "Exec Stream Pumper" daemon [_thread_in_native, id=51836, stack(0x000000002e010000,0x000000002e110000)]
  0x000000001b471800 JavaThread "Exec Stream Pumper" daemon [_thread_in_native, id=51832, stack(0x000000002df10000,0x000000002e010000)]
  0x000000001b470800 JavaThread "Exec Default Executor" daemon [_thread_in_native, id=51820, stack(0x000000002de10000,0x000000002df10000)]
  0x000000001b46a800 JavaThread "Exec Stream Pumper" daemon [_thread_in_native, id=38884, stack(0x000000002dd10000,0x000000002de10000)]
  0x000000001b46e800 JavaThread "Exec Stream Pumper" daemon [_thread_in_native, id=40008, stack(0x000000002dc10000,0x000000002dd10000)]
  0x000000001b46b800 JavaThread "Exec Default Executor" daemon [_thread_in_native, id=4184, stack(0x000000002d710000,0x000000002d810000)]
  0x000000001b9c7000 JavaThread "Exec Stream Pumper" daemon [_thread_in_native, id=50756, stack(0x000000002d610000,0x000000002d710000)]
  0x000000001b9c6800 JavaThread "Exec Stream Pumper" daemon [_thread_in_native, id=50384, stack(0x000000002d510000,0x000000002d610000)]
  0x000000001b9c5800 JavaThread "Exec Default Executor" daemon [_thread_in_native, id=12920, stack(0x000000002d410000,0x000000002d510000)]
  0x000000001b9c5000 JavaThread "Exec Stream Pumper" daemon [_thread_in_native, id=10020, stack(0x000000002d310000,0x000000002d410000)]
  0x000000001b9c4000 JavaThread "Exec Stream Pumper" daemon [_thread_in_native, id=49820, stack(0x000000002d210000,0x000000002d310000)]
  0x000000001b9c2800 JavaThread "Exec Default Executor" daemon [_thread_in_native, id=43296, stack(0x000000002d110000,0x000000002d210000)]
  0x000000001b9c3800 JavaThread "Exec Stream Pumper" daemon [_thread_in_native, id=37960, stack(0x000000002d010000,0x000000002d110000)]
  0x000000001b9bd800 JavaThread "Exec Stream Pumper" daemon [_thread_in_native, id=35388, stack(0x000000002cf10000,0x000000002d010000)]
  0x000000001b9c1000 JavaThread "Exec Default Executor" daemon [_thread_in_native, id=25888, stack(0x000000002ce10000,0x000000002cf10000)]
  0x000000001b9bc800 JavaThread "Exec Stream Pumper" daemon [_thread_in_native, id=11028, stack(0x000000002cc10000,0x000000002cd10000)]
  0x000000001b9c2000 JavaThread "Exec Stream Pumper" daemon [_thread_in_native, id=13592, stack(0x000000002cb10000,0x000000002cc10000)]
  0x000000001b9bf800 JavaThread "Exec Default Executor" daemon [_thread_in_native, id=47392, stack(0x000000002ca10000,0x000000002cb10000)]
  0x000000001b9ba800 JavaThread "Exec Stream Pumper" daemon [_thread_in_native, id=46056, stack(0x000000002c910000,0x000000002ca10000)]
  0x000000001b9c0800 JavaThread "Exec Stream Pumper" daemon [_thread_in_native, id=25952, stack(0x000000002c810000,0x000000002c910000)]
  0x000000001b9b9000 JavaThread "Exec Default Executor" daemon [_thread_in_native, id=28840, stack(0x000000002c710000,0x000000002c810000)]
  0x000000001b9bc000 JavaThread "Exec Stream Pumper" daemon [_thread_in_native, id=50672, stack(0x000000002c610000,0x000000002c710000)]
  0x000000001b9b9800 JavaThread "Exec Stream Pumper" daemon [_thread_in_native, id=40436, stack(0x000000002c510000,0x000000002c610000)]
  0x000000001b9bf000 JavaThread "Exec Default Executor" daemon [_thread_in_native, id=39868, stack(0x000000002c410000,0x000000002c510000)]
  0x000000001b9b8000 JavaThread "Exec Stream Pumper" daemon [_thread_in_native, id=38736, stack(0x000000002c310000,0x000000002c410000)]
  0x000000001b9bb000 JavaThread "Exec Stream Pumper" daemon [_thread_in_native, id=32700, stack(0x000000002c210000,0x000000002c310000)]
  0x000000001b9be000 JavaThread "Exec Default Executor" daemon [_thread_in_native, id=26212, stack(0x000000002c110000,0x000000002c210000)]
  0x000000001b9b0800 JavaThread "Exec Stream Pumper" daemon [_thread_in_native, id=50724, stack(0x000000002c010000,0x000000002c110000)]
  0x000000001b9b4800 JavaThread "Exec Stream Pumper" daemon [_thread_in_native, id=50720, stack(0x000000002bf10000,0x000000002c010000)]
  0x000000001b9b7800 JavaThread "Exec Default Executor" daemon [_thread_in_native, id=50708, stack(0x000000002be10000,0x000000002bf10000)]
  0x000000001b9b2000 JavaThread "Exec Stream Pumper" daemon [_thread_in_native, id=13940, stack(0x000000002bd10000,0x000000002be10000)]
  0x000000001b9b3000 JavaThread "Exec Stream Pumper" daemon [_thread_in_native, id=48676, stack(0x000000002bc10000,0x000000002bd10000)]
  0x000000001b9b6000 JavaThread "Exec Default Executor" daemon [_thread_in_native, id=38928, stack(0x000000002bb10000,0x000000002bc10000)]
  0x000000001b9b5000 JavaThread "Exec Stream Pumper" daemon [_thread_in_native, id=48416, stack(0x000000002ba10000,0x000000002bb10000)]
  0x000000001b9b3800 JavaThread "Exec Stream Pumper" daemon [_thread_in_native, id=48412, stack(0x000000002b910000,0x000000002ba10000)]
  0x000000001b9b6800 JavaThread "Exec Default Executor" daemon [_thread_in_native, id=48400, stack(0x000000002b810000,0x000000002b910000)]
  0x000000001b9af800 JavaThread "Exec Stream Pumper" daemon [_thread_in_native, id=48588, stack(0x000000002b710000,0x000000002b810000)]
  0x000000001b9af000 JavaThread "Exec Stream Pumper" daemon [_thread_in_native, id=48584, stack(0x000000002b610000,0x000000002b710000)]
  0x000000001b9b1000 JavaThread "Exec Default Executor" daemon [_thread_in_native, id=48572, stack(0x000000002b510000,0x000000002b610000)]
  0x000000001b9a8000 JavaThread "Exec Stream Pumper" daemon [_thread_in_native, id=32808, stack(0x000000002b410000,0x000000002b510000)]
  0x000000001b9ad800 JavaThread "Exec Stream Pumper" daemon [_thread_in_native, id=38456, stack(0x000000002b310000,0x000000002b410000)]
  0x000000001b9ac000 JavaThread "Exec Default Executor" daemon [_thread_in_native, id=34240, stack(0x000000002b210000,0x000000002b310000)]
  0x000000001b9a9000 JavaThread "Exec Stream Pumper" daemon [_thread_in_native, id=23076, stack(0x000000002b110000,0x000000002b210000)]
  0x000000001b9ab000 JavaThread "Exec Stream Pumper" daemon [_thread_in_native, id=9328, stack(0x000000002b010000,0x000000002b110000)]
  0x000000001b9aa800 JavaThread "Exec Default Executor" daemon [_thread_in_native, id=46332, stack(0x000000002af10000,0x000000002b010000)]
  0x000000001b9ac800 JavaThread "Exec Stream Pumper" daemon [_thread_in_native, id=47832, stack(0x000000002ae10000,0x000000002af10000)]
  0x000000001b9ae000 JavaThread "Exec Stream Pumper" daemon [_thread_in_native, id=43696, stack(0x000000002ad10000,0x000000002ae10000)]
  0x000000001b9a9800 JavaThread "Exec Default Executor" daemon [_thread_in_native, id=47644, stack(0x000000002ac10000,0x000000002ad10000)]
  0x000000001c694800 JavaThread "Exec Stream Pumper" daemon [_thread_in_native, id=47484, stack(0x000000002ab10000,0x000000002ac10000)]
  0x000000001c694000 JavaThread "Exec Stream Pumper" daemon [_thread_in_native, id=41220, stack(0x000000002aa10000,0x000000002ab10000)]
  0x000000001c693000 JavaThread "Exec Default Executor" daemon [_thread_in_native, id=43048, stack(0x000000002a910000,0x000000002aa10000)]
  0x000000001c691800 JavaThread "Exec Stream Pumper" daemon [_thread_in_native, id=39824, stack(0x000000002a810000,0x000000002a910000)]
  0x000000001c68f800 JavaThread "Exec Stream Pumper" daemon [_thread_in_native, id=48012, stack(0x000000002a710000,0x000000002a810000)]
  0x000000001c68e800 JavaThread "Exec Default Executor" daemon [_thread_in_native, id=14204, stack(0x00000000295d0000,0x00000000296d0000)]
  0x000000001c692800 JavaThread "Exec Stream Pumper" daemon [_thread_in_native, id=44524, stack(0x00000000294d0000,0x00000000295d0000)]
  0x000000001c691000 JavaThread "Exec Stream Pumper" daemon [_thread_in_native, id=5216, stack(0x00000000293d0000,0x00000000294d0000)]
  0x000000001c695800 JavaThread "Exec Default Executor" daemon [_thread_in_native, id=34600, stack(0x00000000292d0000,0x00000000293d0000)]
  0x000000001c690000 JavaThread "Exec Stream Pumper" daemon [_thread_in_native, id=34244, stack(0x00000000291d0000,0x00000000292d0000)]
  0x000000001c687000 JavaThread "Exec Stream Pumper" daemon [_thread_in_native, id=43452, stack(0x00000000290d0000,0x00000000291d0000)]
  0x000000001c68c800 JavaThread "Exec Default Executor" daemon [_thread_in_native, id=46512, stack(0x0000000028fd0000,0x00000000290d0000)]
  0x000000001c68a000 JavaThread "Exec Stream Pumper" daemon [_thread_in_native, id=47512, stack(0x0000000028ed0000,0x0000000028fd0000)]
  0x000000001c68b000 JavaThread "Exec Stream Pumper" daemon [_thread_in_native, id=47168, stack(0x0000000028dd0000,0x0000000028ed0000)]
  0x000000001c68e000 JavaThread "Exec Default Executor" daemon [_thread_in_native, id=24812, stack(0x0000000028cd0000,0x0000000028dd0000)]
  0x000000001c68b800 JavaThread "Exec Stream Pumper" daemon [_thread_in_native, id=20252, stack(0x0000000028bd0000,0x0000000028cd0000)]
  0x000000001c686800 JavaThread "Exec Stream Pumper" daemon [_thread_in_native, id=36656, stack(0x0000000028ad0000,0x0000000028bd0000)]
  0x000000001c689800 JavaThread "Exec Default Executor" daemon [_thread_in_native, id=35648, stack(0x00000000289d0000,0x0000000028ad0000)]
  0x000000001c68d000 JavaThread "Exec Stream Pumper" daemon [_thread_in_native, id=39940, stack(0x00000000288d0000,0x00000000289d0000)]
  0x000000001c688800 JavaThread "Exec Stream Pumper" daemon [_thread_in_native, id=36584, stack(0x00000000287d0000,0x00000000288d0000)]
  0x000000001c688000 JavaThread "Exec Default Executor" daemon [_thread_in_native, id=32836, stack(0x00000000286d0000,0x00000000287d0000)]
  0x000000001b877800 JavaThread "Exec Stream Pumper" daemon [_thread_in_native, id=40524, stack(0x00000000285d0000,0x00000000286d0000)]
  0x000000001b877000 JavaThread "Exec Stream Pumper" daemon [_thread_in_native, id=47472, stack(0x00000000284d0000,0x00000000285d0000)]
  0x000000001b878800 JavaThread "Exec Default Executor" daemon [_thread_in_native, id=47196, stack(0x00000000283d0000,0x00000000284d0000)]
  0x000000001b874800 JavaThread "Exec Stream Pumper" daemon [_thread_in_native, id=44092, stack(0x00000000282d0000,0x00000000283d0000)]
  0x000000001b876000 JavaThread "Exec Stream Pumper" daemon [_thread_in_native, id=44252, stack(0x00000000281d0000,0x00000000282d0000)]
  0x000000001b875800 JavaThread "Exec Default Executor" daemon [_thread_in_native, id=4084, stack(0x00000000280d0000,0x00000000281d0000)]
  0x000000001b874000 JavaThread "Exec Stream Pumper" daemon [_thread_in_native, id=46948, stack(0x0000000027fd0000,0x00000000280d0000)]
  0x000000001b86c800 JavaThread "Exec Stream Pumper" daemon [_thread_in_native, id=17324, stack(0x0000000027ed0000,0x0000000027fd0000)]
  0x000000001b872800 JavaThread "Exec Default Executor" daemon [_thread_in_native, id=32844, stack(0x0000000027dd0000,0x0000000027ed0000)]
  0x000000001b871800 JavaThread "Exec Stream Pumper" daemon [_thread_in_native, id=47560, stack(0x0000000027cd0000,0x0000000027dd0000)]
  0x000000001b86d000 JavaThread "Exec Stream Pumper" daemon [_thread_in_native, id=42144, stack(0x0000000027bd0000,0x0000000027cd0000)]
  0x000000001b86e000 JavaThread "Exec Default Executor" daemon [_thread_in_native, id=2660, stack(0x0000000027ad0000,0x0000000027bd0000)]
  0x000000001b871000 JavaThread "Exec Stream Pumper" daemon [_thread_in_native, id=40456, stack(0x00000000279d0000,0x0000000027ad0000)]
  0x000000001b873000 JavaThread "Exec Stream Pumper" daemon [_thread_in_native, id=47364, stack(0x00000000278d0000,0x00000000279d0000)]
  0x000000001b869000 JavaThread "Exec Default Executor" daemon [_thread_in_native, id=44104, stack(0x00000000277d0000,0x00000000278d0000)]
  0x000000001b870000 JavaThread "Exec Stream Pumper" daemon [_thread_in_native, id=41536, stack(0x00000000276d0000,0x00000000277d0000)]
  0x000000001b86b800 JavaThread "Exec Stream Pumper" daemon [_thread_in_native, id=40452, stack(0x00000000275d0000,0x00000000276d0000)]
  0x000000001b86a800 JavaThread "Exec Default Executor" daemon [_thread_in_native, id=43980, stack(0x00000000274d0000,0x00000000275d0000)]
  0x000000001b86f800 JavaThread "Exec Stream Pumper" daemon [_thread_in_native, id=47432, stack(0x00000000273d0000,0x00000000274d0000)]
  0x000000001b86e800 JavaThread "Exec Stream Pumper" daemon [_thread_in_native, id=47440, stack(0x00000000272d0000,0x00000000273d0000)]
  0x000000001b86a000 JavaThread "Exec Default Executor" daemon [_thread_in_native, id=47416, stack(0x00000000271d0000,0x00000000272d0000)]
  0x000000001c681000 JavaThread "Exec Stream Pumper" daemon [_thread_in_native, id=47612, stack(0x00000000270d0000,0x00000000271d0000)]
  0x000000001c680000 JavaThread "Exec Stream Pumper" daemon [_thread_in_native, id=47608, stack(0x0000000026fd0000,0x00000000270d0000)]
  0x000000001c681800 JavaThread "Exec Default Executor" daemon [_thread_in_native, id=47596, stack(0x0000000026ed0000,0x0000000026fd0000)]
  0x000000001c67f800 JavaThread "Exec Stream Pumper" daemon [_thread_in_native, id=15312, stack(0x0000000026dd0000,0x0000000026ed0000)]
  0x000000001c685800 JavaThread "Exec Stream Pumper" daemon [_thread_in_native, id=46708, stack(0x0000000026cd0000,0x0000000026dd0000)]
  0x000000001c684800 JavaThread "Exec Default Executor" daemon [_thread_in_native, id=45124, stack(0x0000000026bd0000,0x0000000026cd0000)]
  0x000000001c682800 JavaThread "Exec Stream Pumper" daemon [_thread_in_native, id=46832, stack(0x0000000026ad0000,0x0000000026bd0000)]
  0x000000001c684000 JavaThread "Exec Stream Pumper" daemon [_thread_in_native, id=35612, stack(0x00000000269d0000,0x0000000026ad0000)]
  0x000000001c683000 JavaThread "Exec Default Executor" daemon [_thread_in_native, id=11424, stack(0x00000000268d0000,0x00000000269d0000)]
  0x000000001c678000 JavaThread "Exec Stream Pumper" daemon [_thread_in_native, id=37688, stack(0x00000000267d0000,0x00000000268d0000)]
  0x000000001c67e800 JavaThread "Exec Stream Pumper" daemon [_thread_in_native, id=9300, stack(0x00000000266d0000,0x00000000267d0000)]
  0x000000001c677000 JavaThread "Exec Default Executor" daemon [_thread_in_native, id=38828, stack(0x00000000265d0000,0x00000000266d0000)]
  0x000000001c67e000 JavaThread "Exec Stream Pumper" daemon [_thread_in_native, id=38216, stack(0x00000000264d0000,0x00000000265d0000)]
  0x000000001c678800 JavaThread "Exec Stream Pumper" daemon [_thread_in_native, id=47076, stack(0x00000000263d0000,0x00000000264d0000)]
  0x000000001c67c800 JavaThread "Exec Default Executor" daemon [_thread_in_native, id=46100, stack(0x00000000262d0000,0x00000000263d0000)]
  0x000000001c67b800 JavaThread "Exec Stream Pumper" daemon [_thread_in_native, id=41688, stack(0x00000000260d0000,0x00000000261d0000)]
  0x000000001c67b000 JavaThread "Exec Stream Pumper" daemon [_thread_in_native, id=13764, stack(0x0000000025fd0000,0x00000000260d0000)]
  0x000000001c67a000 JavaThread "Exec Default Executor" daemon [_thread_in_native, id=40740, stack(0x0000000025ed0000,0x0000000025fd0000)]
  0x000000001c676800 JavaThread "Exec Stream Pumper" daemon [_thread_in_native, id=16172, stack(0x0000000025dd0000,0x0000000025ed0000)]
  0x000000001c679800 JavaThread "Exec Stream Pumper" daemon [_thread_in_native, id=41440, stack(0x0000000025cd0000,0x0000000025dd0000)]
  0x000000001c67d000 JavaThread "Exec Default Executor" daemon [_thread_in_native, id=35928, stack(0x0000000025bd0000,0x0000000025cd0000)]
  0x000000001c55c800 JavaThread "Exec Stream Pumper" daemon [_thread_in_native, id=13628, stack(0x0000000025ad0000,0x0000000025bd0000)]
  0x000000001c559800 JavaThread "Exec Stream Pumper" daemon [_thread_in_native, id=24608, stack(0x00000000259d0000,0x0000000025ad0000)]
  0x000000001c55e000 JavaThread "Exec Default Executor" daemon [_thread_in_native, id=26244, stack(0x00000000258d0000,0x00000000259d0000)]
  0x000000001c55f000 JavaThread "Exec Stream Pumper" daemon [_thread_in_native, id=46152, stack(0x00000000257d0000,0x00000000258d0000)]
  0x000000001c55d800 JavaThread "Exec Stream Pumper" daemon [_thread_in_native, id=46148, stack(0x00000000256d0000,0x00000000257d0000)]
  0x000000001c560800 JavaThread "Exec Default Executor" daemon [_thread_in_native, id=46136, stack(0x00000000255d0000,0x00000000256d0000)]
  0x000000001c55f800 JavaThread "Exec Stream Pumper" daemon [_thread_in_native, id=45788, stack(0x00000000254d0000,0x00000000255d0000)]
  0x000000001c55c000 JavaThread "Exec Stream Pumper" daemon [_thread_in_native, id=37588, stack(0x00000000253d0000,0x00000000254d0000)]
  0x000000001c55b000 JavaThread "Exec Default Executor" daemon [_thread_in_native, id=34728, stack(0x00000000252d0000,0x00000000253d0000)]
  0x000000001c55a800 JavaThread "Exec Stream Pumper" daemon [_thread_in_native, id=43012, stack(0x00000000251d0000,0x00000000252d0000)]
  0x000000001c552000 JavaThread "Exec Stream Pumper" daemon [_thread_in_native, id=27904, stack(0x00000000250d0000,0x00000000251d0000)]
  0x000000001c559000 JavaThread "Exec Default Executor" daemon [_thread_in_native, id=4320, stack(0x0000000024fd0000,0x00000000250d0000)]
  0x000000001c551000 JavaThread "Exec Stream Pumper" daemon [_thread_in_native, id=1380, stack(0x0000000024ed0000,0x0000000024fd0000)]
  0x000000001c557800 JavaThread "Exec Stream Pumper" daemon [_thread_in_native, id=44604, stack(0x0000000024dd0000,0x0000000024ed0000)]
  0x000000001c555800 JavaThread "Exec Default Executor" daemon [_thread_in_native, id=45116, stack(0x0000000024cd0000,0x0000000024dd0000)]
  0x000000001c558000 JavaThread "Exec Stream Pumper" daemon [_thread_in_native, id=43052, stack(0x0000000024bd0000,0x0000000024cd0000)]
  0x000000001c555000 JavaThread "Exec Stream Pumper" daemon [_thread_in_native, id=42616, stack(0x0000000024ad0000,0x0000000024bd0000)]
  0x000000001c552800 JavaThread "Exec Default Executor" daemon [_thread_in_native, id=39976, stack(0x00000000249d0000,0x0000000024ad0000)]
  0x000000001c556800 JavaThread "Exec Stream Pumper" daemon [_thread_in_native, id=14328, stack(0x00000000248d0000,0x00000000249d0000)]
  0x000000001c554000 JavaThread "Exec Stream Pumper" daemon [_thread_in_native, id=36620, stack(0x00000000247d0000,0x00000000248d0000)]
  0x000000001c553800 JavaThread "Exec Default Executor" daemon [_thread_in_native, id=45796, stack(0x00000000246d0000,0x00000000247d0000)]
  0x000000001b384800 JavaThread "Exec Stream Pumper" daemon [_thread_in_native, id=38872, stack(0x00000000243d0000,0x00000000244d0000)]
  0x000000001b384000 JavaThread "Exec Stream Pumper" daemon [_thread_in_native, id=44052, stack(0x00000000242d0000,0x00000000243d0000)]
  0x000000001b383000 JavaThread "Exec Default Executor" daemon [_thread_in_native, id=42128, stack(0x00000000241d0000,0x00000000242d0000)]
  0x000000001b37b800 JavaThread "Exec Stream Pumper" daemon [_thread_in_native, id=38680, stack(0x00000000240d0000,0x00000000241d0000)]
  0x000000001b382800 JavaThread "Exec Stream Pumper" daemon [_thread_in_native, id=37972, stack(0x0000000023fd0000,0x00000000240d0000)]
  0x000000001b37f800 JavaThread "Exec Default Executor" daemon [_thread_in_native, id=18272, stack(0x0000000023ed0000,0x0000000023fd0000)]
  0x000000001b37e800 JavaThread "Exec Stream Pumper" daemon [_thread_in_native, id=41360, stack(0x0000000023dd0000,0x0000000023ed0000)]
  0x000000001b37b000 JavaThread "Exec Stream Pumper" daemon [_thread_in_native, id=33184, stack(0x0000000023cd0000,0x0000000023dd0000)]
  0x000000001b381800 JavaThread "Exec Default Executor" daemon [_thread_in_native, id=23144, stack(0x0000000023bd0000,0x0000000023cd0000)]
  0x000000001b381000 JavaThread "Exec Stream Pumper" daemon [_thread_in_native, id=13736, stack(0x0000000023ad0000,0x0000000023bd0000)]
  0x000000001b380000 JavaThread "Exec Stream Pumper" daemon [_thread_in_native, id=45824, stack(0x00000000239d0000,0x0000000023ad0000)]
  0x000000001b37e000 JavaThread "Exec Default Executor" daemon [_thread_in_native, id=44740, stack(0x00000000238d0000,0x00000000239d0000)]
  0x000000001b376800 JavaThread "Exec Stream Pumper" daemon [_thread_in_native, id=17484, stack(0x00000000237d0000,0x00000000238d0000)]
  0x000000001b37c800 JavaThread "Exec Stream Pumper" daemon [_thread_in_native, id=33208, stack(0x00000000236d0000,0x00000000237d0000)]
  0x000000001b379800 JavaThread "Exec Default Executor" daemon [_thread_in_native, id=39476, stack(0x00000000235d0000,0x00000000236d0000)]
  0x000000001b378800 JavaThread "Exec Stream Pumper" daemon [_thread_in_native, id=29252, stack(0x00000000234d0000,0x00000000235d0000)]
  0x000000001b378000 JavaThread "Exec Stream Pumper" daemon [_thread_in_native, id=42404, stack(0x00000000233d0000,0x00000000234d0000)]
  0x000000001b37a000 JavaThread "Exec Default Executor" daemon [_thread_in_native, id=34348, stack(0x00000000232d0000,0x00000000233d0000)]
  0x000000001b377000 JavaThread "Exec Stream Pumper" daemon [_thread_in_native, id=32436, stack(0x00000000231d0000,0x00000000232d0000)]
  0x000000001b37d000 JavaThread "Exec Stream Pumper" daemon [_thread_in_native, id=42480, stack(0x00000000230d0000,0x00000000231d0000)]
  0x000000001b375800 JavaThread "Exec Default Executor" daemon [_thread_in_native, id=36928, stack(0x0000000022fd0000,0x00000000230d0000)]
  0x000000001b84f800 JavaThread "Exec Stream Pumper" daemon [_thread_in_native, id=16756, stack(0x0000000022ed0000,0x0000000022fd0000)]
  0x000000001b84f000 JavaThread "Exec Stream Pumper" daemon [_thread_in_native, id=40628, stack(0x0000000022dd0000,0x0000000022ed0000)]
  0x000000001b84e000 JavaThread "Exec Default Executor" daemon [_thread_in_native, id=45776, stack(0x0000000022cd0000,0x0000000022dd0000)]
  0x000000001b84b000 JavaThread "Exec Stream Pumper" daemon [_thread_in_native, id=35136, stack(0x0000000022bd0000,0x0000000022cd0000)]
  0x000000001b84a800 JavaThread "Exec Stream Pumper" daemon [_thread_in_native, id=32252, stack(0x0000000022ad0000,0x0000000022bd0000)]
  0x000000001b850800 JavaThread "Exec Default Executor" daemon [_thread_in_native, id=39268, stack(0x00000000229d0000,0x0000000022ad0000)]
  0x000000001b84d800 JavaThread "Exec Stream Pumper" daemon [_thread_in_native, id=39560, stack(0x00000000228d0000,0x00000000229d0000)]
  0x000000001b84c800 JavaThread "Exec Stream Pumper" daemon [_thread_in_native, id=41204, stack(0x00000000227d0000,0x00000000228d0000)]
  0x000000001b84c000 JavaThread "Exec Default Executor" daemon [_thread_in_native, id=36340, stack(0x00000000226d0000,0x00000000227d0000)]
  0x000000001b843000 JavaThread "Exec Stream Pumper" daemon [_thread_in_native, id=7284, stack(0x00000000225d0000,0x00000000226d0000)]
  0x000000001b849800 JavaThread "Exec Stream Pumper" daemon [_thread_in_native, id=41876, stack(0x00000000224d0000,0x00000000225d0000)]
  0x000000001b842000 JavaThread "Exec Default Executor" daemon [_thread_in_native, id=39292, stack(0x00000000223d0000,0x00000000224d0000)]
  0x000000001b849000 JavaThread "Exec Stream Pumper" daemon [_thread_in_native, id=45432, stack(0x00000000222d0000,0x00000000223d0000)]
  0x000000001b841800 JavaThread "Exec Stream Pumper" daemon [_thread_in_native, id=38164, stack(0x00000000221d0000,0x00000000222d0000)]
  0x000000001b844800 JavaThread "Exec Default Executor" daemon [_thread_in_native, id=38408, stack(0x00000000220d0000,0x00000000221d0000)]
  0x000000001b848000 JavaThread "Exec Stream Pumper" daemon [_thread_in_native, id=38004, stack(0x0000000021fd0000,0x00000000220d0000)]
  0x000000001b843800 JavaThread "Exec Stream Pumper" daemon [_thread_in_native, id=35812, stack(0x0000000021ed0000,0x0000000021fd0000)]
  0x000000001b845000 JavaThread "Exec Default Executor" daemon [_thread_in_native, id=38792, stack(0x0000000021dd0000,0x0000000021ed0000)]
  0x000000001b846800 JavaThread "Exec Stream Pumper" daemon [_thread_in_native, id=8096, stack(0x0000000021cd0000,0x0000000021dd0000)]
  0x000000001b847800 JavaThread "Exec Stream Pumper" daemon [_thread_in_native, id=42792, stack(0x0000000021bd0000,0x0000000021cd0000)]
  0x000000001b846000 JavaThread "Exec Default Executor" daemon [_thread_in_native, id=14304, stack(0x0000000021ad0000,0x0000000021bd0000)]
  0x000000001ac1f800 JavaThread "Exec Stream Pumper" daemon [_thread_in_native, id=45572, stack(0x00000000219d0000,0x0000000021ad0000)]
  0x000000001ac1b000 JavaThread "Exec Stream Pumper" daemon [_thread_in_native, id=21076, stack(0x00000000218d0000,0x00000000219d0000)]
  0x000000001ac1e000 JavaThread "Exec Default Executor" daemon [_thread_in_native, id=44232, stack(0x00000000217d0000,0x00000000218d0000)]
  0x000000001ac19800 JavaThread "Exec Stream Pumper" daemon [_thread_in_native, id=29740, stack(0x00000000216d0000,0x00000000217d0000)]
  0x000000001ac1b800 JavaThread "Exec Stream Pumper" daemon [_thread_in_native, id=33996, stack(0x00000000215d0000,0x00000000216d0000)]
  0x000000001ac1c800 JavaThread "Exec Default Executor" daemon [_thread_in_native, id=984, stack(0x00000000214d0000,0x00000000215d0000)]
  0x000000001ac1a000 JavaThread "Exec Stream Pumper" daemon [_thread_in_native, id=37184, stack(0x00000000213d0000,0x00000000214d0000)]
  0x000000001ac18800 JavaThread "Exec Stream Pumper" daemon [_thread_in_native, id=29436, stack(0x00000000212d0000,0x00000000213d0000)]
  0x000000001ac1d000 JavaThread "Exec Default Executor" daemon [_thread_in_native, id=35764, stack(0x00000000211d0000,0x00000000212d0000)]
  0x000000001ac1e800 JavaThread "Exec Stream Pumper" daemon [_thread_in_native, id=44952, stack(0x00000000210d0000,0x00000000211d0000)]
  0x000000001ac12800 JavaThread "Exec Stream Pumper" daemon [_thread_in_native, id=14832, stack(0x0000000020fd0000,0x00000000210d0000)]
  0x000000001ac11000 JavaThread "Exec Default Executor" daemon [_thread_in_native, id=38096, stack(0x0000000020ed0000,0x0000000020fd0000)]
  0x000000001ac18000 JavaThread "Exec Stream Pumper" daemon [_thread_in_native, id=44920, stack(0x0000000020dd0000,0x0000000020ed0000)]
  0x000000001ac10800 JavaThread "Exec Stream Pumper" daemon [_thread_in_native, id=45180, stack(0x0000000020cd0000,0x0000000020dd0000)]
  0x000000001ac16800 JavaThread "Exec Default Executor" daemon [_thread_in_native, id=9488, stack(0x0000000020bd0000,0x0000000020cd0000)]
  0x000000001ac12000 JavaThread "Exec Stream Pumper" daemon [_thread_in_native, id=41504, stack(0x00000000209d0000,0x0000000020ad0000)]
  0x000000001ac17000 JavaThread "Exec Stream Pumper" daemon [_thread_in_native, id=42316, stack(0x00000000208d0000,0x00000000209d0000)]
  0x000000001ac15000 JavaThread "Exec Default Executor" daemon [_thread_in_native, id=45804, stack(0x00000000207d0000,0x00000000208d0000)]
  0x000000001ac13800 JavaThread "Exec Stream Pumper" daemon [_thread_in_native, id=42816, stack(0x00000000206d0000,0x00000000207d0000)]
  0x000000001ac15800 JavaThread "Exec Stream Pumper" daemon [_thread_in_native, id=44244, stack(0x00000000205d0000,0x00000000206d0000)]
  0x000000001ac14000 JavaThread "Exec Default Executor" daemon [_thread_in_native, id=18628, stack(0x00000000204d0000,0x00000000205d0000)]
  0x000000001afb4000 JavaThread "Exec Stream Pumper" daemon [_thread_in_native, id=32800, stack(0x00000000203d0000,0x00000000204d0000)]
  0x000000001b440000 JavaThread "Exec Stream Pumper" daemon [_thread_in_native, id=9656, stack(0x00000000202d0000,0x00000000203d0000)]
  0x000000001b43e800 JavaThread "Exec Default Executor" daemon [_thread_in_native, id=39416, stack(0x00000000201d0000,0x00000000202d0000)]
  0x000000001b43e000 JavaThread "Exec Stream Pumper" daemon [_thread_in_native, id=43268, stack(0x00000000200d0000,0x00000000201d0000)]
  0x000000001b43f800 JavaThread "Exec Stream Pumper" daemon [_thread_in_native, id=30624, stack(0x000000001ffd0000,0x00000000200d0000)]
  0x000000001b43d000 JavaThread "Exec Default Executor" daemon [_thread_in_native, id=3812, stack(0x000000001fed0000,0x000000001ffd0000)]
  0x000000001b43c800 JavaThread "Exec Stream Pumper" daemon [_thread_in_native, id=45300, stack(0x000000001fdd0000,0x000000001fed0000)]
  0x000000001b43b800 JavaThread "Exec Stream Pumper" daemon [_thread_in_native, id=28716, stack(0x000000001fcd0000,0x000000001fdd0000)]
  0x000000001b43b000 JavaThread "Exec Default Executor" daemon [_thread_in_native, id=14836, stack(0x000000001fbd0000,0x000000001fcd0000)]
  0x000000001b433800 JavaThread "Exec Stream Pumper" daemon [_thread_in_native, id=25208, stack(0x000000001fad0000,0x000000001fbd0000)]
  0x000000001b435800 JavaThread "Exec Stream Pumper" daemon [_thread_in_native, id=13876, stack(0x000000001f9d0000,0x000000001fad0000)]
  0x000000001b43a000 JavaThread "Exec Default Executor" daemon [_thread_in_native, id=37748, stack(0x000000001f8d0000,0x000000001f9d0000)]
  0x000000001b432800 JavaThread "Exec Stream Pumper" daemon [_thread_in_native, id=44664, stack(0x000000001f7d0000,0x000000001f8d0000)]
  0x000000001b439800 JavaThread "Exec Stream Pumper" daemon [_thread_in_native, id=34660, stack(0x000000001f6d0000,0x000000001f7d0000)]
  0x000000001b438800 JavaThread "Exec Default Executor" daemon [_thread_in_native, id=36468, stack(0x000000001f5d0000,0x000000001f6d0000)]
  0x000000001b432000 JavaThread "Exec Stream Pumper" daemon [_thread_in_native, id=4396, stack(0x000000001f4d0000,0x000000001f5d0000)]
  0x000000001b438000 JavaThread "Exec Stream Pumper" daemon [_thread_in_native, id=28760, stack(0x000000001f3d0000,0x000000001f4d0000)]
  0x000000001b431000 JavaThread "Exec Default Executor" daemon [_thread_in_native, id=43516, stack(0x000000001f2d0000,0x000000001f3d0000)]
  0x000000001b437000 JavaThread "Exec Stream Pumper" daemon [_thread_in_native, id=36216, stack(0x000000001f1d0000,0x000000001f2d0000)]
  0x000000001b435000 JavaThread "Exec Stream Pumper" daemon [_thread_in_native, id=9744, stack(0x000000001f0d0000,0x000000001f1d0000)]
  0x000000001b434000 JavaThread "Exec Default Executor" daemon [_thread_in_native, id=12756, stack(0x000000001efd0000,0x000000001f0d0000)]
  0x000000001b436800 JavaThread "AWT-Windows" daemon [_thread_in_native, id=40052, stack(0x000000001ee00000,0x000000001ef00000)]
  0x000000001afb3800 JavaThread "Java2D Disposer" daemon [_thread_blocked, id=45492, stack(0x000000001ebf0000,0x000000001ecf0000)]
  0x000000001afb2800 JavaThread "Exec Stream Pumper" daemon [_thread_in_native, id=44004, stack(0x000000001e520000,0x000000001e620000)]
  0x000000001afb1000 JavaThread "Exec Stream Pumper" daemon [_thread_in_native, id=41192, stack(0x000000001e420000,0x000000001e520000)]
  0x000000001afb7000 JavaThread "Exec Default Executor" daemon [_thread_in_native, id=43928, stack(0x000000001e320000,0x000000001e420000)]
  0x000000001afb6800 JavaThread "Exec Stream Pumper" daemon [_thread_in_native, id=39648, stack(0x000000001e220000,0x000000001e320000)]
  0x000000001afb5800 JavaThread "Exec Stream Pumper" daemon [_thread_in_native, id=9040, stack(0x000000001e120000,0x000000001e220000)]
  0x000000001afb5000 JavaThread "Exec Default Executor" daemon [_thread_in_native, id=10400, stack(0x000000001e020000,0x000000001e120000)]
  0x000000001afb2000 JavaThread "Exec Stream Pumper" daemon [_thread_in_native, id=10688, stack(0x000000001dd20000,0x000000001de20000)]
  0x000000001afb0800 JavaThread "Exec Stream Pumper" daemon [_thread_in_native, id=5892, stack(0x000000001dc20000,0x000000001dd20000)]
  0x000000001b859000 JavaThread "Exec Default Executor" daemon [_thread_in_native, id=40196, stack(0x000000001db20000,0x000000001dc20000)]
  0x000000001acde800 JavaThread "Exec Stream Pumper" daemon [_thread_in_native, id=36732, stack(0x000000001da20000,0x000000001db20000)]
  0x000000001b373800 JavaThread "Exec Stream Pumper" daemon [_thread_in_native, id=4840, stack(0x000000001d920000,0x000000001da20000)]
  0x000000001b36e000 JavaThread "Exec Default Executor" daemon [_thread_in_native, id=37100, stack(0x000000001d820000,0x000000001d920000)]
  0x000000001b42f800 JavaThread "Exec Stream Pumper" daemon [_thread_in_native, id=7936, stack(0x000000001d720000,0x000000001d820000)]
  0x000000001b7fd800 JavaThread "Exec Stream Pumper" daemon [_thread_in_native, id=38616, stack(0x000000001d620000,0x000000001d720000)]
  0x000000001b7e5000 JavaThread "Exec Default Executor" daemon [_thread_in_native, id=14128, stack(0x000000001d520000,0x000000001d620000)]
  0x000000001b45f800 JavaThread "Exec Stream Pumper" daemon [_thread_in_native, id=37564, stack(0x000000001c250000,0x000000001c350000)]
  0x000000001b756000 JavaThread "Exec Stream Pumper" daemon [_thread_in_native, id=13756, stack(0x000000001c150000,0x000000001c250000)]
  0x000000001b334000 JavaThread "Exec Default Executor" daemon [_thread_in_native, id=39220, stack(0x000000001bf50000,0x000000001c050000)]
  0x000000001ac39800 JavaThread "Service Thread" daemon [_thread_blocked, id=45956, stack(0x000000001b010000,0x000000001b110000)]
  0x00000000191c8800 JavaThread "C1 CompilerThread2" daemon [_thread_blocked, id=44044, stack(0x000000001ab10000,0x000000001ac10000)]
  0x00000000191c0000 JavaThread "C2 CompilerThread1" daemon [_thread_blocked, id=10564, stack(0x000000001aa10000,0x000000001ab10000)]
  0x00000000191be000 JavaThread "C2 CompilerThread0" daemon [_thread_blocked, id=6724, stack(0x000000001a910000,0x000000001aa10000)]
  0x00000000191bc000 JavaThread "Attach Listener" daemon [_thread_blocked, id=37396, stack(0x000000001a810000,0x000000001a910000)]
  0x00000000191bb000 JavaThread "Signal Dispatcher" daemon [_thread_blocked, id=29124, stack(0x000000001a710000,0x000000001a810000)]
  0x00000000191aa800 JavaThread "Finalizer" daemon [_thread_blocked, id=44112, stack(0x000000001a420000,0x000000001a520000)]
  0x0000000004741000 JavaThread "Reference Handler" daemon [_thread_blocked, id=35936, stack(0x000000001a320000,0x000000001a420000)]
  0x000000000464d800 JavaThread "Forwarding newSession on session null to remote" [_thread_in_native, id=36860, stack(0x0000000004500000,0x0000000004600000)]

Other Threads:
=>0x0000000019188000 VMThread [stack: 0x000000001a220000,0x000000001a320000] [id=36116]
  0x000000001ac5d000 WatcherThread [stack: 0x000000001b110000,0x000000001b210000] [id=17596]

VM state:at safepoint (normal execution)

VM Mutex/Monitor currently owned by a thread:  ([mutex/lock_event])
[0x000000000464cd30] Threads_lock - owner thread: 0x0000000019188000

Heap:
 PSYoungGen      total 39424K, used 18697K [0x00000000d6500000, 0x00000000d9400000, 0x0000000100000000)
  eden space 31744K, 36% used [0x00000000d6500000,0x00000000d7032170,0x00000000d8400000)
  from space 7680K, 94% used [0x00000000d8c80000,0x00000000d9390550,0x00000000d9400000)
  to   space 8192K, 0% used [0x00000000d8400000,0x00000000d8400000,0x00000000d8c00000)
 ParOldGen       total 86016K, used 8401K [0x0000000082e00000, 0x0000000088200000, 0x00000000d6500000)
  object space 86016K, 9% used [0x0000000082e00000,0x00000000836347c8,0x0000000088200000)
 Metaspace       used 15946K, capacity 16388K, committed 16640K, reserved 1064960K
  class space    used 1852K, capacity 2012K, committed 2048K, reserved 1048576K

Card table byte_map: [0x0000000013b10000,0x0000000013f00000] byte_map_base: 0x00000000136f9000

Marking Bits: (ParMarkBitMap*) 0x000000006c1bd850
 Begin Bits: [0x00000000145a0000, 0x00000000164e8000)
 End Bits:   [0x00000000164e8000, 0x0000000018430000)

Polling page: 0x0000000002830000

CodeCache: size=245760Kb used=10615Kb max_used=10629Kb free=235144Kb
 bounds [0x0000000004750000, 0x00000000051c0000, 0x0000000013750000]
 total_blobs=3603 nmethods=3180 adapters=335
 compilation: enabled

Compilation events (10 events):
Event: 2013.873 Thread 0x00000000191be000 3538       4       com.google.gson.stream.JsonWriter::close (95 bytes)
Event: 2013.915 Thread 0x00000000191be000 nmethod 3538 0x00000000051b9750 code [0x00000000051b98e0, 0x00000000051ba748]
Event: 2038.301 Thread 0x00000000191c8800 3539       3       java.util.TimSort::countRunAndMakeAscending (128 bytes)
Event: 2038.303 Thread 0x00000000191c8800 nmethod 3539 0x00000000051b2750 code [0x00000000051b2940, 0x00000000051b33e8]
Event: 2041.588 Thread 0x00000000191c8800 3540       3       com.google.gson.JsonArray::add (20 bytes)
Event: 2041.589 Thread 0x00000000191c8800 nmethod 3540 0x0000000004c07690 code [0x0000000004c07800, 0x0000000004c07a68]
Event: 2047.108 Thread 0x00000000191c0000 3541       4       java.util.ArrayList::<init> (61 bytes)
Event: 2047.113 Thread 0x00000000191c0000 nmethod 3541 0x0000000004c16690 code [0x0000000004c167e0, 0x0000000004c16958]
Event: 2099.967 Thread 0x00000000191c8800 3542       3       org.openqa.selenium.remote.http.HttpRequest::<init> (15 bytes)
Event: 2099.968 Thread 0x00000000191c8800 nmethod 3542 0x000000000497dcd0 code [0x000000000497de40, 0x000000000497e028]

GC Heap History (10 events):
Event: 183.159 GC heap before
{Heap before GC invocations=2 (full 0):
 PSYoungGen      total 37888K, used 37869K [0x00000000d6500000, 0x00000000d8f00000, 0x0000000100000000)
  eden space 32768K, 100% used [0x00000000d6500000,0x00000000d8500000,0x00000000d8500000)
  from space 5120K, 99% used [0x00000000d8500000,0x00000000d89fb590,0x00000000d8a00000)
  to   space 5120K, 0% used [0x00000000d8a00000,0x00000000d8a00000,0x00000000d8f00000)
 ParOldGen       total 86016K, used 1015K [0x0000000082e00000, 0x0000000088200000, 0x00000000d6500000)
  object space 86016K, 1% used [0x0000000082e00000,0x0000000082efddf0,0x0000000088200000)
 Metaspace       used 14782K, capacity 15160K, committed 15360K, reserved 1062912K
  class space    used 1849K, capacity 2010K, committed 2048K, reserved 1048576K
Event: 183.167 GC heap after
Heap after GC invocations=2 (full 0):
 PSYoungGen      total 37888K, used 5105K [0x00000000d6500000, 0x00000000d8f00000, 0x0000000100000000)
  eden space 32768K, 0% used [0x00000000d6500000,0x00000000d6500000,0x00000000d8500000)
  from space 5120K, 99% used [0x00000000d8a00000,0x00000000d8efc480,0x00000000d8f00000)
  to   space 5120K, 0% used [0x00000000d8500000,0x00000000d8500000,0x00000000d8a00000)
 ParOldGen       total 86016K, used 2450K [0x0000000082e00000, 0x0000000088200000, 0x00000000d6500000)
  object space 86016K, 2% used [0x0000000082e00000,0x0000000083064b38,0x0000000088200000)
 Metaspace       used 14782K, capacity 15160K, committed 15360K, reserved 1062912K
  class space    used 1849K, capacity 2010K, committed 2048K, reserved 1048576K
}
Event: 608.780 GC heap before
{Heap before GC invocations=3 (full 0):
 PSYoungGen      total 37888K, used 37873K [0x00000000d6500000, 0x00000000d8f00000, 0x0000000100000000)
  eden space 32768K, 100% used [0x00000000d6500000,0x00000000d8500000,0x00000000d8500000)
  from space 5120K, 99% used [0x00000000d8a00000,0x00000000d8efc480,0x00000000d8f00000)
  to   space 5120K, 0% used [0x00000000d8500000,0x00000000d8500000,0x00000000d8a00000)
 ParOldGen       total 86016K, used 2450K [0x0000000082e00000, 0x0000000088200000, 0x00000000d6500000)
  object space 86016K, 2% used [0x0000000082e00000,0x0000000083064b38,0x0000000088200000)
 Metaspace       used 15207K, capacity 15624K, committed 15872K, reserved 1062912K
  class space    used 1850K, capacity 2010K, committed 2048K, reserved 1048576K
Event: 608.791 GC heap after
Heap after GC invocations=3 (full 0):
 PSYoungGen      total 37888K, used 5088K [0x00000000d6500000, 0x00000000d8f00000, 0x0000000100000000)
  eden space 32768K, 0% used [0x00000000d6500000,0x00000000d6500000,0x00000000d8500000)
  from space 5120K, 99% used [0x00000000d8500000,0x00000000d89f82b0,0x00000000d8a00000)
  to   space 5120K, 0% used [0x00000000d8a00000,0x00000000d8a00000,0x00000000d8f00000)
 ParOldGen       total 86016K, used 4110K [0x0000000082e00000, 0x0000000088200000, 0x00000000d6500000)
  object space 86016K, 4% used [0x0000000082e00000,0x0000000083203a38,0x0000000088200000)
 Metaspace       used 15207K, capacity 15624K, committed 15872K, reserved 1062912K
  class space    used 1850K, capacity 2010K, committed 2048K, reserved 1048576K
}
Event: 1035.881 GC heap before
{Heap before GC invocations=4 (full 0):
 PSYoungGen      total 37888K, used 37856K [0x00000000d6500000, 0x00000000d8f00000, 0x0000000100000000)
  eden space 32768K, 100% used [0x00000000d6500000,0x00000000d8500000,0x00000000d8500000)
  from space 5120K, 99% used [0x00000000d8500000,0x00000000d89f82b0,0x00000000d8a00000)
  to   space 5120K, 0% used [0x00000000d8a00000,0x00000000d8a00000,0x00000000d8f00000)
 ParOldGen       total 86016K, used 4110K [0x0000000082e00000, 0x0000000088200000, 0x00000000d6500000)
  object space 86016K, 4% used [0x0000000082e00000,0x0000000083203a38,0x0000000088200000)
 Metaspace       used 15512K, capacity 15896K, committed 16128K, reserved 1062912K
  class space    used 1850K, capacity 2010K, committed 2048K, reserved 1048576K
Event: 1035.888 GC heap after
Heap after GC invocations=4 (full 0):
 PSYoungGen      total 37888K, used 5088K [0x00000000d6500000, 0x00000000d8f00000, 0x0000000100000000)
  eden space 32768K, 0% used [0x00000000d6500000,0x00000000d6500000,0x00000000d8500000)
  from space 5120K, 99% used [0x00000000d8a00000,0x00000000d8ef8370,0x00000000d8f00000)
  to   space 5120K, 0% used [0x00000000d8500000,0x00000000d8500000,0x00000000d8a00000)
 ParOldGen       total 86016K, used 5997K [0x0000000082e00000, 0x0000000088200000, 0x00000000d6500000)
  object space 86016K, 6% used [0x0000000082e00000,0x00000000833db408,0x0000000088200000)
 Metaspace       used 15512K, capacity 15896K, committed 16128K, reserved 1062912K
  class space    used 1850K, capacity 2010K, committed 2048K, reserved 1048576K
}
Event: 1552.254 GC heap before
{Heap before GC invocations=5 (full 0):
 PSYoungGen      total 37888K, used 37856K [0x00000000d6500000, 0x00000000d8f00000, 0x0000000100000000)
  eden space 32768K, 100% used [0x00000000d6500000,0x00000000d8500000,0x00000000d8500000)
  from space 5120K, 99% used [0x00000000d8a00000,0x00000000d8ef8370,0x00000000d8f00000)
  to   space 5120K, 0% used [0x00000000d8500000,0x00000000d8500000,0x00000000d8a00000)
 ParOldGen       total 86016K, used 5997K [0x0000000082e00000, 0x0000000088200000, 0x00000000d6500000)
  object space 86016K, 6% used [0x0000000082e00000,0x00000000833db408,0x0000000088200000)
 Metaspace       used 15855K, capacity 16294K, committed 16384K, reserved 1062912K
  class space    used 1851K, capacity 2011K, committed 2048K, reserved 1048576K
Event: 1552.267 GC heap after
Heap after GC invocations=5 (full 0):
 PSYoungGen      total 37376K, used 5088K [0x00000000d6500000, 0x00000000d9480000, 0x0000000100000000)
  eden space 32256K, 0% used [0x00000000d6500000,0x00000000d6500000,0x00000000d8480000)
  from space 5120K, 99% used [0x00000000d8500000,0x00000000d89f8350,0x00000000d8a00000)
  to   space 8192K, 0% used [0x00000000d8c80000,0x00000000d8c80000,0x00000000d9480000)
 ParOldGen       total 86016K, used 8401K [0x0000000082e00000, 0x0000000088200000, 0x00000000d6500000)
  object space 86016K, 9% used [0x0000000082e00000,0x00000000836347c8,0x0000000088200000)
 Metaspace       used 15855K, capacity 16294K, committed 16384K, reserved 1062912K
  class space    used 1851K, capacity 2011K, committed 2048K, reserved 1048576K
}
Event: 1953.062 GC heap before
{Heap before GC invocations=6 (full 0):
 PSYoungGen      total 37376K, used 37344K [0x00000000d6500000, 0x00000000d9480000, 0x0000000100000000)
  eden space 32256K, 100% used [0x00000000d6500000,0x00000000d8480000,0x00000000d8480000)
  from space 5120K, 99% used [0x00000000d8500000,0x00000000d89f8350,0x00000000d8a00000)
  to   space 8192K, 0% used [0x00000000d8c80000,0x00000000d8c80000,0x00000000d9480000)
 ParOldGen       total 86016K, used 8401K [0x0000000082e00000, 0x0000000088200000, 0x00000000d6500000)
  object space 86016K, 9% used [0x0000000082e00000,0x00000000836347c8,0x0000000088200000)
 Metaspace       used 15941K, capacity 16382K, committed 16640K, reserved 1064960K
  class space    used 1851K, capacity 2011K, committed 2048K, reserved 1048576K
Event: 1953.074 GC heap after
Heap after GC invocations=6 (full 0):
 PSYoungGen      total 39424K, used 7233K [0x00000000d6500000, 0x00000000d9400000, 0x0000000100000000)
  eden space 31744K, 0% used [0x00000000d6500000,0x00000000d6500000,0x00000000d8400000)
  from space 7680K, 94% used [0x00000000d8c80000,0x00000000d9390550,0x00000000d9400000)
  to   space 8192K, 0% used [0x00000000d8400000,0x00000000d8400000,0x00000000d8c00000)
 ParOldGen       total 86016K, used 8401K [0x0000000082e00000, 0x0000000088200000, 0x00000000d6500000)
  object space 86016K, 9% used [0x0000000082e00000,0x00000000836347c8,0x0000000088200000)
 Metaspace       used 15941K, capacity 16382K, committed 16640K, reserved 1064960K
  class space    used 1851K, capacity 2011K, committed 2048K, reserved 1048576K
}

Deoptimization events (10 events):
Event: 1.355 Thread 0x000000000464d800 Uncommon trap: reason=class_check action=maybe_recompile pc=0x00000000049bc44c method=java.util.regex.Pattern$Curly.match(Ljava/util/regex/Matcher;ILjava/lang/CharSequence;)Z @ 19
Event: 1.366 Thread 0x000000000464d800 Uncommon trap: reason=unstable_if action=reinterpret pc=0x0000000004a9abd8 method=java.util.concurrent.ConcurrentHashMap.addCount(JI)V @ 121
Event: 1.366 Thread 0x000000000464d800 Uncommon trap: reason=class_check action=maybe_recompile pc=0x00000000049bc44c method=java.util.regex.Pattern$Curly.match(Ljava/util/regex/Matcher;ILjava/lang/CharSequence;)Z @ 19
Event: 1.367 Thread 0x000000000464d800 Uncommon trap: reason=class_check action=maybe_recompile pc=0x00000000049bc44c method=java.util.regex.Pattern$Curly.match(Ljava/util/regex/Matcher;ILjava/lang/CharSequence;)Z @ 19
Event: 1.446 Thread 0x000000000464d800 Uncommon trap: reason=unstable_if action=reinterpret pc=0x000000000496e0d4 method=java.lang.CharacterDataLatin1.digit(II)I @ 82
Event: 1.448 Thread 0x000000000464d800 Uncommon trap: reason=unstable_if action=reinterpret pc=0x0000000004a73b50 method=java.util.concurrent.ConcurrentHashMap.putVal(Ljava/lang/Object;Ljava/lang/Object;Z)Ljava/lang/Object; @ 206
Event: 9.083 Thread 0x000000000464d800 Uncommon trap: reason=class_check action=maybe_recompile pc=0x00000000049bc44c method=java.util.regex.Pattern$Curly.match(Ljava/util/regex/Matcher;ILjava/lang/CharSequence;)Z @ 19
Event: 248.292 Thread 0x000000000464d800 Uncommon trap: reason=range_check action=make_not_entrant pc=0x0000000004a865ac method=java.lang.String.charAt(I)C @ 27
Event: 461.481 Thread 0x000000000464d800 Uncommon trap: reason=bimorphic action=maybe_recompile pc=0x00000000048950bc method=java.util.Hashtable.addEntry(ILjava/lang/Object;Ljava/lang/Object;I)V @ 38
Event: 1466.837 Thread 0x000000001ae67800 Uncommon trap: reason=unstable_if action=reinterpret pc=0x00000000050a3390 method=java.lang.Integer.getChars(II[C)V @ 7

Internal exceptions (10 events):
Event: 2092.958 Thread 0x000000000464d800 Exception <a 'java/net/SocketTimeoutException': connect timed out> (0x00000000d6f34090) thrown at [C:\re\workspace\8-2-build-windows-amd64-cygwin\jdk8u151\9699\hotspot\src\share\vm\prims\jni.cpp, line 735]
Event: 2093.959 Thread 0x000000000464d800 Exception <a 'java/net/SocketTimeoutException': connect timed out> (0x00000000d6f34980) thrown at [C:\re\workspace\8-2-build-windows-amd64-cygwin\jdk8u151\9699\hotspot\src\share\vm\prims\jni.cpp, line 735]
Event: 2094.959 Thread 0x000000000464d800 Exception <a 'java/net/SocketTimeoutException': connect timed out> (0x00000000d6f35270) thrown at [C:\re\workspace\8-2-build-windows-amd64-cygwin\jdk8u151\9699\hotspot\src\share\vm\prims\jni.cpp, line 735]
Event: 2095.959 Thread 0x000000000464d800 Exception <a 'java/net/SocketTimeoutException': connect timed out> (0x00000000d6f35b60) thrown at [C:\re\workspace\8-2-build-windows-amd64-cygwin\jdk8u151\9699\hotspot\src\share\vm\prims\jni.cpp, line 735]
Event: 2096.960 Thread 0x000000000464d800 Exception <a 'java/net/SocketTimeoutException': connect timed out> (0x00000000d6f36450) thrown at [C:\re\workspace\8-2-build-windows-amd64-cygwin\jdk8u151\9699\hotspot\src\share\vm\prims\jni.cpp, line 735]
Event: 2097.960 Thread 0x000000000464d800 Exception <a 'java/net/SocketTimeoutException': connect timed out> (0x00000000d6f36d40) thrown at [C:\re\workspace\8-2-build-windows-amd64-cygwin\jdk8u151\9699\hotspot\src\share\vm\prims\jni.cpp, line 735]
Event: 2098.960 Thread 0x000000000464d800 Exception <a 'java/net/SocketTimeoutException': connect timed out> (0x00000000d6f37630) thrown at [C:\re\workspace\8-2-build-windows-amd64-cygwin\jdk8u151\9699\hotspot\src\share\vm\prims\jni.cpp, line 735]
Event: 2099.960 Thread 0x000000000464d800 Exception <a 'java/net/SocketTimeoutException': connect timed out> (0x00000000d6f380d0) thrown at [C:\re\workspace\8-2-build-windows-amd64-cygwin\jdk8u151\9699\hotspot\src\share\vm\prims\jni.cpp, line 735]
Event: 2100.993 Thread 0x000000000464d800 Exception <a 'java/net/ConnectException': Connection refused: connect> (0x00000000d6f53490) thrown at [C:\re\workspace\8-2-build-windows-amd64-cygwin\jdk8u151\9699\hotspot\src\share\vm\prims\jni.cpp, line 735]
Event: 2102.008 Thread 0x000000000464d800 Exception <a 'java/net/ConnectException': Connection refused: connect> (0x00000000d6f53d80) thrown at [C:\re\workspace\8-2-build-windows-amd64-cygwin\jdk8u151\9699\hotspot\src\share\vm\prims\jni.cpp, line 735]

Events (10 events):
Event: 2085.098 Thread 0x000000001b8f1000 Thread exited: 0x000000001b8f1000
Event: 2085.098 Executing VM operation: RevokeBias
Event: 2085.098 Executing VM operation: RevokeBias done
Event: 2085.098 Thread 0x000000001b8f0000 Thread exited: 0x000000001b8f0000
Event: 2102.030 Thread 0x000000001b8eb000 Thread added: 0x000000001b8eb000
Event: 2102.030 Executing VM operation: RevokeBias
Event: 2102.031 Executing VM operation: RevokeBias done
Event: 2102.034 Thread 0x000000001b8f1800 Thread added: 0x000000001b8f1800
Event: 2102.034 Thread 0x000000001b8f0000 Thread added: 0x000000001b8f0000
Event: 2102.048 Executing VM operation: BulkRevokeBias


Dynamic libraries:
0x00007ff6bcf70000 - 0x00007ff6bcfa7000 	C:\Program Files\Java\jre1.8.0_151\bin\javaw.exe
0x00007ffd0ae60000 - 0x00007ffd0b040000 	C:\WINDOWS\SYSTEM32\ntdll.dll
0x00007ffd08d20000 - 0x00007ffd08dce000 	C:\WINDOWS\System32\KERNEL32.DLL
0x00007ffd07e50000 - 0x00007ffd080b6000 	C:\WINDOWS\System32\KERNELBASE.dll
0x00007ffd088d0000 - 0x00007ffd08971000 	C:\WINDOWS\System32\ADVAPI32.dll
0x00007ffd08f40000 - 0x00007ffd08fdd000 	C:\WINDOWS\System32\msvcrt.dll
0x00007ffd08340000 - 0x00007ffd0839b000 	C:\WINDOWS\System32\sechost.dll
0x00007ffd09830000 - 0x00007ffd0994f000 	C:\WINDOWS\System32\RPCRT4.dll
0x00007ffd09330000 - 0x00007ffd094bf000 	C:\WINDOWS\System32\USER32.dll
0x00007ffd080c0000 - 0x00007ffd080e0000 	C:\WINDOWS\System32\win32u.dll
0x00007ffd0ae00000 - 0x00007ffd0ae28000 	C:\WINDOWS\System32\GDI32.dll
0x00007ffd07ae0000 - 0x00007ffd07c74000 	C:\WINDOWS\System32\gdi32full.dll
0x00007ffd08290000 - 0x00007ffd0832b000 	C:\WINDOWS\System32\msvcp_win.dll
0x00007ffd080e0000 - 0x00007ffd081d6000 	C:\WINDOWS\System32\ucrtbase.dll
0x00007ffcf67f0000 - 0x00007ffcf6a59000 	C:\WINDOWS\WinSxS\amd64_microsoft.windows.common-controls_6595b64144ccf1df_6.0.16299.64_none_cc9304e22215ca8f\COMCTL32.dll
0x00007ffd089b0000 - 0x00007ffd08cb8000 	C:\WINDOWS\System32\combase.dll
0x00007ffd07a60000 - 0x00007ffd07ad2000 	C:\WINDOWS\System32\bcryptPrimitives.dll
0x00007ffd094c0000 - 0x00007ffd094ed000 	C:\WINDOWS\System32\IMM32.DLL
0x000000006b7d0000 - 0x000000006b8a2000 	C:\Program Files\Java\jre1.8.0_151\bin\msvcr100.dll
0x000000006b9a0000 - 0x000000006c23d000 	C:\Program Files\Java\jre1.8.0_151\bin\server\jvm.dll
0x00007ffd094f0000 - 0x00007ffd094f8000 	C:\WINDOWS\System32\PSAPI.DLL
0x00007ffcfa630000 - 0x00007ffcfa63a000 	C:\WINDOWS\SYSTEM32\VERSION.dll
0x00007ffcf5f30000 - 0x00007ffcf5f39000 	C:\WINDOWS\SYSTEM32\WSOCK32.dll
0x00007ffd0ad90000 - 0x00007ffd0adfc000 	C:\WINDOWS\System32\WS2_32.dll
0x00007ffd03ac0000 - 0x00007ffd03ae3000 	C:\WINDOWS\SYSTEM32\WINMM.dll
0x00007ffd03a60000 - 0x00007ffd03a8a000 	C:\WINDOWS\SYSTEM32\winmmbase.dll
0x00007ffd081e0000 - 0x00007ffd0822a000 	C:\WINDOWS\System32\cfgmgr32.dll
0x000000006b990000 - 0x000000006b99f000 	C:\Program Files\Java\jre1.8.0_151\bin\verify.dll
0x000000006b960000 - 0x000000006b989000 	C:\Program Files\Java\jre1.8.0_151\bin\java.dll
0x000000006b940000 - 0x000000006b956000 	C:\Program Files\Java\jre1.8.0_151\bin\zip.dll
0x00007ffd09950000 - 0x00007ffd0ad87000 	C:\WINDOWS\System32\SHELL32.dll
0x00007ffd096b0000 - 0x00007ffd09756000 	C:\WINDOWS\System32\shcore.dll
0x00007ffd07310000 - 0x00007ffd07a57000 	C:\WINDOWS\System32\windows.storage.dll
0x00007ffd08cc0000 - 0x00007ffd08d11000 	C:\WINDOWS\System32\shlwapi.dll
0x00007ffd07220000 - 0x00007ffd07231000 	C:\WINDOWS\System32\kernel.appcore.dll
0x00007ffd071d0000 - 0x00007ffd0721c000 	C:\WINDOWS\System32\powrprof.dll
0x00007ffd071b0000 - 0x00007ffd071cb000 	C:\WINDOWS\System32\profapi.dll
0x000000006b920000 - 0x000000006b93a000 	C:\Program Files\Java\jre1.8.0_151\bin\net.dll
0x00007ffd069e0000 - 0x00007ffd06a46000 	C:\WINDOWS\system32\mswsock.dll
0x00007ffd067b0000 - 0x00007ffd06866000 	C:\WINDOWS\SYSTEM32\DNSAPI.dll
0x00007ffd08330000 - 0x00007ffd08338000 	C:\WINDOWS\System32\NSI.dll
0x00007ffd06770000 - 0x00007ffd067a9000 	C:\WINDOWS\SYSTEM32\IPHLPAPI.DLL
0x000000006cb20000 - 0x000000006cb46000 	C:\Program Files\Bonjour\mdnsNSP.dll
0x00007ffcfbcc0000 - 0x00007ffcfbcca000 	C:\Windows\System32\rasadhlp.dll
0x00007ffcfc720000 - 0x00007ffcfc790000 	C:\WINDOWS\System32\fwpuclnt.dll
0x00007ffd06cb0000 - 0x00007ffd06cd5000 	C:\WINDOWS\SYSTEM32\bcrypt.dll
0x000000006b8d0000 - 0x000000006b8f4000 	C:\Program Files\Java\jre1.8.0_151\bin\sunec.dll
0x00007ffcfc650000 - 0x00007ffcfc666000 	C:\WINDOWS\SYSTEM32\dhcpcsvc6.DLL
0x00007ffcfc630000 - 0x00007ffcfc64a000 	C:\WINDOWS\SYSTEM32\dhcpcsvc.DLL
0x000000006b900000 - 0x000000006b911000 	C:\Program Files\Java\jre1.8.0_151\bin\nio.dll
0x00007ffd06ba0000 - 0x00007ffd06bb7000 	C:\WINDOWS\SYSTEM32\CRYPTSP.dll
0x00007ffd065f0000 - 0x00007ffd06623000 	C:\WINDOWS\system32\rsaenh.dll
0x00007ffd070e0000 - 0x00007ffd07109000 	C:\WINDOWS\SYSTEM32\USERENV.dll
0x00007ffd06bc0000 - 0x00007ffd06bcb000 	C:\WINDOWS\SYSTEM32\CRYPTBASE.dll
0x00007ffcfafb0000 - 0x00007ffcfafc6000 	C:\WINDOWS\system32\napinsp.dll
0x00007ffcfafd0000 - 0x00007ffcfafea000 	C:\WINDOWS\system32\pnrpnsp.dll
0x00007ffd03830000 - 0x00007ffd03848000 	C:\WINDOWS\system32\NLAapi.dll
0x00007ffd03990000 - 0x00007ffd0399e000 	C:\WINDOWS\System32\winrnr.dll
0x00007ffce8530000 - 0x00007ffce8545000 	C:\WINDOWS\System32\wshbth.dll
0x000000006b630000 - 0x000000006b7c8000 	C:\Program Files\Java\jre1.8.0_151\bin\awt.dll
0x00007ffd09760000 - 0x00007ffd09825000 	C:\WINDOWS\System32\OLEAUT32.dll
0x00007ffd04ea0000 - 0x00007ffd04f27000 	C:\WINDOWS\SYSTEM32\apphelp.dll
0x00007ffd05580000 - 0x00007ffd055aa000 	C:\WINDOWS\system32\DWMAPI.DLL
0x00007ffd05490000 - 0x00007ffd05525000 	C:\WINDOWS\system32\uxtheme.dll
0x00007ffcdfd60000 - 0x00007ffcdfe7e000 	C:\WINDOWS\system32\opengl32.dll
0x00007ffce0590000 - 0x00007ffce05bc000 	C:\WINDOWS\SYSTEM32\GLU32.dll
0x00007ffd08dd0000 - 0x00007ffd08f37000 	C:\WINDOWS\System32\MSCTF.dll
0x00007ffce7610000 - 0x00007ffce76b9000 	C:\Program Files\Common Files\microsoft shared\ink\tiptsf.dll
0x00007ffd091e0000 - 0x00007ffd09329000 	C:\WINDOWS\System32\ole32.dll

VM Arguments:
jvm_args: -Dfile.encoding=Cp1252 
java_command: com.app.example.DownloadWiely
java_class_path (initial): C:\Program Files\Java\jre1.8.0_151\lib\resources.jar;C:\Program Files\Java\jre1.8.0_151\lib\rt.jar;C:\Program Files\Java\jre1.8.0_151\lib\jsse.jar;C:\Program Files\Java\jre1.8.0_151\lib\jce.jar;C:\Program Files\Java\jre1.8.0_151\lib\charsets.jar;C:\Program Files\Java\jre1.8.0_151\lib\jfr.jar;C:\Program Files\Java\jre1.8.0_151\lib\ext\access-bridge-64.jar;C:\Program Files\Java\jre1.8.0_151\lib\ext\cldrdata.jar;C:\Program Files\Java\jre1.8.0_151\lib\ext\dnsns.jar;C:\Program Files\Java\jre1.8.0_151\lib\ext\dns_sd.jar;C:\Program Files\Java\jre1.8.0_151\lib\ext\jaccess.jar;C:\Program Files\Java\jre1.8.0_151\lib\ext\jfxrt.jar;C:\Program Files\Java\jre1.8.0_151\lib\ext\localedata.jar;C:\Program Files\Java\jre1.8.0_151\lib\ext\nashorn.jar;C:\Program Files\Java\jre1.8.0_151\lib\ext\sunec.jar;C:\Program Files\Java\jre1.8.0_151\lib\ext\sunjce_provider.jar;C:\Program Files\Java\jre1.8.0_151\lib\ext\sunmscapi.jar;C:\Program Files\Java\jre1.8.0_151\lib\ext\sunpkcs11.jar;C:\Program Files\Java\jre1.8.0_151\lib\ext\zipfs.jar;C:\Users\falko\eclipse-workspace\downloapaper\bin;C:\Users\falko\eclipse-workspace\downloapaper\lib\selenium-server-standalone-3.6.0.jar
Launcher Type: SUN_STANDARD

Environment Variables:
PATH=C:/Program Files/Java/jre1.8.0_151/bin/server;C:/Program Files/Java/jre1.8.0_151/bin;C:/Program Files/Java/jre1.8.0_151/lib/amd64;C:\ProgramData\Oracle\Java\javapath;C:\WINDOWS\system32;C:\WINDOWS;C:\WINDOWS\System32\Wbem;C:\WINDOWS\System32\WindowsPowerShell\v1.0\;C:\Program Files (x86)\Common Files\Acronis\VirtualFile\;C:\Program Files (x86)\Common Files\Acronis\VirtualFile64\;C:\Program Files (x86)\Common Files\Acronis\SnapAPI\;C:\Program Files (x86)\Skype\Phone\;C:\Program Files\Microsoft SQL Server\130\Tools\Binn\;C:\Program Files\dotnet\;C:\Program Files\MiKTeX 2.9\miktex\bin\x64\;C:\Users\falko\AppData\Local\Microsoft\WindowsApps;C:\Users\falko\AppData\Local\GitHubDesktop\bin;%USERPROFILE%\AppData\Local\Microsoft\WindowsApps;;C:\WINDOWS\system32;
USERNAME=falko
OS=Windows_NT
PROCESSOR_IDENTIFIER=Intel64 Family 6 Model 142 Stepping 9, GenuineIntel



---------------  S Y S T E M  ---------------

OS: Windows 10.0 , 64 bit Build 16299 (10.0.16299.15)

CPU:total 4 (initial active 4) (2 cores per cpu, 2 threads per core) family 6 model 142 stepping 9, cmov, cx8, fxsr, mmx, sse, sse2, sse3, ssse3, sse4.1, sse4.2, popcnt, avx, avx2, aes, clmul, erms, 3dnowpref, lzcnt, ht, tsc, tscinvbit, bmi1, bmi2, adx

Memory: 4k page, physical 8193548k(738680k free), swap 33359372k(192k free)

vm_info: Java HotSpot(TM) 64-Bit Server VM (25.151-b12) for windows-amd64 JRE (1.8.0_151-b12), built on Sep  5 2017 19:33:46 by "java_re" with MS VC++ 10.0 (VS2010)

time: Wed Dec 06 01:39:57 2017
elapsed time: 2102 seconds (0d 0h 35m 2s)

