#
# There is insufficient memory for the Java Runtime Environment to continue.
# Native memory allocation (malloc) failed to allocate 32744 bytes for ChunkPool::allocate
# Possible reasons:
#   The system is out of physical RAM or swap space
#   In 32 bit mode, the process size limit was hit
# Possible solutions:
#   Reduce memory load on the system
#   Increase physical memory or swap space
#   Check if swap backing store is full
#   Use 64 bit Java on a 64 bit OS
#   Decrease Java heap size (-Xmx/-Xms)
#   Decrease number of Java threads
#   Decrease Java thread stack sizes (-Xss)
#   Set larger code cache with -XX:ReservedCodeCacheSize=
# This output file may be truncated or incomplete.
#
#  Out of Memory Error (allocation.cpp:273), pid=10524, tid=0x000000000000df68
#
# JRE version: Java(TM) SE Runtime Environment (8.0_151-b12) (build 1.8.0_151-b12)
# Java VM: Java HotSpot(TM) 64-Bit Server VM (25.151-b12 mixed mode windows-amd64 compressed oops)
# Failed to write core dump. Minidumps are not enabled by default on client versions of Windows
#

---------------  T H R E A D  ---------------

Current thread (0x0000000019881800):  JavaThread "C1 CompilerThread2" daemon [_thread_in_native, id=57192, stack(0x000000001b1f0000,0x000000001b2f0000)]

Stack: [0x000000001b1f0000,0x000000001b2f0000]
[error occurred during error reporting (printing stack bounds), id 0xc0000005]

Native frames: (J=compiled Java code, j=interpreted, Vv=VM code, C=native code)


Current CompileTask:
C1: 182447 1709   !   3       java.net.URI::encode (142 bytes)


---------------  P R O C E S S  ---------------

Java Threads: ( => current thread )
  0x000000001ba32000 JavaThread "Exec Stream Pumper" daemon [_thread_in_native, id=44724, stack(0x0000000020350000,0x0000000020450000)]
  0x000000001ba33000 JavaThread "Exec Stream Pumper" daemon [_thread_in_native, id=46224, stack(0x0000000020250000,0x0000000020350000)]
  0x000000001ba34800 JavaThread "Exec Default Executor" daemon [_thread_in_native, id=39476, stack(0x0000000020150000,0x0000000020250000)]
  0x000000001ba27000 JavaThread "Exec Stream Pumper" daemon [_thread_in_native, id=13784, stack(0x0000000020050000,0x0000000020150000)]
  0x000000001ba2a800 JavaThread "Exec Stream Pumper" daemon [_thread_in_native, id=56368, stack(0x000000001ff50000,0x0000000020050000)]
  0x000000001ba2d000 JavaThread "Exec Default Executor" daemon [_thread_in_native, id=41136, stack(0x000000001fe50000,0x000000001ff50000)]
  0x000000001ba2a000 JavaThread "Exec Stream Pumper" daemon [_thread_in_native, id=56952, stack(0x000000001fd50000,0x000000001fe50000)]
  0x000000001ba29000 JavaThread "Exec Stream Pumper" daemon [_thread_in_native, id=51684, stack(0x000000001fc50000,0x000000001fd50000)]
  0x000000001ba28800 JavaThread "Exec Default Executor" daemon [_thread_in_native, id=6344, stack(0x000000001fb50000,0x000000001fc50000)]
  0x000000001ba2b800 JavaThread "Exec Stream Pumper" daemon [_thread_in_native, id=34408, stack(0x000000001ea80000,0x000000001eb80000)]
  0x000000001ba2d800 JavaThread "Exec Stream Pumper" daemon [_thread_in_native, id=56648, stack(0x000000001e980000,0x000000001ea80000)]
  0x000000001ba27800 JavaThread "Exec Default Executor" daemon [_thread_in_native, id=35212, stack(0x000000001e880000,0x000000001e980000)]
  0x000000001ba2c000 JavaThread "AWT-Windows" daemon [_thread_in_native, id=37368, stack(0x000000001e6b0000,0x000000001e7b0000)]
  0x000000001b5c2800 JavaThread "Java2D Disposer" daemon [_thread_blocked, id=56676, stack(0x000000001e400000,0x000000001e500000)]
  0x000000001b5c8000 JavaThread "Exec Stream Pumper" daemon [_thread_in_native, id=10312, stack(0x000000001dc30000,0x000000001dd30000)]
  0x000000001b5c5000 JavaThread "Exec Stream Pumper" daemon [_thread_in_native, id=56520, stack(0x000000001db30000,0x000000001dc30000)]
  0x000000001b5c4000 JavaThread "Exec Default Executor" daemon [_thread_in_native, id=39664, stack(0x000000001da30000,0x000000001db30000)]
  0x000000001b5c6800 JavaThread "Exec Stream Pumper" daemon [_thread_in_native, id=39928, stack(0x000000001d930000,0x000000001da30000)]
  0x000000001b5c7000 JavaThread "Exec Stream Pumper" daemon [_thread_in_native, id=53240, stack(0x000000001d830000,0x000000001d930000)]
  0x000000001b5c3800 JavaThread "Exec Default Executor" daemon [_thread_in_native, id=33052, stack(0x000000001d730000,0x000000001d830000)]
  0x000000001b5c8800 JavaThread "Exec Stream Pumper" daemon [_thread_in_native, id=51544, stack(0x000000001d530000,0x000000001d630000)]
  0x000000001b5c5800 JavaThread "Exec Stream Pumper" daemon [_thread_in_native, id=53148, stack(0x000000001d430000,0x000000001d530000)]
  0x000000001be0f000 JavaThread "Exec Default Executor" daemon [_thread_in_native, id=45408, stack(0x000000001d330000,0x000000001d430000)]
  0x000000001b451800 JavaThread "Exec Stream Pumper" daemon [_thread_in_native, id=7096, stack(0x000000001d230000,0x000000001d330000)]
  0x000000001b450800 JavaThread "Exec Stream Pumper" daemon [_thread_in_native, id=47016, stack(0x000000001d130000,0x000000001d230000)]
  0x000000001b44d800 JavaThread "Exec Default Executor" daemon [_thread_in_native, id=15128, stack(0x000000001d030000,0x000000001d130000)]
  0x000000001b2f5000 JavaThread "Exec Stream Pumper" daemon [_thread_in_native, id=43332, stack(0x000000001cf30000,0x000000001d030000)]
  0x000000001b4b2000 JavaThread "Exec Stream Pumper" daemon [_thread_in_native, id=41276, stack(0x000000001ce30000,0x000000001cf30000)]
  0x000000001b4af000 JavaThread "Exec Default Executor" daemon [_thread_in_native, id=20680, stack(0x000000001cd30000,0x000000001ce30000)]
  0x000000001bd19000 JavaThread "Exec Stream Pumper" daemon [_thread_in_native, id=47796, stack(0x000000001ca30000,0x000000001cb30000)]
  0x000000001bd44800 JavaThread "Exec Stream Pumper" daemon [_thread_in_native, id=32792, stack(0x000000001c930000,0x000000001ca30000)]
  0x000000001bc51800 JavaThread "Exec Default Executor" daemon [_thread_in_native, id=53200, stack(0x000000001c730000,0x000000001c830000)]
  0x000000001b317000 JavaThread "Service Thread" daemon [_thread_blocked, id=55156, stack(0x000000001b6f0000,0x000000001b7f0000)]
=>0x0000000019881800 JavaThread "C1 CompilerThread2" daemon [_thread_in_native, id=57192, stack(0x000000001b1f0000,0x000000001b2f0000)]
  0x0000000019874800 JavaThread "C2 CompilerThread1" daemon [_thread_blocked, id=48324, stack(0x000000001b0f0000,0x000000001b1f0000)]
  0x000000001986d800 JavaThread "C2 CompilerThread0" daemon [_thread_blocked, id=54160, stack(0x000000001aff0000,0x000000001b0f0000)]
  0x000000001986b800 JavaThread "Attach Listener" daemon [_thread_blocked, id=55084, stack(0x000000001aef0000,0x000000001aff0000)]
  0x000000001986a000 JavaThread "Signal Dispatcher" daemon [_thread_blocked, id=54792, stack(0x000000001adf0000,0x000000001aef0000)]
  0x000000001985a800 JavaThread "Finalizer" daemon [_thread_blocked, id=39144, stack(0x000000001ab00000,0x000000001ac00000)]
  0x0000000004df0000 JavaThread "Reference Handler" daemon [_thread_blocked, id=7936, stack(0x000000001aa00000,0x000000001ab00000)]
  0x000000000328d800 JavaThread "Forwarding clickElement on session 6a09c484-351c-4fa0-9e8b-c5c87b87c4f9 to remote" [_thread_in_native, id=49584, stack(0x0000000004b30000,0x0000000004c30000)]

Other Threads:
  0x0000000019837800 VMThread [stack: 0x000000001a900000,0x000000001aa00000] [id=49036]
  0x000000001b341000 WatcherThread [stack: 0x000000001b7f0000,0x000000001b8f0000] [id=49280]

VM state:not at safepoint (normal execution)

VM Mutex/Monitor currently owned by a thread: None

Heap:
 PSYoungGen      total 37888K, used 29011K [0x00000000d6500000, 0x00000000d8f00000, 0x0000000100000000)
  eden space 32768K, 72% used [0x00000000d6500000,0x00000000d7c57890,0x00000000d8500000)
  from space 5120K, 99% used [0x00000000d8500000,0x00000000d89fd458,0x00000000d8a00000)
  to   space 5120K, 0% used [0x00000000d8a00000,0x00000000d8a00000,0x00000000d8f00000)
 ParOldGen       total 86016K, used 999K [0x0000000082e00000, 0x0000000088200000, 0x00000000d6500000)
  object space 86016K, 1% used [0x0000000082e00000,0x0000000082ef9d10,0x0000000088200000)
 Metaspace       used 14643K, capacity 15088K, committed 15360K, reserved 1064960K
  class space    used 1849K, capacity 2010K, committed 2048K, reserved 1048576K

Card table byte_map: [0x00000000141c0000,0x00000000145b0000] byte_map_base: 0x0000000013da9000

Marking Bits: (ParMarkBitMap*) 0x000000006c1bd850
 Begin Bits: [0x0000000014c50000, 0x0000000016b98000)
 End Bits:   [0x0000000016b98000, 0x0000000018ae0000)

Polling page: 0x0000000003290000

CodeCache: size=245760Kb used=5525Kb max_used=5525Kb free=240234Kb
 bounds [0x0000000004e00000, 0x0000000005370000, 0x0000000013e00000]
 total_blobs=2112 nmethods=1689 adapters=335
 compilation: enabled

Compilation events (10 events):
Event: 182.407 Thread 0x0000000019881800 nmethod 1705 0x0000000005368050 code [0x00000000053681e0, 0x0000000005368688]
Event: 182.407 Thread 0x0000000019881800 1704       3       com.google.common.collect.ImmutableMapEntry::<init> (12 bytes)
Event: 182.407 Thread 0x0000000019881800 nmethod 1704 0x0000000005368810 code [0x0000000005368980, 0x0000000005368c48]
Event: 182.407 Thread 0x0000000019881800 1706       3       com.google.common.base.CharMatcher::<init> (5 bytes)
Event: 182.407 Thread 0x0000000019881800 nmethod 1706 0x0000000005368dd0 code [0x0000000005368f20, 0x00000000053690d0]
Event: 182.407 Thread 0x0000000019881800 1707       3       com.google.common.collect.Maps$7::transformEntry (11 bytes)
Event: 182.408 Thread 0x0000000019881800 nmethod 1707 0x0000000005369190 code [0x0000000005369300, 0x0000000005369528]
Event: 182.408 Thread 0x0000000019881800 1708       1       java.net.Proxy::type (5 bytes)
Event: 182.408 Thread 0x0000000019881800 nmethod 1708 0x0000000005369610 code [0x0000000005369760, 0x0000000005369870]
Event: 182.408 Thread 0x0000000019881800 1709   !   3       java.net.URI::encode (142 bytes)

GC Heap History (2 events):
Event: 1.501 GC heap before
{Heap before GC invocations=1 (full 0):
 PSYoungGen      total 37888K, used 32768K [0x00000000d6500000, 0x00000000d8f00000, 0x0000000100000000)
  eden space 32768K, 100% used [0x00000000d6500000,0x00000000d8500000,0x00000000d8500000)
  from space 5120K, 0% used [0x00000000d8a00000,0x00000000d8a00000,0x00000000d8f00000)
  to   space 5120K, 0% used [0x00000000d8500000,0x00000000d8500000,0x00000000d8a00000)
 ParOldGen       total 86016K, used 0K [0x0000000082e00000, 0x0000000088200000, 0x00000000d6500000)
  object space 86016K, 0% used [0x0000000082e00000,0x0000000082e00000,0x0000000088200000)
 Metaspace       used 10854K, capacity 11140K, committed 11264K, reserved 1058816K
  class space    used 1382K, capacity 1516K, committed 1536K, reserved 1048576K
Event: 1.509 GC heap after
Heap after GC invocations=1 (full 0):
 PSYoungGen      total 37888K, used 5109K [0x00000000d6500000, 0x00000000d8f00000, 0x0000000100000000)
  eden space 32768K, 0% used [0x00000000d6500000,0x00000000d6500000,0x00000000d8500000)
  from space 5120K, 99% used [0x00000000d8500000,0x00000000d89fd458,0x00000000d8a00000)
  to   space 5120K, 0% used [0x00000000d8a00000,0x00000000d8a00000,0x00000000d8f00000)
 ParOldGen       total 86016K, used 999K [0x0000000082e00000, 0x0000000088200000, 0x00000000d6500000)
  object space 86016K, 1% used [0x0000000082e00000,0x0000000082ef9d10,0x0000000088200000)
 Metaspace       used 10854K, capacity 11140K, committed 11264K, reserved 1058816K
  class space    used 1382K, capacity 1516K, committed 1536K, reserved 1048576K
}

Deoptimization events (10 events):
Event: 0.862 Thread 0x000000001bc51800 Uncommon trap: reason=bimorphic action=maybe_recompile pc=0x0000000005107b70 method=java.util.HashMap.putVal(ILjava/lang/Object;Ljava/lang/Object;ZZ)Ljava/lang/Object; @ 152
Event: 0.862 Thread 0x000000001bc51800 Uncommon trap: reason=bimorphic action=maybe_recompile pc=0x0000000005107b70 method=java.util.HashMap.putVal(ILjava/lang/Object;Ljava/lang/Object;ZZ)Ljava/lang/Object; @ 152
Event: 1.386 Thread 0x000000000328d800 Uncommon trap: reason=unstable_if action=reinterpret pc=0x0000000005104a60 method=java.util.Arrays.equals([B[B)Z @ 2
Event: 1.499 Thread 0x000000000328d800 Uncommon trap: reason=class_check action=maybe_recompile pc=0x000000000506474c method=java.util.regex.Pattern$Curly.match(Ljava/util/regex/Matcher;ILjava/lang/CharSequence;)Z @ 19
Event: 1.501 Thread 0x000000000328d800 Uncommon trap: reason=class_check action=maybe_recompile pc=0x000000000506474c method=java.util.regex.Pattern$Curly.match(Ljava/util/regex/Matcher;ILjava/lang/CharSequence;)Z @ 19
Event: 1.510 Thread 0x000000000328d800 Uncommon trap: reason=class_check action=maybe_recompile pc=0x000000000506474c method=java.util.regex.Pattern$Curly.match(Ljava/util/regex/Matcher;ILjava/lang/CharSequence;)Z @ 19
Event: 1.511 Thread 0x000000000328d800 Uncommon trap: reason=unstable_if action=reinterpret pc=0x000000000513a818 method=java.util.concurrent.ConcurrentHashMap.addCount(JI)V @ 121
Event: 1.642 Thread 0x000000000328d800 Uncommon trap: reason=unstable_if action=reinterpret pc=0x000000000501f514 method=java.lang.CharacterDataLatin1.digit(II)I @ 82
Event: 1.644 Thread 0x000000000328d800 Uncommon trap: reason=unstable_if action=reinterpret pc=0x0000000005155c9c method=java.util.concurrent.ConcurrentHashMap.putVal(Ljava/lang/Object;Ljava/lang/Object;Z)Ljava/lang/Object; @ 206
Event: 7.712 Thread 0x000000000328d800 Uncommon trap: reason=class_check action=maybe_recompile pc=0x000000000506474c method=java.util.regex.Pattern$Curly.match(Ljava/util/regex/Matcher;ILjava/lang/CharSequence;)Z @ 19

Internal exceptions (10 events):
Event: 1.396 Thread 0x000000000328d800 Exception <a 'java/lang/NoSuchMethodError': java.lang.Object.lambda$or$2(Ljava/util/function/Predicate;Ljava/lang/Object;)Z> (0x00000000d81967c8) thrown at [C:\re\workspace\8-2-build-windows-amd64-cygwin\jdk8u151\9699\hotspot\src\share\vm\interpreter\link
Event: 1.403 Thread 0x000000000328d800 Exception <a 'java/lang/ArrayIndexOutOfBoundsException': 18> (0x00000000d81abf98) thrown at [C:\re\workspace\8-2-build-windows-amd64-cygwin\jdk8u151\9699\hotspot\src\share\vm\interpreter\interpreterRuntime.cpp, line 366]
Event: 1.404 Thread 0x000000000328d800 Exception <a 'java/lang/ArrayIndexOutOfBoundsException': 56> (0x00000000d81acf40) thrown at [C:\re\workspace\8-2-build-windows-amd64-cygwin\jdk8u151\9699\hotspot\src\share\vm\interpreter\interpreterRuntime.cpp, line 366]
Event: 1.405 Thread 0x000000000328d800 Exception <a 'java/lang/ArrayIndexOutOfBoundsException': 60> (0x00000000d81ae348) thrown at [C:\re\workspace\8-2-build-windows-amd64-cygwin\jdk8u151\9699\hotspot\src\share\vm\interpreter\interpreterRuntime.cpp, line 366]
Event: 1.406 Thread 0x000000000328d800 Exception <a 'java/lang/ArrayIndexOutOfBoundsException'> (0x00000000d81af210) thrown at [C:\re\workspace\8-2-build-windows-amd64-cygwin\jdk8u151\9699\hotspot\src\share\vm\runtime\sharedRuntime.cpp, line 605]
Event: 1.419 Thread 0x000000000328d800 Exception <a 'java/lang/ArrayIndexOutOfBoundsException'> (0x00000000d8243a40) thrown at [C:\re\workspace\8-2-build-windows-amd64-cygwin\jdk8u151\9699\hotspot\src\share\vm\runtime\sharedRuntime.cpp, line 605]
Event: 1.464 Thread 0x000000000328d800 Exception <a 'java/lang/ArrayIndexOutOfBoundsException'> (0x00000000d83d94e0) thrown at [C:\re\workspace\8-2-build-windows-amd64-cygwin\jdk8u151\9699\hotspot\src\share\vm\runtime\sharedRuntime.cpp, line 605]
Event: 1.464 Thread 0x000000000328d800 Exception <a 'java/lang/ArrayIndexOutOfBoundsException'> (0x00000000d83dac68) thrown at [C:\re\workspace\8-2-build-windows-amd64-cygwin\jdk8u151\9699\hotspot\src\share\vm\runtime\sharedRuntime.cpp, line 605]
Event: 47.154 Thread 0x000000000328d800 Exception <a 'java/io/FileNotFoundException'> (0x00000000d75698b8) thrown at [C:\re\workspace\8-2-build-windows-amd64-cygwin\jdk8u151\9699\hotspot\src\share\vm\prims\jni.cpp, line 709]
Event: 47.206 Thread 0x000000000328d800 Exception <a 'java/io/FileNotFoundException'> (0x00000000d75942b8) thrown at [C:\re\workspace\8-2-build-windows-amd64-cygwin\jdk8u151\9699\hotspot\src\share\vm\prims\jni.cpp, line 709]

Events (10 events):
Event: 72.216 Thread 0x0000000019881800 flushing nmethod 0x0000000004fab010
Event: 175.218 Thread 0x000000001ba34800 Thread added: 0x000000001ba34800
Event: 175.219 Executing VM operation: RevokeBias
Event: 175.219 Executing VM operation: RevokeBias done
Event: 175.221 Thread 0x000000001ba33000 Thread added: 0x000000001ba33000
Event: 175.222 Thread 0x000000001ba32000 Thread added: 0x000000001ba32000
Event: 176.715 Executing VM operation: RevokeBias
Event: 176.716 Executing VM operation: RevokeBias done
Event: 182.408 Executing VM operation: CollectForMetadataAllocation
Event: 182.409 Executing VM operation: CollectForMetadataAllocation done


Dynamic libraries:
0x00007ff69adb0000 - 0x00007ff69ade7000 	C:\Program Files\Java\jre1.8.0_151\bin\javaw.exe
0x00007ffd0ae60000 - 0x00007ffd0b040000 	C:\WINDOWS\SYSTEM32\ntdll.dll
0x00007ffd08d20000 - 0x00007ffd08dce000 	C:\WINDOWS\System32\KERNEL32.DLL
0x00007ffd07e50000 - 0x00007ffd080b6000 	C:\WINDOWS\System32\KERNELBASE.dll
0x00007ffd088d0000 - 0x00007ffd08971000 	C:\WINDOWS\System32\ADVAPI32.dll
0x00007ffd08f40000 - 0x00007ffd08fdd000 	C:\WINDOWS\System32\msvcrt.dll
0x00007ffd08340000 - 0x00007ffd0839b000 	C:\WINDOWS\System32\sechost.dll
0x00007ffd09830000 - 0x00007ffd0994f000 	C:\WINDOWS\System32\RPCRT4.dll
0x00007ffd09330000 - 0x00007ffd094bf000 	C:\WINDOWS\System32\USER32.dll
0x00007ffd080c0000 - 0x00007ffd080e0000 	C:\WINDOWS\System32\win32u.dll
0x00007ffd0ae00000 - 0x00007ffd0ae28000 	C:\WINDOWS\System32\GDI32.dll
0x00007ffd07ae0000 - 0x00007ffd07c74000 	C:\WINDOWS\System32\gdi32full.dll
0x00007ffd08290000 - 0x00007ffd0832b000 	C:\WINDOWS\System32\msvcp_win.dll
0x00007ffd080e0000 - 0x00007ffd081d6000 	C:\WINDOWS\System32\ucrtbase.dll
0x00007ffcf67f0000 - 0x00007ffcf6a59000 	C:\WINDOWS\WinSxS\amd64_microsoft.windows.common-controls_6595b64144ccf1df_6.0.16299.64_none_cc9304e22215ca8f\COMCTL32.dll
0x00007ffd089b0000 - 0x00007ffd08cb8000 	C:\WINDOWS\System32\combase.dll
0x00007ffd07a60000 - 0x00007ffd07ad2000 	C:\WINDOWS\System32\bcryptPrimitives.dll
0x00007ffd094c0000 - 0x00007ffd094ed000 	C:\WINDOWS\System32\IMM32.DLL
0x000000006c730000 - 0x000000006c802000 	C:\Program Files\Java\jre1.8.0_151\bin\msvcr100.dll
0x000000006b9a0000 - 0x000000006c23d000 	C:\Program Files\Java\jre1.8.0_151\bin\server\jvm.dll
0x00007ffd094f0000 - 0x00007ffd094f8000 	C:\WINDOWS\System32\PSAPI.DLL
0x00007ffcf5f30000 - 0x00007ffcf5f39000 	C:\WINDOWS\SYSTEM32\WSOCK32.dll
0x00007ffd0ad90000 - 0x00007ffd0adfc000 	C:\WINDOWS\System32\WS2_32.dll
0x00007ffd03ac0000 - 0x00007ffd03ae3000 	C:\WINDOWS\SYSTEM32\WINMM.dll
0x00007ffcfa630000 - 0x00007ffcfa63a000 	C:\WINDOWS\SYSTEM32\VERSION.dll
0x00007ffd03a60000 - 0x00007ffd03a8a000 	C:\WINDOWS\SYSTEM32\WINMMBASE.dll
0x00007ffd081e0000 - 0x00007ffd0822a000 	C:\WINDOWS\System32\cfgmgr32.dll
0x000000006b990000 - 0x000000006b99f000 	C:\Program Files\Java\jre1.8.0_151\bin\verify.dll
0x000000006b960000 - 0x000000006b989000 	C:\Program Files\Java\jre1.8.0_151\bin\java.dll
0x000000006b940000 - 0x000000006b956000 	C:\Program Files\Java\jre1.8.0_151\bin\zip.dll
0x00007ffd09950000 - 0x00007ffd0ad87000 	C:\WINDOWS\System32\SHELL32.dll
0x00007ffd096b0000 - 0x00007ffd09756000 	C:\WINDOWS\System32\shcore.dll
0x00007ffd07310000 - 0x00007ffd07a57000 	C:\WINDOWS\System32\windows.storage.dll
0x00007ffd08cc0000 - 0x00007ffd08d11000 	C:\WINDOWS\System32\shlwapi.dll
0x00007ffd07220000 - 0x00007ffd07231000 	C:\WINDOWS\System32\kernel.appcore.dll
0x00007ffd071d0000 - 0x00007ffd0721c000 	C:\WINDOWS\System32\powrprof.dll
0x00007ffd071b0000 - 0x00007ffd071cb000 	C:\WINDOWS\System32\profapi.dll
0x000000006b920000 - 0x000000006b93a000 	C:\Program Files\Java\jre1.8.0_151\bin\net.dll
0x00007ffd069e0000 - 0x00007ffd06a46000 	C:\WINDOWS\system32\mswsock.dll
0x00007ffd067b0000 - 0x00007ffd06866000 	C:\WINDOWS\SYSTEM32\DNSAPI.dll
0x00007ffd08330000 - 0x00007ffd08338000 	C:\WINDOWS\System32\NSI.dll
0x00007ffd06770000 - 0x00007ffd067a9000 	C:\WINDOWS\SYSTEM32\IPHLPAPI.DLL
0x000000006cb20000 - 0x000000006cb46000 	C:\Program Files\Bonjour\mdnsNSP.dll
0x00007ffcfbcc0000 - 0x00007ffcfbcca000 	C:\Windows\System32\rasadhlp.dll
0x00007ffcfc720000 - 0x00007ffcfc790000 	C:\WINDOWS\System32\fwpuclnt.dll
0x00007ffd06cb0000 - 0x00007ffd06cd5000 	C:\WINDOWS\SYSTEM32\bcrypt.dll
0x000000006b8d0000 - 0x000000006b8f4000 	C:\Program Files\Java\jre1.8.0_151\bin\sunec.dll
0x00007ffcfc650000 - 0x00007ffcfc666000 	C:\WINDOWS\SYSTEM32\dhcpcsvc6.DLL
0x00007ffcfc630000 - 0x00007ffcfc64a000 	C:\WINDOWS\SYSTEM32\dhcpcsvc.DLL
0x000000006b900000 - 0x000000006b911000 	C:\Program Files\Java\jre1.8.0_151\bin\nio.dll
0x00007ffd06ba0000 - 0x00007ffd06bb7000 	C:\WINDOWS\SYSTEM32\CRYPTSP.dll
0x00007ffd065f0000 - 0x00007ffd06623000 	C:\WINDOWS\system32\rsaenh.dll
0x00007ffd070e0000 - 0x00007ffd07109000 	C:\WINDOWS\SYSTEM32\USERENV.dll
0x00007ffd06bc0000 - 0x00007ffd06bcb000 	C:\WINDOWS\SYSTEM32\CRYPTBASE.dll
0x00007ffcfafb0000 - 0x00007ffcfafc6000 	C:\WINDOWS\system32\napinsp.dll
0x00007ffcfafd0000 - 0x00007ffcfafea000 	C:\WINDOWS\system32\pnrpnsp.dll
0x00007ffd03830000 - 0x00007ffd03848000 	C:\WINDOWS\system32\NLAapi.dll
0x00007ffd03990000 - 0x00007ffd0399e000 	C:\WINDOWS\System32\winrnr.dll
0x00007ffce8530000 - 0x00007ffce8545000 	C:\WINDOWS\System32\wshbth.dll
0x000000006c590000 - 0x000000006c728000 	C:\Program Files\Java\jre1.8.0_151\bin\awt.dll
0x00007ffd09760000 - 0x00007ffd09825000 	C:\WINDOWS\System32\OLEAUT32.dll
0x00007ffd04ea0000 - 0x00007ffd04f27000 	C:\WINDOWS\SYSTEM32\apphelp.dll
0x00007ffd05580000 - 0x00007ffd055aa000 	C:\WINDOWS\system32\DWMAPI.DLL
0x00007ffd05490000 - 0x00007ffd05525000 	C:\WINDOWS\system32\uxtheme.dll
0x00007ffcdfd60000 - 0x00007ffcdfe7e000 	C:\WINDOWS\system32\opengl32.dll
0x00007ffce0590000 - 0x00007ffce05bc000 	C:\WINDOWS\SYSTEM32\GLU32.dll
0x00007ffd08dd0000 - 0x00007ffd08f37000 	C:\WINDOWS\System32\MSCTF.dll
0x00007ffce7610000 - 0x00007ffce76b9000 	C:\Program Files\Common Files\microsoft shared\ink\tiptsf.dll
0x00007ffd091e0000 - 0x00007ffd09329000 	C:\WINDOWS\System32\ole32.dll

VM Arguments:
jvm_args: -Dfile.encoding=Cp1252 
java_command: com.app.example.DownloadWiely
java_class_path (initial): C:\Program Files\Java\jre1.8.0_151\lib\resources.jar;C:\Program Files\Java\jre1.8.0_151\lib\rt.jar;C:\Program Files\Java\jre1.8.0_151\lib\jsse.jar;C:\Program Files\Java\jre1.8.0_151\lib\jce.jar;C:\Program Files\Java\jre1.8.0_151\lib\charsets.jar;C:\Program Files\Java\jre1.8.0_151\lib\jfr.jar;C:\Program Files\Java\jre1.8.0_151\lib\ext\access-bridge-64.jar;C:\Program Files\Java\jre1.8.0_151\lib\ext\cldrdata.jar;C:\Program Files\Java\jre1.8.0_151\lib\ext\dnsns.jar;C:\Program Files\Java\jre1.8.0_151\lib\ext\dns_sd.jar;C:\Program Files\Java\jre1.8.0_151\lib\ext\jaccess.jar;C:\Program Files\Java\jre1.8.0_151\lib\ext\jfxrt.jar;C:\Program Files\Java\jre1.8.0_151\lib\ext\localedata.jar;C:\Program Files\Java\jre1.8.0_151\lib\ext\nashorn.jar;C:\Program Files\Java\jre1.8.0_151\lib\ext\sunec.jar;C:\Program Files\Java\jre1.8.0_151\lib\ext\sunjce_provider.jar;C:\Program Files\Java\jre1.8.0_151\lib\ext\sunmscapi.jar;C:\Program Files\Java\jre1.8.0_151\lib\ext\sunpkcs11.jar;C:\Program Files\Java\jre1.8.0_151\lib\ext\zipfs.jar;C:\Users\falko\eclipse-workspace\downloapaper\bin;C:\Users\falko\eclipse-workspace\downloapaper\lib\selenium-server-standalone-3.6.0.jar
Launcher Type: SUN_STANDARD

Environment Variables:
PATH=C:/Program Files/Java/jre1.8.0_151/bin/server;C:/Program Files/Java/jre1.8.0_151/bin;C:/Program Files/Java/jre1.8.0_151/lib/amd64;C:\ProgramData\Oracle\Java\javapath;C:\WINDOWS\system32;C:\WINDOWS;C:\WINDOWS\System32\Wbem;C:\WINDOWS\System32\WindowsPowerShell\v1.0\;C:\Program Files (x86)\Common Files\Acronis\VirtualFile\;C:\Program Files (x86)\Common Files\Acronis\VirtualFile64\;C:\Program Files (x86)\Common Files\Acronis\SnapAPI\;C:\Program Files (x86)\Skype\Phone\;C:\Program Files\Microsoft SQL Server\130\Tools\Binn\;C:\Program Files\dotnet\;C:\Program Files\MiKTeX 2.9\miktex\bin\x64\;C:\Users\falko\AppData\Local\Microsoft\WindowsApps;C:\Users\falko\AppData\Local\GitHubDesktop\bin;%USERPROFILE%\AppData\Local\Microsoft\WindowsApps;;C:\WINDOWS\system32;
USERNAME=falko
OS=Windows_NT
PROCESSOR_IDENTIFIER=Intel64 Family 6 Model 142 Stepping 9, GenuineIntel



---------------  S Y S T E M  ---------------

OS: Windows 10.0 , 64 bit Build 16299 (10.0.16299.15)

CPU:total 4 (initial active 4) (2 cores per cpu, 2 threads per core) family 6 model 142 stepping 9, cmov, cx8, fxsr, mmx, sse, sse2, sse3, ssse3, sse4.1, sse4.2, popcnt, avx, avx2, aes, clmul, erms, 3dnowpref, lzcnt, ht, tsc, tscinvbit, bmi1, bmi2, adx

Memory: 4k page, physical 8193548k(1893396k free), swap 33359372k(3092k free)

vm_info: Java HotSpot(TM) 64-Bit Server VM (25.151-b12) for windows-amd64 JRE (1.8.0_151-b12), built on Sep  5 2017 19:33:46 by "java_re" with MS VC++ 10.0 (VS2010)

time: Wed Dec 06 15:37:20 2017
elapsed time: 182 seconds (0d 0h 3m 2s)

